Time: 630.41s
4
572.78835485 -1465.24689605
0, 18, 19, 20, 22, 17, 14, 15, 16, 3, 2, 1, 6, 11, 13, 10, 12, 9, 8, 5, 4, 21, 7, 
V0 0 (2964.00 289.93 2561.76): 0 18 19 20 22 17 14 15 16 3 2 1 6 11 0
V1 0 (4350.00 67.94 368.73): 0 13 10 0
V2 1 (2875.00 214.92 1483.35): 0 12 9 8 5 4 21 7 0
V3 -1 (0.00 0.00 -0.00): 0 0
569.74610121 -1370.77869891
0, 6, 1, 2, 3, 16, 15, 14, 17, 22, 20, 19, 18, 13, 10, 7, 21, 4, 5, 8, 9, 11, 12, 
V0 0 (2739.00 283.96 2372.82): 0 6 1 2 3 16 15 14 17 22 20 19 18 0
V1 0 (4350.00 67.94 368.73): 0 13 10 0
V2 1 (3100.00 217.85 1675.32): 0 7 21 4 5 8 9 11 12 0
V3 -1 (0.00 0.00 -0.00): 0 0
568.56250107 -1318.02391600
0, 18, 19, 20, 22, 17, 14, 15, 16, 3, 2, 1, 6, 11, 12, 13, 10, 7, 9, 8, 5, 4, 21, 
V0 0 (3264.00 290.11 2731.31): 0 18 19 20 22 17 14 15 16 3 2 1 6 11 12 0
V1 0 (4350.00 67.94 368.73): 0 13 10 0
V2 1 (2575.00 210.52 1318.02): 0 7 9 8 5 4 21 0
V3 -1 (0.00 0.00 -0.00): 0 0
570.01374264 -1455.41892712
0, 10, 13, 18, 19, 20, 22, 17, 14, 15, 16, 3, 2, 1, 6, 12, 11, 9, 8, 5, 4, 21, 7, 
V0 0 (4350.00 67.94 368.73): 0 10 13 0
V1 0 (3039.00 284.41 2542.11): 0 18 19 20 22 17 14 15 16 3 2 1 6 12 0
V2 1 (2800.00 217.67 1505.78): 0 11 9 8 5 4 21 7 0
V3 -1 (0.00 0.00 -0.00): 0 0
---------------------

568.56250107 -1318.02391600
0, 18, 19, 20, 22, 17, 14, 15, 16, 3, 2, 1, 6, 11, 12, 13, 10, 7, 9, 8, 5, 4, 21, 
V0 0 (3264.00 290.11 2731.31): 0 18 19 20 22 17 14 15 16 3 2 1 6 11 12 0
V1 0 (4350.00 67.94 368.73): 0 13 10 0
V2 1 (2575.00 210.52 1318.02): 0 7 9 8 5 4 21 0
V3 -1 (0.00 0.00 -0.00): 0 0
568.56250107 -843.37819783
0, 13, 10, 7, 9, 8, 5, 4, 21, 12, 11, 6, 1, 2, 3, 16, 15, 14, 17, 22, 20, 19, 18, 
V0 0 (4350.00 67.94 368.73): 0 13 10 0
V1 0 (2575.00 210.52 1318.02): 0 7 9 8 5 4 21 0
V2 1 (3264.00 290.11 2731.31): 0 12 11 6 1 2 3 16 15 14 17 22 20 19 18 0
V3 -1 (0.00 0.00 -0.00): 0 0
568.56250107 -368.73247966
0, 21, 4, 5, 8, 9, 7, 18, 19, 20, 22, 17, 14, 15, 16, 3, 2, 1, 6, 11, 12, 13, 10, 
V0 0 (2575.00 210.52 1318.02): 0 21 4 5 8 9 7 0
V1 0 (3264.00 290.11 2731.31): 0 18 19 20 22 17 14 15 16 3 2 1 6 11 12 0
V2 1 (4350.00 67.94 368.73): 0 13 10 0
V3 -1 (0.00 0.00 -0.00): 0 0
569.74610121 -368.73247966
0, 18, 19, 20, 22, 17, 14, 15, 16, 3, 2, 1, 6, 12, 11, 9, 8, 5, 4, 21, 7, 13, 10, 
V0 0 (2739.00 283.96 2372.82): 0 18 19 20 22 17 14 15 16 3 2 1 6 0
V1 0 (3100.00 217.85 1675.32): 0 12 11 9 8 5 4 21 7 0
V2 1 (4350.00 67.94 368.73): 0 13 10 0
V3 -1 (0.00 0.00 -0.00): 0 0
569.74610121 -1370.77869891
0, 6, 1, 2, 3, 16, 15, 14, 17, 22, 20, 19, 18, 13, 10, 7, 21, 4, 5, 8, 9, 11, 12, 
V0 0 (2739.00 283.96 2372.82): 0 6 1 2 3 16 15 14 17 22 20 19 18 0
V1 0 (4350.00 67.94 368.73): 0 13 10 0
V2 1 (3100.00 217.85 1675.32): 0 7 21 4 5 8 9 11 12 0
V3 -1 (0.00 0.00 -0.00): 0 0
569.74610121 -1022.02864383
0, 12, 11, 9, 8, 5, 4, 21, 7, 13, 10, 6, 1, 2, 3, 16, 15, 14, 17, 22, 20, 19, 18, 
V0 0 (3100.00 217.85 1675.32): 0 12 11 9 8 5 4 21 7 0
V1 0 (4350.00 67.94 368.73): 0 13 10 0
V2 1 (2739.00 283.96 2372.82): 0 6 1 2 3 16 15 14 17 22 20 19 18 0
V3 -1 (0.00 0.00 -0.00): 0 0
569.88463423 -1263.77368006
0, 18, 19, 20, 22, 17, 14, 15, 16, 3, 2, 1, 6, 10, 12, 11, 13, 9, 8, 5, 4, 21, 7, 
V0 0 (2739.00 283.96 2372.82): 0 18 19 20 22 17 14 15 16 3 2 1 6 0
V1 0 (4100.00 67.05 154.72): 0 10 0
V2 1 (3350.00 218.87 1889.20): 0 12 11 13 9 8 5 4 21 7 0
V3 -1 (0.00 0.00 -0.00): 0 0
569.88463423 -154.72244195
0, 18, 19, 20, 22, 17, 14, 15, 16, 3, 2, 1, 6, 12, 11, 13, 9, 8, 5, 4, 21, 7, 10, 
V0 0 (2739.00 283.96 2372.82): 0 18 19 20 22 17 14 15 16 3 2 1 6 0
V1 0 (3350.00 218.87 1889.20): 0 12 11 13 9 8 5 4 21 7 0
V2 1 (4100.00 67.05 154.72): 0 10 0
V3 -1 (0.00 0.00 -0.00): 0 0
569.88463423 -1021.95937732
0, 7, 21, 4, 5, 8, 9, 13, 11, 12, 10, 6, 1, 2, 3, 16, 15, 14, 17, 22, 20, 19, 18, 
V0 0 (3350.00 218.87 1889.20): 0 7 21 4 5 8 9 13 11 12 0
V1 0 (4100.00 67.05 154.72): 0 10 0
V2 1 (2739.00 283.96 2372.82): 0 6 1 2 3 16 15 14 17 22 20 19 18 0
V3 -1 (0.00 0.00 -0.00): 0 0
570.01374264 -1455.41892712
0, 10, 13, 18, 19, 20, 22, 17, 14, 15, 16, 3, 2, 1, 6, 12, 11, 9, 8, 5, 4, 21, 7, 
V0 0 (4350.00 67.94 368.73): 0 10 13 0
V1 0 (3039.00 284.41 2542.11): 0 18 19 20 22 17 14 15 16 3 2 1 6 12 0
V2 1 (2800.00 217.67 1505.78): 0 11 9 8 5 4 21 7 0
V3 -1 (0.00 0.00 -0.00): 0 0
570.01374264 -937.25459490
0, 10, 13, 11, 9, 8, 5, 4, 21, 7, 18, 19, 20, 22, 17, 14, 15, 16, 3, 2, 1, 6, 12, 
V0 0 (4350.00 67.94 368.73): 0 10 13 0
V1 0 (2800.00 217.67 1505.78): 0 11 9 8 5 4 21 7 0
V2 1 (3039.00 284.41 2542.11): 0 18 19 20 22 17 14 15 16 3 2 1 6 12 0
V3 -1 (0.00 0.00 -0.00): 0 0
570.01374264 -368.73247966
0, 7, 21, 4, 5, 8, 9, 11, 18, 19, 20, 22, 17, 14, 15, 16, 3, 2, 1, 6, 12, 10, 13, 
V0 0 (2800.00 217.67 1505.78): 0 7 21 4 5 8 9 11 0
V1 0 (3039.00 284.41 2542.11): 0 18 19 20 22 17 14 15 16 3 2 1 6 12 0
V2 1 (4350.00 67.94 368.73): 0 10 13 0
V3 -1 (0.00 0.00 -0.00): 0 0
570.15227566 -1348.41390827
0, 10, 12, 6, 1, 2, 3, 16, 15, 14, 17, 22, 20, 19, 18, 11, 13, 9, 8, 5, 4, 21, 7, 
V0 0 (4100.00 67.05 154.72): 0 10 0
V1 0 (3039.00 284.41 2542.11): 0 12 6 1 2 3 16 15 14 17 22 20 19 18 0
V2 1 (3050.00 218.69 1719.65): 0 11 13 9 8 5 4 21 7 0
V3 -1 (0.00 0.00 -0.00): 0 0
570.15227566 -937.18532839
0, 11, 13, 9, 8, 5, 4, 21, 7, 10, 12, 6, 1, 2, 3, 16, 15, 14, 17, 22, 20, 19, 18, 
V0 0 (3050.00 218.69 1719.65): 0 11 13 9 8 5 4 21 7 0
V1 0 (4100.00 67.05 154.72): 0 10 0
V2 1 (3039.00 284.41 2542.11): 0 12 6 1 2 3 16 15 14 17 22 20 19 18 0
V3 -1 (0.00 0.00 -0.00): 0 0
570.15227566 -154.72244195
0, 12, 6, 1, 2, 3, 16, 15, 14, 17, 22, 20, 19, 18, 11, 13, 9, 8, 5, 4, 21, 7, 10, 
V0 0 (3039.00 284.41 2542.11): 0 12 6 1 2 3 16 15 14 17 22 20 19 18 0
V1 0 (3050.00 218.69 1719.65): 0 11 13 9 8 5 4 21 7 0
V2 1 (4100.00 67.05 154.72): 0 10 0
V3 -1 (0.00 0.00 -0.00): 0 0
570.36239274 -842.47825200
0, 7, 9, 8, 4, 5, 21, 10, 13, 12, 11, 6, 1, 2, 3, 16, 15, 14, 17, 22, 20, 19, 18, 
V0 0 (2575.00 212.32 1316.22): 0 7 9 8 4 5 21 0
V1 0 (4350.00 67.94 368.73): 0 10 13 0
V2 1 (3264.00 290.11 2731.31): 0 12 11 6 1 2 3 16 15 14 17 22 20 19 18 0
V3 -1 (0.00 0.00 -0.00): 0 0
570.36239274 -368.73247966
0, 12, 11, 6, 1, 2, 3, 16, 15, 14, 17, 22, 20, 19, 18, 7, 9, 8, 4, 5, 21, 13, 10, 
V0 0 (3264.00 290.11 2731.31): 0 12 11 6 1 2 3 16 15 14 17 22 20 19 18 0
V1 0 (2575.00 212.32 1316.22): 0 7 9 8 4 5 21 0
V2 1 (4350.00 67.94 368.73): 0 13 10 0
V3 -1 (0.00 0.00 -0.00): 0 0
570.36239274 -1316.22402433
0, 18, 19, 20, 22, 17, 14, 15, 16, 3, 2, 1, 6, 11, 12, 13, 10, 21, 5, 4, 8, 9, 7, 
V0 0 (3264.00 290.11 2731.31): 0 18 19 20 22 17 14 15 16 3 2 1 6 11 12 0
V1 0 (4350.00 67.94 368.73): 0 13 10 0
V2 1 (2575.00 212.32 1316.22): 0 21 5 4 8 9 7 0
V3 -1 (0.00 0.00 -0.00): 0 0
570.56149517 -323.59367888
0, 18, 19, 20, 22, 17, 14, 15, 16, 3, 2, 1, 6, 11, 13, 9, 8, 5, 4, 21, 7, 12, 10, 
V0 0 (2739.00 283.96 2372.82): 0 18 19 20 22 17 14 15 16 3 2 1 6 0
V1 0 (3050.00 218.69 1719.65): 0 11 13 9 8 5 4 21 7 0
V2 1 (4400.00 67.91 323.59): 0 12 10 0
V3 -1 (0.00 0.00 -0.00): 0 0
570.56149517 -1348.20929852
0, 12, 10, 6, 1, 2, 3, 16, 15, 14, 17, 22, 20, 19, 18, 11, 13, 9, 8, 5, 4, 21, 7, 
V0 0 (4400.00 67.91 323.59): 0 12 10 0
V1 0 (2739.00 283.96 2372.82): 0 6 1 2 3 16 15 14 17 22 20 19 18 0
V2 1 (3050.00 218.69 1719.65): 0 11 13 9 8 5 4 21 7 0
V3 -1 (0.00 0.00 -0.00): 0 0
570.56149517 -1021.62094685
0, 10, 12, 7, 21, 4, 5, 8, 9, 13, 11, 6, 1, 2, 3, 16, 15, 14, 17, 22, 20, 19, 18, 
V0 0 (4400.00 67.91 323.59): 0 10 12 0
V1 0 (3050.00 218.69 1719.65): 0 7 21 4 5 8 9 13 11 0
V2 1 (2739.00 283.96 2372.82): 0 6 1 2 3 16 15 14 17 22 20 19 18 0
V3 -1 (0.00 0.00 -0.00): 0 0
570.88563408 -936.81864918
0, 10, 11, 7, 21, 4, 5, 8, 9, 13, 12, 6, 1, 2, 3, 16, 15, 14, 17, 22, 20, 19, 18, 
V0 0 (4325.00 69.00 347.68): 0 10 11 0
V1 0 (2825.00 217.48 1525.96): 0 7 21 4 5 8 9 13 0
V2 1 (3039.00 284.41 2542.11): 0 12 6 1 2 3 16 15 14 17 22 20 19 18 0
V3 -1 (0.00 0.00 -0.00): 0 0
570.88563408 -347.67731670
0, 18, 19, 20, 22, 17, 14, 15, 16, 3, 2, 1, 6, 12, 13, 9, 8, 5, 4, 21, 7, 11, 10, 
V0 0 (3039.00 284.41 2542.11): 0 18 19 20 22 17 14 15 16 3 2 1 6 12 0
V1 0 (2825.00 217.48 1525.96): 0 13 9 8 5 4 21 7 0
V2 1 (4325.00 69.00 347.68): 0 11 10 0
V3 -1 (0.00 0.00 -0.00): 0 0
570.88563408 -1444.89134565
0, 10, 11, 18, 19, 20, 22, 17, 14, 15, 16, 3, 2, 1, 6, 12, 7, 21, 4, 5, 8, 9, 13, 
V0 0 (4325.00 69.00 347.68): 0 10 11 0
V1 0 (3039.00 284.41 2542.11): 0 18 19 20 22 17 14 15 16 3 2 1 6 12 0
V2 1 (2825.00 217.48 1525.96): 0 7 21 4 5 8 9 13 0
V3 -1 (0.00 0.00 -0.00): 0 0
571.05370997 -347.67731670
0, 6, 1, 2, 3, 16, 15, 14, 17, 22, 20, 19, 18, 12, 13, 9, 8, 5, 4, 21, 7, 10, 11, 
V0 0 (2739.00 283.96 2372.82): 0 6 1 2 3 16 15 14 17 22 20 19 18 0
V1 0 (3125.00 218.09 1695.07): 0 12 13 9 8 5 4 21 7 0
V2 1 (4325.00 69.00 347.68): 0 10 11 0
V3 -1 (0.00 0.00 -0.00): 0 0
571.05370997 -1360.25111743
0, 6, 1, 2, 3, 16, 15, 14, 17, 22, 20, 19, 18, 11, 10, 7, 21, 4, 5, 8, 9, 13, 12, 
V0 0 (2739.00 283.96 2372.82): 0 6 1 2 3 16 15 14 17 22 20 19 18 0
V1 0 (4325.00 69.00 347.68): 0 11 10 0
V2 1 (3125.00 218.09 1695.07): 0 7 21 4 5 8 9 13 12 0
V3 -1 (0.00 0.00 -0.00): 0 0
571.05370997 -1021.37483945
0, 12, 13, 9, 8, 5, 4, 21, 7, 10, 11, 6, 1, 2, 3, 16, 15, 14, 17, 22, 20, 19, 18, 
V0 0 (3125.00 218.09 1695.07): 0 12 13 9 8 5 4 21 7 0
V1 0 (4325.00 69.00 347.68): 0 10 11 0
V2 1 (2739.00 283.96 2372.82): 0 6 1 2 3 16 15 14 17 22 20 19 18 0
V3 -1 (0.00 0.00 -0.00): 0 0
571.28621015 -368.73247966
0, 12, 11, 6, 1, 2, 3, 16, 15, 14, 17, 22, 20, 19, 18, 7, 9, 5, 4, 8, 21, 13, 10, 
V0 0 (3264.00 290.11 2731.31): 0 12 11 6 1 2 3 16 15 14 17 22 20 19 18 0
V1 0 (2575.00 213.24 1315.30): 0 7 9 5 4 8 21 0
V2 1 (4350.00 67.94 368.73): 0 13 10 0
V3 -1 (0.00 0.00 -0.00): 0 0
571.28621015 -1315.30020692
0, 18, 19, 20, 22, 17, 14, 15, 16, 3, 2, 1, 6, 11, 12, 13, 10, 7, 9, 5, 4, 8, 21, 
V0 0 (3264.00 290.11 2731.31): 0 18 19 20 22 17 14 15 16 3 2 1 6 11 12 0
V1 0 (4350.00 67.94 368.73): 0 13 10 0
V2 1 (2575.00 213.24 1315.30): 0 7 9 5 4 8 21 0
V3 -1 (0.00 0.00 -0.00): 0 0
571.28621015 -842.01634329
0, 21, 8, 4, 5, 9, 7, 10, 13, 12, 11, 6, 1, 2, 3, 16, 15, 14, 17, 22, 20, 19, 18, 
V0 0 (2575.00 213.24 1315.30): 0 21 8 4 5 9 7 0
V1 0 (4350.00 67.94 368.73): 0 10 13 0
V2 1 (3264.00 290.11 2731.31): 0 12 11 6 1 2 3 16 15 14 17 22 20 19 18 0
V3 -1 (0.00 0.00 -0.00): 0 0
571.39703104 -368.73247966
0, 18, 19, 20, 22, 17, 14, 15, 16, 3, 2, 1, 6, 11, 12, 7, 21, 4, 5, 8, 9, 13, 10, 
V0 0 (3264.00 290.11 2731.31): 0 18 19 20 22 17 14 15 16 3 2 1 6 11 12 0
V1 0 (2575.00 213.35 1315.19): 0 7 21 4 5 8 9 0
V2 1 (4350.00 67.94 368.73): 0 13 10 0
V3 -1 (0.00 0.00 -0.00): 0 0
571.39703104 -841.96093285
0, 10, 13, 9, 8, 5, 4, 21, 7, 12, 11, 6, 1, 2, 3, 16, 15, 14, 17, 22, 20, 19, 18, 
V0 0 (4350.00 67.94 368.73): 0 10 13 0
V1 0 (2575.00 213.35 1315.19): 0 9 8 5 4 21 7 0
V2 1 (3264.00 290.11 2731.31): 0 12 11 6 1 2 3 16 15 14 17 22 20 19 18 0
V3 -1 (0.00 0.00 -0.00): 0 0
571.39703104 -1315.18938603
0, 18, 19, 20, 22, 17, 14, 15, 16, 3, 2, 1, 6, 11, 12, 10, 13, 9, 8, 5, 4, 21, 7, 
V0 0 (3264.00 290.11 2731.31): 0 18 19 20 22 17 14 15 16 3 2 1 6 11 12 0
V1 0 (4350.00 67.94 368.73): 0 10 13 0
V2 1 (2575.00 213.35 1315.19): 0 9 8 5 4 21 7 0
V3 -1 (0.00 0.00 -0.00): 0 0
571.54599288 -368.73247966
0, 18, 19, 20, 22, 17, 14, 15, 16, 3, 2, 1, 6, 12, 11, 9, 8, 4, 5, 21, 7, 13, 10, 
V0 0 (2739.00 283.96 2372.82): 0 18 19 20 22 17 14 15 16 3 2 1 6 0
V1 0 (3100.00 219.65 1673.52): 0 12 11 9 8 4 5 21 7 0
V2 1 (4350.00 67.94 368.73): 0 13 10 0
V3 -1 (0.00 0.00 -0.00): 0 0
571.54599288 -1370.77869891
0, 10, 13, 18, 19, 20, 22, 17, 14, 15, 16, 3, 2, 1, 6, 12, 11, 9, 8, 4, 5, 21, 7, 
V0 0 (4350.00 67.94 368.73): 0 10 13 0
V1 0 (2739.00 283.96 2372.82): 0 18 19 20 22 17 14 15 16 3 2 1 6 0
V2 1 (3100.00 219.65 1673.52): 0 12 11 9 8 4 5 21 7 0
V3 -1 (0.00 0.00 -0.00): 0 0
571.54599288 -1021.12869800
0, 10, 13, 7, 21, 5, 4, 8, 9, 11, 12, 6, 1, 2, 3, 16, 15, 14, 17, 22, 20, 19, 18, 
V0 0 (4350.00 67.94 368.73): 0 10 13 0
V1 0 (3100.00 219.65 1673.52): 0 7 21 5 4 8 9 11 12 0
V2 1 (2739.00 283.96 2372.82): 0 6 1 2 3 16 15 14 17 22 20 19 18 0
V3 -1 (0.00 0.00 -0.00): 0 0
571.68452590 -1021.05943149
0, 10, 7, 21, 5, 4, 8, 9, 13, 11, 12, 6, 1, 2, 3, 16, 15, 14, 17, 22, 20, 19, 18, 
V0 0 (4100.00 67.05 154.72): 0 10 0
V1 0 (3350.00 220.67 1887.40): 0 7 21 5 4 8 9 13 11 12 0
V2 1 (2739.00 283.96 2372.82): 0 6 1 2 3 16 15 14 17 22 20 19 18 0
V3 -1 (0.00 0.00 -0.00): 0 0
571.68452590 -154.72244195
0, 18, 19, 20, 22, 17, 14, 15, 16, 3, 2, 1, 6, 12, 11, 13, 9, 8, 4, 5, 21, 7, 10, 
V0 0 (2739.00 283.96 2372.82): 0 18 19 20 22 17 14 15 16 3 2 1 6 0
V1 0 (3350.00 220.67 1887.40): 0 12 11 13 9 8 4 5 21 7 0
V2 1 (4100.00 67.05 154.72): 0 10 0
V3 -1 (0.00 0.00 -0.00): 0 0
571.68452590 -1263.77368006
0, 18, 19, 20, 22, 17, 14, 15, 16, 3, 2, 1, 6, 10, 12, 11, 13, 9, 8, 4, 5, 21, 7, 
V0 0 (2739.00 283.96 2372.82): 0 18 19 20 22 17 14 15 16 3 2 1 6 0
V1 0 (4100.00 67.05 154.72): 0 10 0
V2 1 (3350.00 220.67 1887.40): 0 12 11 13 9 8 4 5 21 7 0
V3 -1 (0.00 0.00 -0.00): 0 0
571.81363431 -368.73247966
0, 12, 6, 1, 2, 3, 16, 15, 14, 17, 22, 20, 19, 18, 11, 9, 8, 4, 5, 21, 7, 13, 10, 
V0 0 (3039.00 284.41 2542.11): 0 12 6 1 2 3 16 15 14 17 22 20 19 18 0
V1 0 (2800.00 219.47 1503.98): 0 11 9 8 4 5 21 7 0
V2 1 (4350.00 67.94 368.73): 0 13 10 0
V3 -1 (0.00 0.00 -0.00): 0 0
571.81363431 -1455.41892712
0, 10, 13, 12, 6, 1, 2, 3, 16, 15, 14, 17, 22, 20, 19, 18, 11, 9, 8, 4, 5, 21, 7, 
V0 0 (4350.00 67.94 368.73): 0 10 13 0
V1 0 (3039.00 284.41 2542.11): 0 12 6 1 2 3 16 15 14 17 22 20 19 18 0
V2 1 (2800.00 219.47 1503.98): 0 11 9 8 4 5 21 7 0
V3 -1 (0.00 0.00 -0.00): 0 0
571.81363431 -936.35464907
0, 10, 13, 11, 9, 8, 4, 5, 21, 7, 18, 19, 20, 22, 17, 14, 15, 16, 3, 2, 1, 6, 12, 
V0 0 (4350.00 67.94 368.73): 0 10 13 0
V1 0 (2800.00 219.47 1503.98): 0 11 9 8 4 5 21 7 0
V2 1 (3039.00 284.41 2542.11): 0 18 19 20 22 17 14 15 16 3 2 1 6 12 0
V3 -1 (0.00 0.00 -0.00): 0 0
571.95216733 -154.72244195
0, 12, 6, 1, 2, 3, 16, 15, 14, 17, 22, 20, 19, 18, 11, 13, 9, 8, 4, 5, 21, 7, 10, 
V0 0 (3039.00 284.41 2542.11): 0 12 6 1 2 3 16 15 14 17 22 20 19 18 0
V1 0 (3050.00 220.49 1717.85): 0 11 13 9 8 4 5 21 7 0
V2 1 (4100.00 67.05 154.72): 0 10 0
V3 -1 (0.00 0.00 -0.00): 0 0
571.95216733 -1348.41390827
0, 10, 12, 6, 1, 2, 3, 16, 15, 14, 17, 22, 20, 19, 18, 11, 13, 9, 8, 4, 5, 21, 7, 
V0 0 (4100.00 67.05 154.72): 0 10 0
V1 0 (3039.00 284.41 2542.11): 0 12 6 1 2 3 16 15 14 17 22 20 19 18 0
V2 1 (3050.00 220.49 1717.85): 0 11 13 9 8 4 5 21 7 0
V3 -1 (0.00 0.00 -0.00): 0 0
571.95216733 -936.28538256
0, 10, 11, 13, 9, 8, 4, 5, 21, 7, 18, 19, 20, 22, 17, 14, 15, 16, 3, 2, 1, 6, 12, 
V0 0 (4100.00 67.05 154.72): 0 10 0
V1 0 (3050.00 220.49 1717.85): 0 11 13 9 8 4 5 21 7 0
V2 1 (3039.00 284.41 2542.11): 0 18 19 20 22 17 14 15 16 3 2 1 6 12 0
V3 -1 (0.00 0.00 -0.00): 0 0
572.36138684 -323.59367888
0, 18, 19, 20, 22, 17, 14, 15, 16, 3, 2, 1, 6, 11, 13, 9, 8, 4, 5, 21, 7, 12, 10, 
V0 0 (2739.00 283.96 2372.82): 0 18 19 20 22 17 14 15 16 3 2 1 6 0
V1 0 (3050.00 220.49 1717.85): 0 11 13 9 8 4 5 21 7 0
V2 1 (4400.00 67.91 323.59): 0 12 10 0
V3 -1 (0.00 0.00 -0.00): 0 0
572.36138684 -1348.20929852
0, 12, 10, 6, 1, 2, 3, 16, 15, 14, 17, 22, 20, 19, 18, 11, 13, 9, 8, 4, 5, 21, 7, 
V0 0 (4400.00 67.91 323.59): 0 12 10 0
V1 0 (2739.00 283.96 2372.82): 0 6 1 2 3 16 15 14 17 22 20 19 18 0
V2 1 (3050.00 220.49 1717.85): 0 11 13 9 8 4 5 21 7 0
V3 -1 (0.00 0.00 -0.00): 0 0
572.36138684 -1020.72100102
0, 10, 12, 7, 21, 5, 4, 8, 9, 13, 11, 6, 1, 2, 3, 16, 15, 14, 17, 22, 20, 19, 18, 
V0 0 (4400.00 67.91 323.59): 0 10 12 0
V1 0 (3050.00 220.49 1717.85): 0 7 21 5 4 8 9 13 11 0
V2 1 (2739.00 283.96 2372.82): 0 6 1 2 3 16 15 14 17 22 20 19 18 0
V3 -1 (0.00 0.00 -0.00): 0 0
572.46981029 -1370.77869891
0, 10, 13, 6, 1, 2, 3, 16, 15, 14, 17, 22, 20, 19, 18, 12, 11, 9, 5, 4, 8, 21, 7, 
V0 0 (4350.00 67.94 368.73): 0 10 13 0
V1 0 (2739.00 283.96 2372.82): 0 6 1 2 3 16 15 14 17 22 20 19 18 0
V2 1 (3100.00 220.57 1672.60): 0 12 11 9 5 4 8 21 7 0
V3 -1 (0.00 0.00 -0.00): 0 0
572.46981029 -368.73247966
0, 18, 19, 20, 22, 17, 14, 15, 16, 3, 2, 1, 6, 12, 11, 9, 5, 4, 8, 21, 7, 13, 10, 
V0 0 (2739.00 283.96 2372.82): 0 18 19 20 22 17 14 15 16 3 2 1 6 0
V1 0 (3100.00 220.57 1672.60): 0 12 11 9 5 4 8 21 7 0
V2 1 (4350.00 67.94 368.73): 0 13 10 0
V3 -1 (0.00 0.00 -0.00): 0 0
572.46981029 -1020.66678929
0, 10, 13, 7, 21, 8, 4, 5, 9, 11, 12, 6, 1, 2, 3, 16, 15, 14, 17, 22, 20, 19, 18, 
V0 0 (4350.00 67.94 368.73): 0 10 13 0
V1 0 (3100.00 220.57 1672.60): 0 7 21 8 4 5 9 11 12 0
V2 1 (2739.00 283.96 2372.82): 0 6 1 2 3 16 15 14 17 22 20 19 18 0
V3 -1 (0.00 0.00 -0.00): 0 0
572.60834331 -1263.77368006
0, 18, 19, 20, 22, 17, 14, 15, 16, 3, 2, 1, 6, 10, 12, 11, 13, 9, 5, 4, 8, 21, 7, 
V0 0 (2739.00 283.96 2372.82): 0 18 19 20 22 17 14 15 16 3 2 1 6 0
V1 0 (4100.00 67.05 154.72): 0 10 0
V2 1 (3350.00 221.60 1886.47): 0 12 11 13 9 5 4 8 21 7 0
V3 -1 (0.00 0.00 -0.00): 0 0
572.60834331 -154.72244195
0, 18, 19, 20, 22, 17, 14, 15, 16, 3, 2, 1, 6, 12, 11, 13, 9, 5, 4, 8, 21, 7, 10, 
V0 0 (2739.00 283.96 2372.82): 0 18 19 20 22 17 14 15 16 3 2 1 6 0
V1 0 (3350.00 221.60 1886.47): 0 12 11 13 9 5 4 8 21 7 0
V2 1 (4100.00 67.05 154.72): 0 10 0
V3 -1 (0.00 0.00 -0.00): 0 0
572.60834331 -1020.59752278
0, 10, 7, 21, 8, 4, 5, 9, 13, 11, 12, 6, 1, 2, 3, 16, 15, 14, 17, 22, 20, 19, 18, 
V0 0 (4100.00 67.05 154.72): 0 10 0
V1 0 (3350.00 221.60 1886.47): 0 7 21 8 4 5 9 13 11 12 0
V2 1 (2739.00 283.96 2372.82): 0 6 1 2 3 16 15 14 17 22 20 19 18 0
V3 -1 (0.00 0.00 -0.00): 0 0
572.68552575 -347.67731670
0, 18, 19, 20, 22, 17, 14, 15, 16, 3, 2, 1, 6, 12, 13, 9, 8, 4, 5, 21, 7, 11, 10, 
V0 0 (3039.00 284.41 2542.11): 0 18 19 20 22 17 14 15 16 3 2 1 6 12 0
V1 0 (2825.00 219.28 1524.16): 0 13 9 8 4 5 21 7 0
V2 1 (4325.00 69.00 347.68): 0 11 10 0
V3 -1 (0.00 0.00 -0.00): 0 0
572.68552575 -935.91870335
0, 11, 10, 13, 9, 8, 4, 5, 21, 7, 18, 19, 20, 22, 17, 14, 15, 16, 3, 2, 1, 6, 12, 
V0 0 (4325.00 69.00 347.68): 0 11 10 0
V1 0 (2825.00 219.28 1524.16): 0 13 9 8 4 5 21 7 0
V2 1 (3039.00 284.41 2542.11): 0 18 19 20 22 17 14 15 16 3 2 1 6 12 0
V3 -1 (0.00 0.00 -0.00): 0 0
572.68552575 -1444.89134565
0, 18, 19, 20, 22, 17, 14, 15, 16, 3, 2, 1, 6, 12, 11, 10, 13, 9, 8, 4, 5, 21, 7, 
V0 0 (3039.00 284.41 2542.11): 0 18 19 20 22 17 14 15 16 3 2 1 6 12 0
V1 0 (4325.00 69.00 347.68): 0 11 10 0
V2 1 (2825.00 219.28 1524.16): 0 13 9 8 4 5 21 7 0
V3 -1 (0.00 0.00 -0.00): 0 0
572.73745172 -368.73247966
0, 12, 6, 1, 2, 3, 16, 15, 14, 17, 22, 20, 19, 18, 11, 9, 5, 4, 8, 21, 7, 13, 10, 
V0 0 (3039.00 284.41 2542.11): 0 12 6 1 2 3 16 15 14 17 22 20 19 18 0
V1 0 (2800.00 220.39 1503.05): 0 11 9 5 4 8 21 7 0
V2 1 (4350.00 67.94 368.73): 0 13 10 0
V3 -1 (0.00 0.00 -0.00): 0 0
572.73745172 -1455.41892712
0, 10, 13, 12, 6, 1, 2, 3, 16, 15, 14, 17, 22, 20, 19, 18, 11, 9, 5, 4, 8, 21, 7, 
V0 0 (4350.00 67.94 368.73): 0 10 13 0
V1 0 (3039.00 284.41 2542.11): 0 12 6 1 2 3 16 15 14 17 22 20 19 18 0
V2 1 (2800.00 220.39 1503.05): 0 11 9 5 4 8 21 7 0
V3 -1 (0.00 0.00 -0.00): 0 0
572.73745172 -935.89274036
0, 10, 13, 7, 21, 8, 4, 5, 9, 11, 18, 19, 20, 22, 17, 14, 15, 16, 3, 2, 1, 6, 12, 
V0 0 (4350.00 67.94 368.73): 0 10 13 0
V1 0 (2800.00 220.39 1503.05): 0 7 21 8 4 5 9 11 0
V2 1 (3039.00 284.41 2542.11): 0 18 19 20 22 17 14 15 16 3 2 1 6 12 0
V3 -1 (0.00 0.00 -0.00): 0 0
572.78835485 -1465.24689605
0, 18, 19, 20, 22, 17, 14, 15, 16, 3, 2, 1, 6, 11, 13, 10, 12, 9, 8, 5, 4, 21, 7, 
V0 0 (2964.00 289.93 2561.76): 0 18 19 20 22 17 14 15 16 3 2 1 6 11 0
V1 0 (4350.00 67.94 368.73): 0 13 10 0
V2 1 (2875.00 214.92 1483.35): 0 12 9 8 5 4 21 7 0
V3 -1 (0.00 0.00 -0.00): 0 0
572.78835485 -368.73247966
0, 11, 6, 1, 2, 3, 16, 15, 14, 17, 22, 20, 19, 18, 12, 9, 8, 5, 4, 21, 7, 13, 10, 
V0 0 (2964.00 289.93 2561.76): 0 11 6 1 2 3 16 15 14 17 22 20 19 18 0
V1 0 (2875.00 214.92 1483.35): 0 12 9 8 5 4 21 7 0
V2 1 (4350.00 67.94 368.73): 0 13 10 0
V3 -1 (0.00 0.00 -0.00): 0 0
572.78835485 -926.03931987
0, 10, 13, 12, 9, 8, 5, 4, 21, 7, 11, 6, 1, 2, 3, 16, 15, 14, 17, 22, 20, 19, 18, 
V0 0 (4350.00 67.94 368.73): 0 10 13 0
V1 0 (2875.00 214.92 1483.35): 0 12 9 8 5 4 21 7 0
V2 1 (2964.00 289.93 2561.76): 0 11 6 1 2 3 16 15 14 17 22 20 19 18 0
V3 -1 (0.00 0.00 -0.00): 0 0
572.85360164 -1020.47489362
0, 7, 21, 5, 4, 8, 9, 13, 12, 10, 11, 6, 1, 2, 3, 16, 15, 14, 17, 22, 20, 19, 18, 
V0 0 (3125.00 219.89 1693.27): 0 7 21 5 4 8 9 13 12 0
V1 0 (4325.00 69.00 347.68): 0 10 11 0
V2 1 (2739.00 283.96 2372.82): 0 6 1 2 3 16 15 14 17 22 20 19 18 0
V3 -1 (0.00 0.00 -0.00): 0 0
572.85360164 -1360.25111743
0, 6, 1, 2, 3, 16, 15, 14, 17, 22, 20, 19, 18, 11, 10, 7, 21, 5, 4, 8, 9, 13, 12, 
V0 0 (2739.00 283.96 2372.82): 0 6 1 2 3 16 15 14 17 22 20 19 18 0
V1 0 (4325.00 69.00 347.68): 0 11 10 0
V2 1 (3125.00 219.89 1693.27): 0 7 21 5 4 8 9 13 12 0
V3 -1 (0.00 0.00 -0.00): 0 0
572.85360164 -347.67731670
0, 6, 1, 2, 3, 16, 15, 14, 17, 22, 20, 19, 18, 12, 13, 9, 8, 4, 5, 21, 7, 10, 11, 
V0 0 (2739.00 283.96 2372.82): 0 6 1 2 3 16 15 14 17 22 20 19 18 0
V1 0 (3125.00 219.89 1693.27): 0 12 13 9 8 4 5 21 7 0
V2 1 (4325.00 69.00 347.68): 0 10 11 0
V3 -1 (0.00 0.00 -0.00): 0 0
572.87598474 -1348.41390827
0, 10, 12, 6, 1, 2, 3, 16, 15, 14, 17, 22, 20, 19, 18, 11, 13, 9, 5, 4, 8, 21, 7, 
V0 0 (4100.00 67.05 154.72): 0 10 0
V1 0 (3039.00 284.41 2542.11): 0 12 6 1 2 3 16 15 14 17 22 20 19 18 0
V2 1 (3050.00 221.42 1716.92): 0 11 13 9 5 4 8 21 7 0
V3 -1 (0.00 0.00 -0.00): 0 0
572.87598474 -935.82347385
0, 7, 21, 8, 4, 5, 9, 13, 11, 10, 12, 6, 1, 2, 3, 16, 15, 14, 17, 22, 20, 19, 18, 
V0 0 (3050.00 221.42 1716.92): 0 7 21 8 4 5 9 13 11 0
V1 0 (4100.00 67.05 154.72): 0 10 0
V2 1 (3039.00 284.41 2542.11): 0 12 6 1 2 3 16 15 14 17 22 20 19 18 0
V3 -1 (0.00 0.00 -0.00): 0 0
572.87598474 -154.72244195
0, 12, 6, 1, 2, 3, 16, 15, 14, 17, 22, 20, 19, 18, 11, 13, 9, 5, 4, 8, 21, 7, 10, 
V0 0 (3039.00 284.41 2542.11): 0 12 6 1 2 3 16 15 14 17 22 20 19 18 0
V1 0 (3050.00 221.42 1716.92): 0 11 13 9 5 4 8 21 7 0
V2 1 (4100.00 67.05 154.72): 0 10 0
V3 -1 (0.00 0.00 -0.00): 0 0
573.01571498 -1370.77869891
0, 10, 13, 6, 1, 2, 3, 16, 15, 14, 17, 22, 20, 19, 18, 12, 11, 9, 5, 4, 8, 7, 21, 
V0 0 (4350.00 67.94 368.73): 0 10 13 0
V1 0 (2739.00 283.96 2372.82): 0 6 1 2 3 16 15 14 17 22 20 19 18 0
V2 1 (3100.00 221.12 1672.06): 0 12 11 9 5 4 8 7 21 0
V3 -1 (0.00 0.00 -0.00): 0 0
573.01571498 -368.73247966
0, 18, 19, 20, 22, 17, 14, 15, 16, 3, 2, 1, 6, 12, 11, 9, 5, 4, 8, 7, 21, 10, 13, 
V0 0 (2739.00 283.96 2372.82): 0 18 19 20 22 17 14 15 16 3 2 1 6 0
V1 0 (3100.00 221.12 1672.06): 0 12 11 9 5 4 8 7 21 0
V2 1 (4350.00 67.94 368.73): 0 10 13 0
V3 -1 (0.00 0.00 -0.00): 0 0
573.01571498 -1020.39383695
0, 13, 10, 21, 7, 8, 4, 5, 9, 11, 12, 6, 1, 2, 3, 16, 15, 14, 17, 22, 20, 19, 18, 
V0 0 (4350.00 67.94 368.73): 0 13 10 0
V1 0 (3100.00 221.12 1672.06): 0 21 7 8 4 5 9 11 12 0
V2 1 (2739.00 283.96 2372.82): 0 6 1 2 3 16 15 14 17 22 20 19 18 0
V3 -1 (0.00 0.00 -0.00): 0 0
573.15424800 -1020.32457044
0, 21, 7, 8, 4, 5, 9, 13, 11, 12, 10, 6, 1, 2, 3, 16, 15, 14, 17, 22, 20, 19, 18, 
V0 0 (3350.00 222.14 1885.93): 0 21 7 8 4 5 9 13 11 12 0
V1 0 (4100.00 67.05 154.72): 0 10 0
V2 1 (2739.00 283.96 2372.82): 0 6 1 2 3 16 15 14 17 22 20 19 18 0
V3 -1 (0.00 0.00 -0.00): 0 0
573.15424800 -1263.77368006
0, 18, 19, 20, 22, 17, 14, 15, 16, 3, 2, 1, 6, 10, 12, 11, 13, 9, 5, 4, 8, 7, 21, 
V0 0 (2739.00 283.96 2372.82): 0 18 19 20 22 17 14 15 16 3 2 1 6 0
V1 0 (4100.00 67.05 154.72): 0 10 0
V2 1 (3350.00 222.14 1885.93): 0 12 11 13 9 5 4 8 7 21 0
V3 -1 (0.00 0.00 -0.00): 0 0
573.15424800 -154.72244195
0, 18, 19, 20, 22, 17, 14, 15, 16, 3, 2, 1, 6, 12, 11, 13, 9, 5, 4, 8, 7, 21, 10, 
V0 0 (2739.00 283.96 2372.82): 0 18 19 20 22 17 14 15 16 3 2 1 6 0
V1 0 (3350.00 222.14 1885.93): 0 12 11 13 9 5 4 8 7 21 0
V2 1 (4100.00 67.05 154.72): 0 10 0
V3 -1 (0.00 0.00 -0.00): 0 0
573.19692271 -368.73247966
0, 12, 11, 6, 1, 2, 3, 16, 15, 14, 17, 22, 20, 19, 18, 7, 21, 5, 4, 8, 9, 13, 10, 
V0 0 (3264.00 290.11 2731.31): 0 12 11 6 1 2 3 16 15 14 17 22 20 19 18 0
V1 0 (2575.00 215.15 1313.39): 0 7 21 5 4 8 9 0
V2 1 (4350.00 67.94 368.73): 0 13 10 0
V3 -1 (0.00 0.00 -0.00): 0 0
573.19692271 -1313.38949436
0, 18, 19, 20, 22, 17, 14, 15, 16, 3, 2, 1, 6, 11, 12, 13, 10, 9, 8, 4, 5, 21, 7, 
V0 0 (3264.00 290.11 2731.31): 0 18 19 20 22 17 14 15 16 3 2 1 6 11 12 0
V1 0 (4350.00 67.94 368.73): 0 13 10 0
V2 1 (2575.00 215.15 1313.39): 0 9 8 4 5 21 7 0
V3 -1 (0.00 0.00 -0.00): 0 0
573.19692271 -841.06098701
0, 10, 13, 7, 21, 5, 4, 8, 9, 12, 11, 6, 1, 2, 3, 16, 15, 14, 17, 22, 20, 19, 18, 
V0 0 (4350.00 67.94 368.73): 0 10 13 0
V1 0 (2575.00 215.15 1313.39): 0 7 21 5 4 8 9 0
V2 1 (3264.00 290.11 2731.31): 0 12 11 6 1 2 3 16 15 14 17 22 20 19 18 0
V3 -1 (0.00 0.00 -0.00): 0 0
573.20046919 -353.80825208
0, 18, 19, 20, 22, 17, 14, 15, 16, 3, 2, 1, 6, 12, 11, 13, 9, 8, 5, 4, 21, 10, 7, 
V0 0 (2739.00 283.96 2372.82): 0 18 19 20 22 17 14 15 16 3 2 1 6 0
V1 0 (3000.00 205.13 1686.79): 0 12 11 13 9 8 5 4 21 0
V2 1 (4450.00 84.11 353.81): 0 10 7 0
V3 -1 (0.00 0.00 -0.00): 0 0
573.20046919 -1363.31658512
0, 7, 10, 18, 19, 20, 22, 17, 14, 15, 16, 3, 2, 1, 6, 12, 11, 13, 9, 8, 5, 4, 21, 
V0 0 (4450.00 84.11 353.81): 0 7 10 0
V1 0 (2739.00 283.96 2372.82): 0 18 19 20 22 17 14 15 16 3 2 1 6 0
V2 1 (3000.00 205.13 1686.79): 0 12 11 13 9 8 5 4 21 0
V3 -1 (0.00 0.00 -0.00): 0 0
573.20046919 -1020.30145984
0, 7, 10, 21, 4, 5, 8, 9, 13, 11, 12, 6, 1, 2, 3, 16, 15, 14, 17, 22, 20, 19, 18, 
V0 0 (4450.00 84.11 353.81): 0 7 10 0
V1 0 (3000.00 205.13 1686.79): 0 21 4 5 8 9 13 11 12 0
V2 1 (2739.00 283.96 2372.82): 0 6 1 2 3 16 15 14 17 22 20 19 18 0
V3 -1 (0.00 0.00 -0.00): 0 0
573.28335641 -368.73247966
0, 12, 6, 1, 2, 3, 16, 15, 14, 17, 22, 20, 19, 18, 11, 9, 5, 4, 8, 7, 21, 10, 13, 
V0 0 (3039.00 284.41 2542.11): 0 12 6 1 2 3 16 15 14 17 22 20 19 18 0
V1 0 (2800.00 220.94 1502.51): 0 11 9 5 4 8 7 21 0
V2 1 (4350.00 67.94 368.73): 0 10 13 0
V3 -1 (0.00 0.00 -0.00): 0 0
573.28335641 -1455.41892712
0, 13, 10, 12, 6, 1, 2, 3, 16, 15, 14, 17, 22, 20, 19, 18, 11, 9, 5, 4, 8, 7, 21, 
V0 0 (4350.00 67.94 368.73): 0 13 10 0
V1 0 (3039.00 284.41 2542.11): 0 12 6 1 2 3 16 15 14 17 22 20 19 18 0
V2 1 (2800.00 220.94 1502.51): 0 11 9 5 4 8 7 21 0
V3 -1 (0.00 0.00 -0.00): 0 0
573.28335641 -935.61978802
0, 21, 7, 8, 4, 5, 9, 11, 10, 13, 12, 6, 1, 2, 3, 16, 15, 14, 17, 22, 20, 19, 18, 
V0 0 (2800.00 220.94 1502.51): 0 21 7 8 4 5 9 11 0
V1 0 (4350.00 67.94 368.73): 0 10 13 0
V2 1 (3039.00 284.41 2542.11): 0 12 6 1 2 3 16 15 14 17 22 20 19 18 0
V3 -1 (0.00 0.00 -0.00): 0 0
573.28520425 -1348.20929852
0, 12, 10, 6, 1, 2, 3, 16, 15, 14, 17, 22, 20, 19, 18, 11, 13, 9, 5, 4, 8, 21, 7, 
V0 0 (4400.00 67.91 323.59): 0 12 10 0
V1 0 (2739.00 283.96 2372.82): 0 6 1 2 3 16 15 14 17 22 20 19 18 0
V2 1 (3050.00 221.42 1716.92): 0 11 13 9 5 4 8 21 7 0
V3 -1 (0.00 0.00 -0.00): 0 0
573.28520425 -1020.25909232
0, 10, 12, 7, 21, 8, 4, 5, 9, 13, 11, 6, 1, 2, 3, 16, 15, 14, 17, 22, 20, 19, 18, 
V0 0 (4400.00 67.91 323.59): 0 10 12 0
V1 0 (3050.00 221.42 1716.92): 0 7 21 8 4 5 9 13 11 0
V2 1 (2739.00 283.96 2372.82): 0 6 1 2 3 16 15 14 17 22 20 19 18 0
V3 -1 (0.00 0.00 -0.00): 0 0
573.42188943 -1348.41390827
0, 18, 19, 20, 22, 17, 14, 15, 16, 3, 2, 1, 6, 12, 10, 11, 13, 9, 5, 4, 8, 7, 21, 
V0 0 (3039.00 284.41 2542.11): 0 18 19 20 22 17 14 15 16 3 2 1 6 12 0
V1 0 (4100.00 67.05 154.72): 0 10 0
V2 1 (3050.00 221.96 1716.38): 0 11 13 9 5 4 8 7 21 0
V3 -1 (0.00 0.00 -0.00): 0 0
573.42188943 -935.55052151
0, 21, 7, 8, 4, 5, 9, 13, 11, 10, 12, 6, 1, 2, 3, 16, 15, 14, 17, 22, 20, 19, 18, 
V0 0 (3050.00 221.96 1716.38): 0 21 7 8 4 5 9 13 11 0
V1 0 (4100.00 67.05 154.72): 0 10 0
V2 1 (3039.00 284.41 2542.11): 0 12 6 1 2 3 16 15 14 17 22 20 19 18 0
V3 -1 (0.00 0.00 -0.00): 0 0
573.46811062 -935.52741091
0, 10, 7, 11, 13, 9, 8, 5, 4, 21, 12, 6, 1, 2, 3, 16, 15, 14, 17, 22, 20, 19, 18, 
V0 0 (4450.00 84.11 353.81): 0 10 7 0
V1 0 (2700.00 204.95 1517.25): 0 11 13 9 8 5 4 21 0
V2 1 (3039.00 284.41 2542.11): 0 12 6 1 2 3 16 15 14 17 22 20 19 18 0
V3 -1 (0.00 0.00 -0.00): 0 0
573.46811062 -1447.95681333
0, 10, 7, 18, 19, 20, 22, 17, 14, 15, 16, 3, 2, 1, 6, 12, 21, 4, 5, 8, 9, 13, 11, 
V0 0 (4450.00 84.11 353.81): 0 10 7 0
V1 0 (3039.00 284.41 2542.11): 0 18 19 20 22 17 14 15 16 3 2 1 6 12 0
V2 1 (2700.00 204.95 1517.25): 0 21 4 5 8 9 13 11 0
V3 -1 (0.00 0.00 -0.00): 0 0
573.57905038 -1313.00736670
0, 18, 19, 20, 22, 17, 14, 15, 16, 3, 2, 1, 6, 11, 12, 13, 10, 7, 9, 4, 5, 8, 21, 
V0 0 (3264.00 290.11 2731.31): 0 18 19 20 22 17 14 15 16 3 2 1 6 11 12 0
V1 0 (4350.00 67.94 368.73): 0 13 10 0
V2 1 (2575.00 215.53 1313.01): 0 7 9 4 5 8 21 0
V3 -1 (0.00 0.00 -0.00): 0 0
573.60934316 -1444.89134565
0, 18, 19, 20, 22, 17, 14, 15, 16, 3, 2, 1, 6, 12, 11, 10, 13, 9, 5, 4, 8, 21, 7, 
V0 0 (3039.00 284.41 2542.11): 0 18 19 20 22 17 14 15 16 3 2 1 6 12 0
V1 0 (4325.00 69.00 347.68): 0 11 10 0
V2 1 (2825.00 220.20 1523.24): 0 13 9 5 4 8 21 7 0
V3 -1 (0.00 0.00 -0.00): 0 0
573.62909266 -1465.24689605
0, 18, 19, 20, 22, 17, 14, 15, 16, 3, 2, 1, 6, 11, 13, 10, 12, 7, 9, 8, 5, 4, 21, 
V0 0 (2964.00 289.93 2561.76): 0 18 19 20 22 17 14 15 16 3 2 1 6 11 0
V1 0 (4350.00 67.94 368.73): 0 13 10 0
V2 1 (2875.00 215.76 1482.51): 0 12 7 9 8 5 4 21 0
V3 -1 (0.00 0.00 -0.00): 0 0
573.69610234 -1318.02391600
0, 18, 19, 20, 22, 17, 14, 16, 15, 3, 2, 1, 6, 11, 12, 13, 10, 21, 4, 5, 8, 9, 7, 
V0 0 (3264.00 295.24 2726.18): 0 18 19 20 22 17 14 16 15 3 2 1 6 11 12 0
V1 0 (4350.00 67.94 368.73): 0 13 10 0
V2 1 (2575.00 210.52 1318.02): 0 21 4 5 8 9 7 0
V3 -1 (0.00 0.00 -0.00): 0 0
573.77741905 -1360.25111743
0, 10, 11, 6, 1, 2, 3, 16, 15, 14, 17, 22, 20, 19, 18, 12, 13, 9, 5, 4, 8, 21, 7, 
V0 0 (4325.00 69.00 347.68): 0 10 11 0
V1 0 (2739.00 283.96 2372.82): 0 6 1 2 3 16 15 14 17 22 20 19 18 0
V2 1 (3125.00 220.82 1692.35): 0 12 13 9 5 4 8 21 7 0
V3 -1 (0.00 0.00 -0.00): 0 0
573.77741905 -1020.01298491
0, 7, 21, 8, 4, 5, 9, 13, 12, 10, 11, 6, 1, 2, 3, 16, 15, 14, 17, 22, 20, 19, 18, 
V0 0 (3125.00 220.82 1692.35): 0 7 21 8 4 5 9 13 12 0
V1 0 (4325.00 69.00 347.68): 0 10 11 0
V2 1 (2739.00 283.96 2372.82): 0 6 1 2 3 16 15 14 17 22 20 19 18 0
V3 -1 (0.00 0.00 -0.00): 0 0
573.83110894 -1019.98613997
0, 12, 10, 21, 7, 8, 4, 5, 9, 13, 11, 6, 1, 2, 3, 16, 15, 14, 17, 22, 20, 19, 18, 
V0 0 (4400.00 67.91 323.59): 0 12 10 0
V1 0 (3050.00 221.96 1716.38): 0 21 7 8 4 5 9 13 11 0
V2 1 (2739.00 283.96 2372.82): 0 6 1 2 3 16 15 14 17 22 20 19 18 0
V3 -1 (0.00 0.00 -0.00): 0 0
573.83110894 -1348.20929852
0, 12, 10, 6, 1, 2, 3, 16, 15, 14, 17, 22, 20, 19, 18, 11, 13, 9, 5, 4, 8, 7, 21, 
V0 0 (4400.00 67.91 323.59): 0 12 10 0
V1 0 (2739.00 283.96 2372.82): 0 6 1 2 3 16 15 14 17 22 20 19 18 0
V2 1 (3050.00 221.96 1716.38): 0 11 13 9 5 4 8 7 21 0
V3 -1 (0.00 0.00 -0.00): 0 0
574.01505282 -1370.77869891
0, 10, 13, 6, 1, 2, 3, 16, 15, 14, 17, 22, 20, 19, 18, 21, 4, 5, 8, 7, 9, 11, 12, 
V0 0 (4350.00 67.94 368.73): 0 10 13 0
V1 0 (2739.00 283.96 2372.82): 0 6 1 2 3 16 15 14 17 22 20 19 18 0
V2 1 (3100.00 222.12 1671.06): 0 21 4 5 8 7 9 11 12 0
V3 -1 (0.00 0.00 -0.00): 0 0
574.12074012 -1312.46567695
0, 18, 19, 20, 22, 17, 14, 15, 16, 3, 2, 1, 6, 11, 12, 10, 13, 9, 5, 4, 8, 21, 7, 
V0 0 (3264.00 290.11 2731.31): 0 18 19 20 22 17 14 15 16 3 2 1 6 11 12 0
V1 0 (4350.00 67.94 368.73): 0 10 13 0
V2 1 (2575.00 216.07 1312.47): 0 9 5 4 8 21 7 0
V3 -1 (0.00 0.00 -0.00): 0 0
574.15358584 -1263.77368006
0, 18, 19, 20, 22, 17, 14, 15, 16, 3, 2, 1, 6, 10, 12, 11, 13, 9, 7, 8, 5, 4, 21, 
V0 0 (2739.00 283.96 2372.82): 0 18 19 20 22 17 14 15 16 3 2 1 6 0
V1 0 (4100.00 67.05 154.72): 0 10 0
V2 1 (3350.00 223.14 1884.93): 0 12 11 13 9 7 8 5 4 21 0
V3 -1 (0.00 0.00 -0.00): 0 0
574.15524785 -1444.89134565
0, 18, 19, 20, 22, 17, 14, 15, 16, 3, 2, 1, 6, 12, 11, 10, 13, 9, 5, 4, 8, 7, 21, 
V0 0 (3039.00 284.41 2542.11): 0 18 19 20 22 17 14 15 16 3 2 1 6 12 0
V1 0 (4325.00 69.00 347.68): 0 11 10 0
V2 1 (2825.00 220.75 1522.69): 0 13 9 5 4 8 7 21 0
V3 -1 (0.00 0.00 -0.00): 0 0
574.28269424 -1455.41892712
0, 10, 13, 12, 6, 1, 2, 3, 16, 15, 14, 17, 22, 20, 19, 18, 11, 9, 7, 8, 5, 4, 21, 
V0 0 (4350.00 67.94 368.73): 0 10 13 0
V1 0 (3039.00 284.41 2542.11): 0 12 6 1 2 3 16 15 14 17 22 20 19 18 0
V2 1 (2800.00 221.94 1501.51): 0 11 9 7 8 5 4 21 0
V3 -1 (0.00 0.00 -0.00): 0 0
574.32332374 -1360.25111743
0, 18, 19, 20, 22, 17, 14, 15, 16, 3, 2, 1, 6, 10, 11, 12, 13, 9, 5, 4, 8, 7, 21, 
V0 0 (2739.00 283.96 2372.82): 0 18 19 20 22 17 14 15 16 3 2 1 6 0
V1 0 (4325.00 69.00 347.68): 0 10 11 0
V2 1 (3125.00 221.36 1691.80): 0 12 13 9 5 4 8 7 21 0
V3 -1 (0.00 0.00 -0.00): 0 0
574.42122727 -1348.41390827
0, 18, 19, 20, 22, 17, 14, 15, 16, 3, 2, 1, 6, 12, 10, 11, 13, 9, 7, 8, 5, 4, 21, 
V0 0 (3039.00 284.41 2542.11): 0 18 19 20 22 17 14 15 16 3 2 1 6 12 0
V1 0 (4100.00 67.05 154.72): 0 10 0
V2 1 (3050.00 222.96 1715.38): 0 11 13 9 7 8 5 4 21 0
V3 -1 (0.00 0.00 -0.00): 0 0
574.58824652 -1465.24689605
0, 18, 19, 20, 22, 17, 14, 15, 16, 3, 2, 1, 6, 11, 13, 10, 12, 9, 8, 4, 5, 21, 7, 
V0 0 (2964.00 289.93 2561.76): 0 18 19 20 22 17 14 15 16 3 2 1 6 11 0
V1 0 (4350.00 67.94 368.73): 0 13 10 0
V2 1 (2875.00 216.72 1481.55): 0 12 9 8 4 5 21 7 0
V3 -1 (0.00 0.00 -0.00): 0 0
574.63647312 -1443.01592613
0, 10, 12, 11, 6, 1, 2, 3, 16, 15, 14, 17, 22, 20, 19, 18, 7, 21, 4, 5, 8, 9, 13, 
V0 0 (4100.00 67.05 154.72): 0 10 0
V1 0 (3264.00 290.11 2731.31): 0 12 11 6 1 2 3 16 15 14 17 22 20 19 18 0
V2 1 (2825.00 217.48 1525.96): 0 7 21 4 5 8 9 13 0
V3 -1 (0.00 0.00 -0.00): 0 0
574.66664481 -1311.91977226
0, 12, 11, 6, 1, 2, 3, 16, 15, 14, 17, 22, 20, 19, 18, 10, 13, 9, 5, 4, 8, 7, 21, 
V0 0 (3264.00 290.11 2731.31): 0 12 11 6 1 2 3 16 15 14 17 22 20 19 18 0
V1 0 (4350.00 67.94 368.73): 0 10 13 0
V2 1 (2575.00 216.62 1311.92): 0 9 5 4 8 7 21 0
V3 -1 (0.00 0.00 -0.00): 0 0
574.76265052 -1370.77869891
0, 10, 13, 18, 19, 20, 22, 17, 14, 15, 16, 3, 2, 1, 6, 12, 11, 9, 4, 5, 8, 21, 7, 
V0 0 (4350.00 67.94 368.73): 0 10 13 0
V1 0 (2739.00 283.96 2372.82): 0 18 19 20 22 17 14 15 16 3 2 1 6 0
V2 1 (3100.00 222.87 1670.31): 0 12 11 9 4 5 8 21 7 0
V3 -1 (0.00 0.00 -0.00): 0 0
574.81269280 -1370.77869891
0, 10, 13, 6, 1, 2, 3, 16, 15, 14, 17, 22, 20, 19, 18, 12, 7, 21, 4, 5, 8, 9, 11, 
V0 0 (4350.00 67.94 368.73): 0 10 13 0
V1 0 (2739.00 283.96 2372.82): 0 6 1 2 3 16 15 14 17 22 20 19 18 0
V2 1 (3100.00 222.92 1670.26): 0 12 7 21 4 5 8 9 11 0
V3 -1 (0.00 0.00 -0.00): 0 0
574.83044677 -1348.20929852
0, 12, 10, 6, 1, 2, 3, 16, 15, 14, 17, 22, 20, 19, 18, 11, 13, 9, 7, 8, 5, 4, 21, 
V0 0 (4400.00 67.91 323.59): 0 12 10 0
V1 0 (2739.00 283.96 2372.82): 0 6 1 2 3 16 15 14 17 22 20 19 18 0
V2 1 (3050.00 222.96 1715.38): 0 11 13 9 7 8 5 4 21 0
V3 -1 (0.00 0.00 -0.00): 0 0
574.87970248 -1022.02864383
0, 12, 11, 9, 8, 5, 4, 21, 7, 13, 10, 6, 1, 2, 3, 15, 16, 14, 17, 22, 20, 19, 18, 
V0 0 (3100.00 217.85 1675.32): 0 12 11 9 8 5 4 21 7 0
V1 0 (4350.00 67.94 368.73): 0 13 10 0
V2 1 (2739.00 289.09 2367.69): 0 6 1 2 3 15 16 14 17 22 20 19 18 0
V3 -1 (0.00 0.00 -0.00): 0 0
574.87970248 -1368.21189828
0, 13, 10, 6, 1, 2, 3, 15, 16, 14, 17, 22, 20, 19, 18, 12, 11, 9, 8, 5, 4, 21, 7, 
V0 0 (4350.00 67.94 368.73): 0 13 10 0
V1 0 (2739.00 289.09 2367.69): 0 6 1 2 3 15 16 14 17 22 20 19 18 0
V2 1 (3100.00 217.85 1675.32): 0 12 11 9 8 5 4 21 7 0
V3 -1 (0.00 0.00 -0.00): 0 0
574.90118354 -1263.77368006
0, 18, 19, 20, 22, 17, 14, 15, 16, 3, 2, 1, 6, 10, 12, 11, 13, 9, 4, 5, 8, 21, 7, 
V0 0 (2739.00 283.96 2372.82): 0 18 19 20 22 17 14 15 16 3 2 1 6 0
V1 0 (4100.00 67.05 154.72): 0 10 0
V2 1 (3350.00 223.89 1884.18): 0 12 11 13 9 4 5 8 21 7 0
V3 -1 (0.00 0.00 -0.00): 0 0
574.95122582 -1263.77368006
0, 18, 19, 20, 22, 17, 14, 15, 16, 3, 2, 1, 6, 10, 11, 13, 9, 8, 5, 4, 21, 7, 12, 
V0 0 (2739.00 283.96 2372.82): 0 18 19 20 22 17 14 15 16 3 2 1 6 0
V1 0 (4100.00 67.05 154.72): 0 10 0
V2 1 (3350.00 223.94 1884.13): 0 11 13 9 8 5 4 21 7 12 0
V3 -1 (0.00 0.00 -0.00): 0 0
575.00036086 -1363.31658512
0, 7, 10, 18, 19, 20, 22, 17, 14, 15, 16, 3, 2, 1, 6, 12, 11, 13, 9, 8, 4, 5, 21, 
V0 0 (4450.00 84.11 353.81): 0 7 10 0
V1 0 (2739.00 283.96 2372.82): 0 18 19 20 22 17 14 15 16 3 2 1 6 0
V2 1 (3000.00 206.93 1684.99): 0 12 11 13 9 8 4 5 21 0
V3 -1 (0.00 0.00 -0.00): 0 0
575.01823550 -1261.20687942
0, 18, 19, 20, 22, 17, 14, 16, 15, 3, 2, 1, 6, 10, 12, 11, 13, 9, 8, 5, 4, 21, 7, 
V0 0 (2739.00 289.09 2367.69): 0 18 19 20 22 17 14 16 15 3 2 1 6 0
V1 0 (4100.00 67.05 154.72): 0 10 0
V2 1 (3350.00 218.87 1889.20): 0 12 11 13 9 8 5 4 21 7 0
V3 -1 (0.00 0.00 -0.00): 0 0
575.01823550 -1021.95937732
0, 7, 21, 4, 5, 8, 9, 13, 11, 12, 10, 6, 1, 2, 3, 15, 16, 14, 17, 22, 20, 19, 18, 
V0 0 (3350.00 218.87 1889.20): 0 7 21 4 5 8 9 13 11 12 0
V1 0 (4100.00 67.05 154.72): 0 10 0
V2 1 (2739.00 289.09 2367.69): 0 6 1 2 3 15 16 14 17 22 20 19 18 0
V3 -1 (0.00 0.00 -0.00): 0 0
575.03029195 -1455.41892712
0, 18, 19, 20, 22, 17, 14, 15, 16, 3, 2, 1, 6, 12, 13, 10, 11, 9, 4, 5, 8, 21, 7, 
V0 0 (3039.00 284.41 2542.11): 0 18 19 20 22 17 14 15 16 3 2 1 6 12 0
V1 0 (4350.00 67.94 368.73): 0 13 10 0
V2 1 (2800.00 222.69 1500.76): 0 11 9 4 5 8 21 7 0
V3 -1 (0.00 0.00 -0.00): 0 0
575.07219044 -1358.24187720
0, 11, 6, 1, 2, 3, 16, 15, 14, 17, 22, 20, 19, 18, 10, 7, 21, 4, 5, 8, 9, 13, 12, 
V0 0 (2964.00 289.93 2561.76): 0 11 6 1 2 3 16 15 14 17 22 20 19 18 0
V1 0 (4100.00 67.05 154.72): 0 10 0
V2 1 (3125.00 218.09 1695.07): 0 7 21 4 5 8 9 13 12 0
V3 -1 (0.00 0.00 -0.00): 0 0
575.14734391 -1452.85212649
0, 18, 19, 20, 22, 17, 14, 16, 15, 3, 2, 1, 6, 12, 10, 13, 11, 9, 8, 5, 4, 21, 7, 
V0 0 (3039.00 289.54 2536.97): 0 18 19 20 22 17 14 16 15 3 2 1 6 12 0
V1 0 (4350.00 67.94 368.73): 0 10 13 0
V2 1 (2800.00 217.67 1505.78): 0 11 9 8 5 4 21 7 0
V3 -1 (0.00 0.00 -0.00): 0 0
575.15458569 -1444.89134565
0, 18, 19, 20, 22, 17, 14, 15, 16, 3, 2, 1, 6, 12, 11, 10, 13, 9, 7, 8, 5, 4, 21, 
V0 0 (3039.00 284.41 2542.11): 0 18 19 20 22 17 14 15 16 3 2 1 6 12 0
V1 0 (4325.00 69.00 347.68): 0 11 10 0
V2 1 (2825.00 221.74 1521.69): 0 13 9 7 8 5 4 21 0
V3 -1 (0.00 0.00 -0.00): 0 0
575.16882497 -1348.41390827
0, 10, 12, 6, 1, 2, 3, 16, 15, 14, 17, 22, 20, 19, 18, 11, 13, 9, 4, 5, 8, 21, 7, 
V0 0 (4100.00 67.05 154.72): 0 10 0
V1 0 (3039.00 284.41 2542.11): 0 12 6 1 2 3 16 15 14 17 22 20 19 18 0
V2 1 (3050.00 223.71 1714.63): 0 11 13 9 4 5 8 21 7 0
V3 -1 (0.00 0.00 -0.00): 0 0
575.26800229 -1447.95681333
0, 10, 7, 18, 19, 20, 22, 17, 14, 15, 16, 3, 2, 1, 6, 12, 21, 5, 4, 8, 9, 13, 11, 
V0 0 (4450.00 84.11 353.81): 0 10 7 0
V1 0 (3039.00 284.41 2542.11): 0 18 19 20 22 17 14 15 16 3 2 1 6 12 0
V2 1 (2700.00 206.75 1515.45): 0 21 5 4 8 9 13 11 0
V3 -1 (0.00 0.00 -0.00): 0 0
575.28587693 -1345.84710764
0, 18, 19, 20, 22, 17, 14, 16, 15, 3, 2, 1, 6, 12, 10, 11, 13, 9, 8, 5, 4, 21, 7, 
V0 0 (3039.00 289.54 2536.97): 0 18 19 20 22 17 14 16 15 3 2 1 6 12 0
V1 0 (4100.00 67.05 154.72): 0 10 0
V2 1 (3050.00 218.69 1719.65): 0 11 13 9 8 5 4 21 7 0
V3 -1 (0.00 0.00 -0.00): 0 0
575.30855521 -1370.77869891
0, 10, 13, 6, 1, 2, 3, 16, 15, 14, 17, 22, 20, 19, 18, 21, 7, 8, 5, 4, 9, 11, 12, 
V0 0 (4350.00 67.94 368.73): 0 10 13 0
V1 0 (2739.00 283.96 2372.82): 0 6 1 2 3 16 15 14 17 22 20 19 18 0
V2 1 (3100.00 223.41 1669.76): 0 21 7 8 5 4 9 11 12 0
V3 -1 (0.00 0.00 -0.00): 0 0
575.31333405 -1442.67749566
0, 10, 12, 18, 19, 20, 22, 17, 14, 15, 16, 3, 2, 1, 6, 11, 7, 21, 4, 5, 8, 9, 13, 
V0 0 (4400.00 67.91 323.59): 0 10 12 0
V1 0 (2964.00 289.93 2561.76): 0 18 19 20 22 17 14 15 16 3 2 1 6 11 0
V2 1 (2825.00 217.48 1525.96): 0 7 21 4 5 8 9 13 0
V3 -1 (0.00 0.00 -0.00): 0 0
575.32266157 -1360.25111743
0, 18, 19, 20, 22, 17, 14, 15, 16, 3, 2, 1, 6, 10, 11, 12, 13, 9, 7, 8, 5, 4, 21, 
V0 0 (2739.00 283.96 2372.82): 0 18 19 20 22 17 14 15 16 3 2 1 6 0
V1 0 (4325.00 69.00 347.68): 0 10 11 0
V2 1 (3125.00 222.36 1690.80): 0 12 13 9 7 8 5 4 21 0
V3 -1 (0.00 0.00 -0.00): 0 0
575.42898433 -1465.24689605
0, 18, 19, 20, 22, 17, 14, 15, 16, 3, 2, 1, 6, 11, 13, 10, 21, 5, 4, 8, 9, 7, 12, 
V0 0 (2964.00 289.93 2561.76): 0 18 19 20 22 17 14 15 16 3 2 1 6 11 0
V1 0 (4350.00 67.94 368.73): 0 13 10 0
V2 1 (2875.00 217.56 1480.71): 0 21 5 4 8 9 7 12 0
V3 -1 (0.00 0.00 -0.00): 0 0
575.44708823 -1263.77368006
0, 18, 19, 20, 22, 17, 14, 15, 16, 3, 2, 1, 6, 10, 12, 11, 13, 9, 4, 5, 8, 7, 21, 
V0 0 (2739.00 283.96 2372.82): 0 18 19 20 22 17 14 15 16 3 2 1 6 0
V1 0 (4100.00 67.05 154.72): 0 10 0
V2 1 (3350.00 224.44 1883.63): 0 12 11 13 9 4 5 8 7 21 0
V3 -1 (0.00 0.00 -0.00): 0 0
575.49599401 -1316.22402433
0, 18, 19, 20, 22, 17, 14, 16, 15, 3, 2, 1, 6, 11, 12, 13, 10, 21, 5, 4, 8, 9, 7, 
V0 0 (3264.00 295.24 2726.18): 0 18 19 20 22 17 14 16 15 3 2 1 6 11 12 0
V1 0 (4350.00 67.94 368.73): 0 13 10 0
V2 1 (2575.00 212.32 1316.22): 0 21 5 4 8 9 7 0
V3 -1 (0.00 0.00 -0.00): 0 0
575.51206393 -1465.24689605
0, 18, 19, 20, 22, 17, 14, 15, 16, 3, 2, 1, 6, 11, 10, 13, 7, 21, 8, 4, 5, 9, 12, 
V0 0 (2964.00 289.93 2561.76): 0 18 19 20 22 17 14 15 16 3 2 1 6 11 0
V1 0 (4350.00 67.94 368.73): 0 10 13 0
V2 1 (2875.00 217.65 1480.62): 0 7 21 8 4 5 9 12 0
V3 -1 (0.00 0.00 -0.00): 0 0
575.57619664 -1455.41892712
0, 18, 19, 20, 22, 17, 14, 15, 16, 3, 2, 1, 6, 12, 13, 10, 11, 9, 4, 5, 8, 7, 21, 
V0 0 (3039.00 284.41 2542.11): 0 18 19 20 22 17 14 15 16 3 2 1 6 12 0
V1 0 (4350.00 67.94 368.73): 0 13 10 0
V2 1 (2800.00 223.23 1500.21): 0 11 9 4 5 8 7 21 0
V3 -1 (0.00 0.00 -0.00): 0 0
575.57804447 -1348.20929852
0, 12, 10, 18, 19, 20, 22, 17, 14, 15, 16, 3, 2, 1, 6, 7, 21, 8, 5, 4, 9, 13, 11, 
V0 0 (4400.00 67.91 323.59): 0 12 10 0
V1 0 (2739.00 283.96 2372.82): 0 18 19 20 22 17 14 15 16 3 2 1 6 0
V2 1 (3050.00 223.71 1714.63): 0 7 21 8 5 4 9 13 11 0
V3 -1 (0.00 0.00 -0.00): 0 0
575.66598265 -1310.92043443
0, 18, 19, 20, 22, 17, 14, 15, 16, 3, 2, 1, 6, 11, 12, 13, 10, 9, 7, 8, 5, 4, 21, 
V0 0 (3264.00 290.11 2731.31): 0 18 19 20 22 17 14 15 16 3 2 1 6 11 12 0
V1 0 (4350.00 67.94 368.73): 0 13 10 0
V2 1 (2575.00 217.62 1310.92): 0 9 7 8 5 4 21 0
V3 -1 (0.00 0.00 -0.00): 0 0
575.68458424 -1360.25111743
0, 10, 11, 6, 1, 2, 3, 16, 15, 14, 17, 22, 20, 19, 18, 12, 7, 21, 4, 5, 8, 9, 13, 
V0 0 (4325.00 69.00 347.68): 0 10 11 0
V1 0 (2739.00 283.96 2372.82): 0 6 1 2 3 16 15 14 17 22 20 19 18 0
V2 1 (3125.00 222.72 1690.44): 0 12 7 21 4 5 8 9 13 0
V3 -1 (0.00 0.00 -0.00): 0 0
575.69509644 -1345.64249788
0, 12, 10, 6, 1, 2, 3, 15, 16, 14, 17, 22, 20, 19, 18, 11, 13, 9, 8, 5, 4, 21, 7, 
V0 0 (4400.00 67.91 323.59): 0 12 10 0
V1 0 (2739.00 289.09 2367.69): 0 6 1 2 3 15 16 14 17 22 20 19 18 0
V2 1 (3050.00 218.69 1719.65): 0 11 13 9 8 5 4 21 7 0
V3 -1 (0.00 0.00 -0.00): 0 0
575.71472966 -1348.41390827
0, 10, 12, 6, 1, 2, 3, 16, 15, 14, 17, 22, 20, 19, 18, 21, 7, 8, 5, 4, 9, 13, 11, 
V0 0 (4100.00 67.05 154.72): 0 10 0
V1 0 (3039.00 284.41 2542.11): 0 12 6 1 2 3 16 15 14 17 22 20 19 18 0
V2 1 (3050.00 224.25 1714.09): 0 21 7 8 5 4 9 13 11 0
V3 -1 (0.00 0.00 -0.00): 0 0
575.81494449 -1370.77869891
0, 10, 13, 6, 1, 2, 3, 16, 15, 14, 17, 22, 20, 19, 18, 21, 5, 4, 8, 7, 9, 11, 12, 
V0 0 (4350.00 67.94 368.73): 0 10 13 0
V1 0 (2739.00 283.96 2372.82): 0 6 1 2 3 16 15 14 17 22 20 19 18 0
V2 1 (3100.00 223.92 1669.26): 0 21 5 4 8 7 9 11 12 0
V3 -1 (0.00 0.00 -0.00): 0 0
575.90218339 -1444.89134565
0, 10, 11, 18, 19, 20, 22, 17, 14, 15, 16, 3, 2, 1, 6, 12, 13, 9, 4, 5, 8, 21, 7, 
V0 0 (4325.00 69.00 347.68): 0 10 11 0
V1 0 (3039.00 284.41 2542.11): 0 18 19 20 22 17 14 15 16 3 2 1 6 12 0
V2 1 (2825.00 222.49 1520.94): 0 13 9 4 5 8 21 7 0
V3 -1 (0.00 0.00 -0.00): 0 0
575.92417827 -1363.31658512
0, 10, 7, 18, 19, 20, 22, 17, 14, 15, 16, 3, 2, 1, 6, 12, 11, 13, 9, 5, 4, 8, 21, 
V0 0 (4450.00 84.11 353.81): 0 10 7 0
V1 0 (2739.00 283.96 2372.82): 0 18 19 20 22 17 14 15 16 3 2 1 6 0
V2 1 (3000.00 207.85 1684.07): 0 12 11 13 9 5 4 8 21 0
V3 -1 (0.00 0.00 -0.00): 0 0
576.01923535 -1442.32454501
0, 18, 19, 20, 22, 17, 14, 16, 15, 3, 2, 1, 6, 12, 11, 10, 7, 21, 4, 5, 8, 9, 13, 
V0 0 (3039.00 289.54 2536.97): 0 18 19 20 22 17 14 16 15 3 2 1 6 12 0
V1 0 (4325.00 69.00 347.68): 0 11 10 0
V2 1 (2825.00 217.48 1525.96): 0 7 21 4 5 8 9 13 0
V3 -1 (0.00 0.00 -0.00): 0 0
576.05796862 -1465.24689605
0, 18, 19, 20, 22, 17, 14, 15, 16, 3, 2, 1, 6, 11, 10, 13, 12, 9, 5, 4, 8, 7, 21, 
V0 0 (2964.00 289.93 2561.76): 0 18 19 20 22 17 14 15 16 3 2 1 6 11 0
V1 0 (4350.00 67.94 368.73): 0 10 13 0
V2 1 (2875.00 218.19 1480.08): 0 12 9 5 4 8 7 21 0
V3 -1 (0.00 0.00 -0.00): 0 0
576.07025928 -1360.25111743
0, 6, 1, 2, 3, 16, 15, 14, 17, 22, 20, 19, 18, 11, 10, 7, 21, 8, 5, 4, 9, 13, 12, 
V0 0 (2739.00 283.96 2372.82): 0 6 1 2 3 16 15 14 17 22 20 19 18 0
V1 0 (4325.00 69.00 347.68): 0 11 10 0
V2 1 (3125.00 223.11 1690.06): 0 7 21 8 5 4 9 13 12 0
V3 -1 (0.00 0.00 -0.00): 0 0
576.08258591 -1455.41892712
0, 10, 13, 18, 19, 20, 22, 17, 14, 15, 16, 3, 2, 1, 6, 12, 21, 5, 4, 8, 7, 9, 11, 
V0 0 (4350.00 67.94 368.73): 0 10 13 0
V1 0 (3039.00 284.41 2542.11): 0 18 19 20 22 17 14 15 16 3 2 1 6 12 0
V2 1 (2800.00 223.74 1499.71): 0 21 5 4 8 7 9 11 0
V3 -1 (0.00 0.00 -0.00): 0 0
576.12394917 -1348.20929852
0, 10, 12, 18, 19, 20, 22, 17, 14, 15, 16, 3, 2, 1, 6, 21, 7, 8, 5, 4, 9, 13, 11, 
V0 0 (4400.00 67.91 323.59): 0 10 12 0
V1 0 (2739.00 283.96 2372.82): 0 18 19 20 22 17 14 15 16 3 2 1 6 0
V2 1 (3050.00 224.25 1714.09): 0 21 7 8 5 4 9 13 11 0
V3 -1 (0.00 0.00 -0.00): 0 0
576.18731124 -1357.68431680
0, 18, 19, 20, 22, 17, 14, 16, 15, 3, 2, 1, 6, 11, 10, 7, 21, 4, 5, 8, 9, 13, 12, 
V0 0 (2739.00 289.09 2367.69): 0 18 19 20 22 17 14 16 15 3 2 1 6 0
V1 0 (4325.00 69.00 347.68): 0 11 10 0
V2 1 (3125.00 218.09 1695.07): 0 7 21 4 5 8 9 13 12 0
V3 -1 (0.00 0.00 -0.00): 0 0
576.19181970 -1447.95681333
0, 18, 19, 20, 22, 17, 14, 15, 16, 3, 2, 1, 6, 12, 7, 10, 11, 13, 9, 5, 4, 8, 21, 
V0 0 (3039.00 284.41 2542.11): 0 18 19 20 22 17 14 15 16 3 2 1 6 12 0
V1 0 (4450.00 84.11 353.81): 0 7 10 0
V2 1 (2700.00 207.67 1514.52): 0 11 13 9 5 4 8 21 0
V3 -1 (0.00 0.00 -0.00): 0 0
576.22111894 -1348.41390827
0, 18, 19, 20, 22, 17, 14, 15, 16, 3, 2, 1, 6, 12, 10, 11, 13, 9, 7, 8, 4, 5, 21, 
V0 0 (3039.00 284.41 2542.11): 0 18 19 20 22 17 14 15 16 3 2 1 6 12 0
V1 0 (4100.00 67.05 154.72): 0 10 0
V2 1 (3050.00 224.76 1713.58): 0 11 13 9 7 8 4 5 21 0
V3 -1 (0.00 0.00 -0.00): 0 0
576.35280174 -1465.24689605
0, 18, 19, 20, 22, 17, 14, 15, 16, 3, 2, 1, 6, 11, 13, 10, 21, 8, 4, 5, 9, 7, 12, 
V0 0 (2964.00 289.93 2561.76): 0 18 19 20 22 17 14 15 16 3 2 1 6 11 0
V1 0 (4350.00 67.94 368.73): 0 13 10 0
V2 1 (2875.00 218.49 1479.78): 0 21 8 4 5 9 7 12 0
V3 -1 (0.00 0.00 -0.00): 0 0
576.43636479 -1443.01592613
0, 10, 12, 11, 6, 1, 2, 3, 16, 15, 14, 17, 22, 20, 19, 18, 13, 9, 8, 4, 5, 21, 7, 
V0 0 (4100.00 67.05 154.72): 0 10 0
V1 0 (3264.00 290.11 2731.31): 0 12 11 6 1 2 3 16 15 14 17 22 20 19 18 0
V2 1 (2825.00 219.28 1524.16): 0 13 9 8 4 5 21 7 0
V3 -1 (0.00 0.00 -0.00): 0 0
576.44808808 -1444.89134565
0, 18, 19, 20, 22, 17, 14, 15, 16, 3, 2, 1, 6, 12, 11, 10, 13, 9, 4, 5, 8, 7, 21, 
V0 0 (3039.00 284.41 2542.11): 0 18 19 20 22 17 14 15 16 3 2 1 6 12 0
V1 0 (4325.00 69.00 347.68): 0 11 10 0
V2 1 (2825.00 223.04 1520.40): 0 13 9 4 5 8 7 21 0
V3 -1 (0.00 0.00 -0.00): 0 0
576.46362263 -1465.24689605
0, 11, 6, 1, 2, 3, 16, 15, 14, 17, 22, 20, 19, 18, 13, 10, 9, 8, 5, 4, 21, 7, 12, 
V0 0 (2964.00 289.93 2561.76): 0 11 6 1 2 3 16 15 14 17 22 20 19 18 0
V1 0 (4350.00 67.94 368.73): 0 13 10 0
V2 1 (2875.00 218.60 1479.67): 0 9 8 5 4 21 7 12 0
V3 -1 (0.00 0.00 -0.00): 0 0
576.61258447 -1370.77869891
0, 10, 13, 6, 1, 2, 3, 16, 15, 14, 17, 22, 20, 19, 18, 12, 7, 21, 5, 4, 8, 9, 11, 
V0 0 (4350.00 67.94 368.73): 0 10 13 0
V1 0 (2739.00 283.96 2372.82): 0 6 1 2 3 16 15 14 17 22 20 19 18 0
V2 1 (3100.00 224.72 1668.46): 0 12 7 21 5 4 8 9 11 0
V3 -1 (0.00 0.00 -0.00): 0 0
576.61616397 -1360.25111743
0, 10, 11, 6, 1, 2, 3, 16, 15, 14, 17, 22, 20, 19, 18, 21, 7, 8, 5, 4, 9, 13, 12, 
V0 0 (4325.00 69.00 347.68): 0 10 11 0
V1 0 (2739.00 283.96 2372.82): 0 6 1 2 3 16 15 14 17 22 20 19 18 0
V2 1 (3125.00 223.65 1689.51): 0 21 7 8 5 4 9 13 12 0
V3 -1 (0.00 0.00 -0.00): 0 0
576.67959415 -1368.21189828
0, 13, 10, 6, 1, 2, 3, 15, 16, 14, 17, 22, 20, 19, 18, 12, 11, 9, 8, 4, 5, 21, 7, 
V0 0 (4350.00 67.94 368.73): 0 13 10 0
V1 0 (2739.00 289.09 2367.69): 0 6 1 2 3 15 16 14 17 22 20 19 18 0
V2 1 (3100.00 219.65 1673.52): 0 12 11 9 8 4 5 21 7 0
V3 -1 (0.00 0.00 -0.00): 0 0
576.87208211 -1358.24187720
0, 11, 6, 1, 2, 3, 16, 15, 14, 17, 22, 20, 19, 18, 10, 7, 21, 5, 4, 8, 9, 13, 12, 
V0 0 (2964.00 289.93 2561.76): 0 11 6 1 2 3 16 15 14 17 22 20 19 18 0
V1 0 (4100.00 67.05 154.72): 0 10 0
V2 1 (3125.00 219.89 1693.27): 0 7 21 5 4 8 9 13 12 0
V3 -1 (0.00 0.00 -0.00): 0 0
576.94723558 -1452.85212649
0, 18, 19, 20, 22, 17, 14, 16, 15, 3, 2, 1, 6, 12, 10, 13, 11, 9, 8, 4, 5, 21, 7, 
V0 0 (3039.00 289.54 2536.97): 0 18 19 20 22 17 14 16 15 3 2 1 6 12 0
V1 0 (4350.00 67.94 368.73): 0 10 13 0
V2 1 (2800.00 219.47 1503.98): 0 11 9 8 4 5 21 7 0
V3 -1 (0.00 0.00 -0.00): 0 0
576.95447736 -1444.89134565
0, 10, 11, 18, 19, 20, 22, 17, 14, 15, 16, 3, 2, 1, 6, 12, 21, 5, 4, 8, 7, 9, 13, 
V0 0 (4325.00 69.00 347.68): 0 10 11 0
V1 0 (3039.00 284.41 2542.11): 0 18 19 20 22 17 14 15 16 3 2 1 6 12 0
V2 1 (2825.00 223.54 1519.89): 0 21 5 4 8 7 9 13 0
V3 -1 (0.00 0.00 -0.00): 0 0
577.05730646 -1465.24689605
0, 13, 10, 11, 6, 1, 2, 3, 16, 15, 14, 17, 22, 20, 19, 18, 21, 4, 5, 8, 7, 9, 12, 
V0 0 (4350.00 67.94 368.73): 0 13 10 0
V1 0 (2964.00 289.93 2561.76): 0 11 6 1 2 3 16 15 14 17 22 20 19 18 0
V2 1 (2875.00 219.19 1479.08): 0 21 4 5 8 7 9 12 0
V3 -1 (0.00 0.00 -0.00): 0 0
577.11322572 -1442.67749566
0, 12, 10, 11, 6, 1, 2, 3, 16, 15, 14, 17, 22, 20, 19, 18, 13, 9, 8, 4, 5, 21, 7, 
V0 0 (4400.00 67.91 323.59): 0 12 10 0
V1 0 (2964.00 289.93 2561.76): 0 11 6 1 2 3 16 15 14 17 22 20 19 18 0
V2 1 (2825.00 219.28 1524.16): 0 13 9 8 4 5 21 7 0
V3 -1 (0.00 0.00 -0.00): 0 0
577.12255324 -1360.25111743
0, 18, 19, 20, 22, 17, 14, 15, 16, 3, 2, 1, 6, 11, 10, 12, 13, 9, 7, 8, 4, 5, 21, 
V0 0 (2739.00 283.96 2372.82): 0 18 19 20 22 17 14 15 16 3 2 1 6 0
V1 0 (4325.00 69.00 347.68): 0 11 10 0
V2 1 (3125.00 224.16 1689.00): 0 12 13 9 7 8 4 5 21 0
V3 -1 (0.00 0.00 -0.00): 0 0
577.36018220 -1443.01592613
0, 10, 12, 11, 6, 1, 2, 3, 16, 15, 14, 17, 22, 20, 19, 18, 13, 9, 5, 4, 8, 21, 7, 
V0 0 (4100.00 67.05 154.72): 0 10 0
V1 0 (3264.00 290.11 2731.31): 0 12 11 6 1 2 3 16 15 14 17 22 20 19 18 0
V2 1 (2825.00 220.20 1523.24): 0 13 9 5 4 8 21 7 0
V3 -1 (0.00 0.00 -0.00): 0 0
577.46346122 -1444.89134565
0, 12, 6, 1, 2, 3, 16, 15, 14, 17, 22, 20, 19, 18, 11, 10, 21, 4, 5, 8, 9, 13, 7, 
V0 0 (3039.00 284.41 2542.11): 0 12 6 1 2 3 16 15 14 17 22 20 19 18 0
V1 0 (4325.00 69.00 347.68): 0 11 10 0
V2 1 (2825.00 224.05 1519.38): 0 21 4 5 8 9 13 7 0
V3 -1 (0.00 0.00 -0.00): 0 0
577.53640188 -1370.77869891
0, 10, 13, 6, 1, 2, 3, 16, 15, 14, 17, 22, 20, 19, 18, 12, 7, 21, 8, 4, 5, 9, 11, 
V0 0 (4350.00 67.94 368.73): 0 10 13 0
V1 0 (2739.00 283.96 2372.82): 0 6 1 2 3 16 15 14 17 22 20 19 18 0
V2 1 (3100.00 225.64 1667.53): 0 12 7 21 8 4 5 9 11 0
V3 -1 (0.00 0.00 -0.00): 0 0
577.60341156 -1368.21189828
0, 13, 10, 6, 1, 2, 3, 15, 16, 14, 17, 22, 20, 19, 18, 12, 11, 9, 5, 4, 8, 21, 7, 
V0 0 (4350.00 67.94 368.73): 0 13 10 0
V1 0 (2739.00 289.09 2367.69): 0 6 1 2 3 15 16 14 17 22 20 19 18 0
V2 1 (3100.00 220.57 1672.60): 0 12 11 9 5 4 8 21 7 0
V3 -1 (0.00 0.00 -0.00): 0 0
577.80490416 -1465.24689605
0, 18, 19, 20, 22, 17, 14, 15, 16, 3, 2, 1, 6, 11, 10, 13, 12, 9, 4, 5, 8, 21, 7, 
V0 0 (2964.00 289.93 2561.76): 0 18 19 20 22 17 14 15 16 3 2 1 6 11 0
V1 0 (4350.00 67.94 368.73): 0 10 13 0
V2 1 (2875.00 219.94 1478.33): 0 12 9 4 5 8 21 7 0
V3 -1 (0.00 0.00 -0.00): 0 0
577.81912702 -1442.32454501
0, 18, 19, 20, 22, 17, 14, 16, 15, 3, 2, 1, 6, 12, 11, 10, 13, 9, 8, 4, 5, 21, 7, 
V0 0 (3039.00 289.54 2536.97): 0 18 19 20 22 17 14 16 15 3 2 1 6 12 0
V1 0 (4325.00 69.00 347.68): 0 11 10 0
V2 1 (2825.00 219.28 1524.16): 0 13 9 8 4 5 21 7 0
V3 -1 (0.00 0.00 -0.00): 0 0
577.87105299 -1452.85212649
0, 18, 19, 20, 22, 17, 14, 16, 15, 3, 2, 1, 6, 12, 10, 13, 11, 9, 5, 4, 8, 21, 7, 
V0 0 (3039.00 289.54 2536.97): 0 18 19 20 22 17 14 16 15 3 2 1 6 12 0
V1 0 (4350.00 67.94 368.73): 0 10 13 0
V2 1 (2800.00 220.39 1503.05): 0 11 9 5 4 8 21 7 0
V3 -1 (0.00 0.00 -0.00): 0 0
577.90608689 -1443.01592613
0, 10, 12, 11, 6, 1, 2, 3, 16, 15, 14, 17, 22, 20, 19, 18, 13, 9, 5, 4, 8, 7, 21, 
V0 0 (4100.00 67.05 154.72): 0 10 0
V1 0 (3264.00 290.11 2731.31): 0 12 11 6 1 2 3 16 15 14 17 22 20 19 18 0
V2 1 (2825.00 220.75 1522.69): 0 13 9 5 4 8 7 21 0
V3 -1 (0.00 0.00 -0.00): 0 0
577.92195612 -1462.68009542
0, 18, 19, 20, 22, 17, 14, 16, 15, 3, 2, 1, 6, 11, 13, 10, 12, 9, 8, 5, 4, 21, 7, 
V0 0 (2964.00 295.06 2556.63): 0 18 19 20 22 17 14 16 15 3 2 1 6 11 0
V1 0 (4350.00 67.94 368.73): 0 13 10 0
V2 1 (2875.00 214.92 1483.35): 0 12 9 8 5 4 21 7 0
V3 -1 (0.00 0.00 -0.00): 0 0
578.03704313 -1442.67749566
0, 12, 10, 11, 6, 1, 2, 3, 16, 15, 14, 17, 22, 20, 19, 18, 13, 9, 5, 4, 8, 21, 7, 
V0 0 (4400.00 67.91 323.59): 0 12 10 0
V1 0 (2964.00 289.93 2561.76): 0 11 6 1 2 3 16 15 14 17 22 20 19 18 0
V2 1 (2825.00 220.20 1523.24): 0 13 9 5 4 8 21 7 0
V3 -1 (0.00 0.00 -0.00): 0 0
578.14931625 -1368.21189828
0, 13, 10, 6, 1, 2, 3, 15, 16, 14, 17, 22, 20, 19, 18, 12, 11, 9, 5, 4, 8, 7, 21, 
V0 0 (4350.00 67.94 368.73): 0 13 10 0
V1 0 (2739.00 289.09 2367.69): 0 6 1 2 3 15 16 14 17 22 20 19 18 0
V2 1 (3100.00 221.12 1672.06): 0 12 11 9 5 4 8 7 21 0
V3 -1 (0.00 0.00 -0.00): 0 0
578.21701850 -1363.31658512
0, 10, 7, 18, 19, 20, 22, 17, 14, 15, 16, 3, 2, 1, 6, 12, 11, 13, 9, 4, 5, 8, 21, 
V0 0 (4450.00 84.11 353.81): 0 10 7 0
V1 0 (2739.00 283.96 2372.82): 0 18 19 20 22 17 14 15 16 3 2 1 6 0
V2 1 (3000.00 210.14 1681.78): 0 12 11 13 9 4 5 8 21 0
V3 -1 (0.00 0.00 -0.00): 0 0
578.26351430 -1465.24689605
0, 11, 6, 1, 2, 3, 16, 15, 14, 17, 22, 20, 19, 18, 13, 10, 9, 8, 4, 5, 21, 7, 12, 
V0 0 (2964.00 289.93 2561.76): 0 11 6 1 2 3 16 15 14 17 22 20 19 18 0
V1 0 (4350.00 67.94 368.73): 0 13 10 0
V2 1 (2875.00 220.40 1477.87): 0 9 8 4 5 21 7 12 0
V3 -1 (0.00 0.00 -0.00): 0 0
578.35080885 -1465.24689605
0, 18, 19, 20, 22, 17, 14, 15, 16, 3, 2, 1, 6, 11, 13, 10, 12, 9, 4, 5, 8, 7, 21, 
V0 0 (2964.00 289.93 2561.76): 0 18 19 20 22 17 14 15 16 3 2 1 6 11 0
V1 0 (4350.00 67.94 368.73): 0 13 10 0
V2 1 (2875.00 220.49 1477.78): 0 12 9 4 5 8 7 21 0
V3 -1 (0.00 0.00 -0.00): 0 0
578.38802539 -1457.78478226
0, 7, 10, 11, 6, 1, 2, 3, 16, 15, 14, 17, 22, 20, 19, 18, 21, 4, 5, 8, 9, 13, 12, 
V0 0 (4450.00 84.11 353.81): 0 7 10 0
V1 0 (2964.00 289.93 2561.76): 0 11 6 1 2 3 16 15 14 17 22 20 19 18 0
V2 1 (2775.00 204.35 1492.67): 0 21 4 5 8 9 13 12 0
V3 -1 (0.00 0.00 -0.00): 0 0
578.41695768 -1452.85212649
0, 18, 19, 20, 22, 17, 14, 16, 15, 3, 2, 1, 6, 12, 10, 13, 11, 9, 5, 4, 8, 7, 21, 
V0 0 (3039.00 289.54 2536.97): 0 18 19 20 22 17 14 16 15 3 2 1 6 12 0
V1 0 (4350.00 67.94 368.73): 0 10 13 0
V2 1 (2800.00 220.94 1502.51): 0 11 9 5 4 8 7 21 0
V3 -1 (0.00 0.00 -0.00): 0 0
578.48465993 -1447.95681333
0, 7, 10, 18, 19, 20, 22, 17, 14, 15, 16, 3, 2, 1, 6, 12, 21, 8, 5, 4, 9, 13, 11, 
V0 0 (4450.00 84.11 353.81): 0 7 10 0
V1 0 (3039.00 284.41 2542.11): 0 18 19 20 22 17 14 15 16 3 2 1 6 12 0
V2 1 (2700.00 209.96 1512.23): 0 21 8 5 4 9 13 11 0
V3 -1 (0.00 0.00 -0.00): 0 0
578.58294782 -1442.67749566
0, 12, 10, 11, 6, 1, 2, 3, 16, 15, 14, 17, 22, 20, 19, 18, 13, 9, 5, 4, 8, 7, 21, 
V0 0 (4400.00 67.91 323.59): 0 12 10 0
V1 0 (2964.00 289.93 2561.76): 0 11 6 1 2 3 16 15 14 17 22 20 19 18 0
V2 1 (2825.00 220.75 1522.69): 0 13 9 5 4 8 7 21 0
V3 -1 (0.00 0.00 -0.00): 0 0
578.60171189 -1445.39001270
0, 18, 19, 20, 22, 17, 14, 16, 15, 3, 2, 1, 6, 12, 7, 10, 11, 13, 9, 8, 5, 4, 21, 
V0 0 (3039.00 289.54 2536.97): 0 18 19 20 22 17 14 16 15 3 2 1 6 12 0
V1 0 (4450.00 84.11 353.81): 0 7 10 0
V2 1 (2700.00 204.95 1517.25): 0 11 13 9 8 5 4 21 0
V3 -1 (0.00 0.00 -0.00): 0 0
578.64564197 -1465.24689605
0, 18, 19, 20, 22, 17, 14, 15, 16, 3, 2, 1, 6, 11, 13, 10, 21, 8, 5, 4, 9, 7, 12, 
V0 0 (2964.00 289.93 2561.76): 0 18 19 20 22 17 14 15 16 3 2 1 6 11 0
V1 0 (4350.00 67.94 368.73): 0 13 10 0
V2 1 (2875.00 220.78 1477.49): 0 21 8 5 4 9 7 12 0
V3 -1 (0.00 0.00 -0.00): 0 0
578.74294443 -1442.32454501
0, 18, 19, 20, 22, 17, 14, 16, 15, 3, 2, 1, 6, 12, 11, 10, 13, 9, 5, 4, 8, 21, 7, 
V0 0 (3039.00 289.54 2536.97): 0 18 19 20 22 17 14 16 15 3 2 1 6 12 0
V1 0 (4325.00 69.00 347.68): 0 11 10 0
V2 1 (2825.00 220.20 1523.24): 0 13 9 5 4 8 21 7 0
V3 -1 (0.00 0.00 -0.00): 0 0
578.76269393 -1462.68009542
0, 18, 19, 20, 22, 17, 14, 16, 15, 3, 2, 1, 6, 11, 13, 10, 12, 7, 9, 8, 5, 4, 21, 
V0 0 (2964.00 295.06 2556.63): 0 18 19 20 22 17 14 16 15 3 2 1 6 11 0
V1 0 (4350.00 67.94 368.73): 0 13 10 0
V2 1 (2875.00 215.76 1482.51): 0 12 7 9 8 5 4 21 0
V3 -1 (0.00 0.00 -0.00): 0 0
578.80164224 -1465.24689605
0, 10, 13, 18, 19, 20, 22, 17, 14, 15, 16, 3, 2, 1, 6, 11, 12, 21, 4, 5, 8, 9, 7, 
V0 0 (4350.00 67.94 368.73): 0 10 13 0
V1 0 (2964.00 289.93 2561.76): 0 18 19 20 22 17 14 15 16 3 2 1 6 11 0
V2 1 (2875.00 220.94 1477.33): 0 12 21 4 5 8 9 7 0
V3 -1 (0.00 0.00 -0.00): 0 0
578.90542472 -1443.01592613
0, 18, 19, 20, 22, 17, 14, 15, 16, 3, 2, 1, 6, 11, 12, 10, 21, 4, 5, 8, 7, 9, 13, 
V0 0 (3264.00 290.11 2731.31): 0 18 19 20 22 17 14 15 16 3 2 1 6 11 12 0
V1 0 (4100.00 67.05 154.72): 0 10 0
V2 1 (2825.00 221.74 1521.69): 0 21 4 5 8 7 9 13 0
V3 -1 (0.00 0.00 -0.00): 0 0
579.20744714 -1450.82207487
0, 10, 13, 12, 6, 1, 3, 2, 16, 15, 14, 17, 22, 20, 19, 18, 11, 9, 8, 5, 4, 21, 7, 
V0 0 (4350.00 67.94 368.73): 0 10 13 0
V1 0 (3039.00 293.60 2532.91): 0 12 6 1 3 2 16 15 14 17 22 20 19 18 0
V2 1 (2800.00 217.67 1505.78): 0 11 9 8 5 4 21 7 0
V3 -1 (0.00 0.00 -0.00): 0 0
579.26335289 -1444.89134565
0, 10, 11, 12, 6, 1, 2, 3, 16, 15, 14, 17, 22, 20, 19, 18, 21, 5, 4, 8, 9, 13, 7, 
V0 0 (4325.00 69.00 347.68): 0 10 11 0
V1 0 (3039.00 284.41 2542.11): 0 12 6 1 2 3 16 15 14 17 22 20 19 18 0
V2 1 (2825.00 225.85 1517.58): 0 21 5 4 8 9 13 7 0
V3 -1 (0.00 0.00 -0.00): 0 0
579.41629551 -1452.85212649
0, 18, 19, 20, 22, 17, 14, 16, 15, 3, 2, 1, 6, 12, 13, 10, 11, 9, 7, 8, 5, 4, 21, 
V0 0 (3039.00 289.54 2536.97): 0 18 19 20 22 17 14 16 15 3 2 1 6 12 0
V1 0 (4350.00 67.94 368.73): 0 13 10 0
V2 1 (2800.00 221.94 1501.51): 0 11 9 7 8 5 4 21 0
V3 -1 (0.00 0.00 -0.00): 0 0
579.72184779 -1462.68009542
0, 18, 19, 20, 22, 17, 14, 16, 15, 3, 2, 1, 6, 11, 13, 10, 12, 9, 8, 4, 5, 21, 7, 
V0 0 (2964.00 295.06 2556.63): 0 18 19 20 22 17 14 16 15 3 2 1 6 11 0
V1 0 (4350.00 67.94 368.73): 0 13 10 0
V2 1 (2875.00 216.72 1481.55): 0 12 9 8 4 5 21 7 0
V3 -1 (0.00 0.00 -0.00): 0 0
580.16389322 -1452.85212649
0, 18, 19, 20, 22, 17, 14, 16, 15, 3, 2, 1, 6, 12, 13, 10, 11, 9, 4, 5, 8, 21, 7, 
V0 0 (3039.00 289.54 2536.97): 0 18 19 20 22 17 14 16 15 3 2 1 6 12 0
V1 0 (4350.00 67.94 368.73): 0 13 10 0
V2 1 (2800.00 222.69 1500.76): 0 11 9 4 5 8 21 7 0
V3 -1 (0.00 0.00 -0.00): 0 0
580.18791706 -1457.78478226
0, 7, 10, 11, 6, 1, 2, 3, 16, 15, 14, 17, 22, 20, 19, 18, 21, 5, 4, 8, 9, 13, 12, 
V0 0 (4450.00 84.11 353.81): 0 7 10 0
V1 0 (2964.00 289.93 2561.76): 0 11 6 1 2 3 16 15 14 17 22 20 19 18 0
V2 1 (2775.00 206.15 1490.87): 0 21 5 4 8 9 13 12 0
V3 -1 (0.00 0.00 -0.00): 0 0
580.40160356 -1445.39001270
0, 18, 19, 20, 22, 17, 14, 16, 15, 3, 2, 1, 6, 12, 7, 10, 21, 5, 4, 8, 9, 13, 11, 
V0 0 (3039.00 289.54 2536.97): 0 18 19 20 22 17 14 16 15 3 2 1 6 12 0
V1 0 (4450.00 84.11 353.81): 0 7 10 0
V2 1 (2700.00 206.75 1515.45): 0 21 5 4 8 9 13 11 0
V3 -1 (0.00 0.00 -0.00): 0 0
580.56258560 -1462.68009542
0, 18, 19, 20, 22, 17, 14, 16, 15, 3, 2, 1, 6, 11, 13, 10, 12, 7, 9, 8, 4, 5, 21, 
V0 0 (2964.00 295.06 2556.63): 0 18 19 20 22 17 14 16 15 3 2 1 6 11 0
V1 0 (4350.00 67.94 368.73): 0 13 10 0
V2 1 (2875.00 217.56 1480.71): 0 12 7 9 8 4 5 21 0
V3 -1 (0.00 0.00 -0.00): 0 0
580.58647474 -1455.41892712
0, 10, 13, 12, 6, 1, 2, 3, 16, 15, 14, 17, 22, 20, 19, 18, 11, 9, 8, 4, 5, 7, 21, 
V0 0 (4350.00 67.94 368.73): 0 10 13 0
V1 0 (3039.00 284.41 2542.11): 0 12 6 1 2 3 16 15 14 17 22 20 19 18 0
V2 1 (2800.00 228.24 1495.20): 0 11 9 8 4 5 7 21 0
V3 -1 (0.00 0.00 -0.00): 0 0
580.60153391 -1465.24689605
0, 18, 19, 20, 22, 17, 14, 15, 16, 3, 2, 1, 6, 11, 10, 13, 7, 9, 8, 4, 5, 21, 12, 
V0 0 (2964.00 289.93 2561.76): 0 18 19 20 22 17 14 15 16 3 2 1 6 11 0
V1 0 (4350.00 67.94 368.73): 0 10 13 0
V2 1 (2875.00 222.74 1475.53): 0 7 9 8 4 5 21 12 0
V3 -1 (0.00 0.00 -0.00): 0 0
580.64566520 -1462.68009542
0, 18, 19, 20, 22, 17, 14, 16, 15, 3, 2, 1, 6, 11, 10, 13, 12, 9, 5, 4, 8, 21, 7, 
V0 0 (2964.00 295.06 2556.63): 0 18 19 20 22 17 14 16 15 3 2 1 6 11 0
V1 0 (4350.00 67.94 368.73): 0 10 13 0
V2 1 (2875.00 217.65 1480.62): 0 12 9 5 4 8 21 7 0
V3 -1 (0.00 0.00 -0.00): 0 0
581.52535132 -1465.24689605
0, 18, 19, 20, 22, 17, 14, 15, 16, 3, 2, 1, 6, 11, 10, 13, 12, 21, 8, 4, 5, 9, 7, 
V0 0 (2964.00 289.93 2561.76): 0 18 19 20 22 17 14 15 16 3 2 1 6 11 0
V1 0 (4350.00 67.94 368.73): 0 10 13 0
V2 1 (2875.00 223.66 1474.61): 0 12 21 8 4 5 9 7 0
V3 -1 (0.00 0.00 -0.00): 0 0
583.36108695 -1465.24689605
0, 18, 19, 20, 22, 17, 14, 15, 16, 3, 2, 1, 6, 11, 13, 10, 12, 9, 8, 4, 5, 7, 21, 
V0 0 (2964.00 289.93 2561.76): 0 18 19 20 22 17 14 15 16 3 2 1 6 11 0
V1 0 (4350.00 67.94 368.73): 0 13 10 0
V2 1 (2875.00 225.50 1472.77): 0 12 9 8 4 5 7 21 0
V3 -1 (0.00 0.00 -0.00): 0 0
592.20890431 -1463.92561062
0, 11, 6, 1, 2, 3, 16, 15, 14, 17, 22, 20, 19, 18, 13, 10, 9, 8, 4, 5, 7, 21, 12, 
V0 0 (2964.00 289.93 2561.76): 0 11 6 1 2 3 16 15 14 17 22 20 19 18 0
V1 0 (4350.00 67.94 368.73): 0 13 10 0
V2 1 (2875.00 234.34 1463.93): 0 9 8 4 5 7 21 12 0
V3 -1 (0.00 0.00 -0.00): 0 0
