Time: 679.01s
7
843.69533026 -1195.62860949
0, 18, 19, 21, 20, 22, 23, 24, 25, 17, 14, 30, 31, 13, 11, 12, 2, 1, 15, 26, 27, 16, 28, 29, 4, 7, 8, 9, 10, 32, 6, 5, 3, 
V0 0 (7850.00 259.39 1700.45): 0 18 19 21 20 22 23 24 25 17 14 0
V1 0 (6500.00 164.39 694.11): 0 30 31 13 11 12 2 0
V2 1 (7950.00 246.86 1038.10): 0 1 15 26 27 16 28 29 0
V3 1 (7070.00 173.06 1353.15): 0 4 7 8 9 10 32 6 5 3 0
V4 -1 (0.00 0.00 -0.00): 0 0
841.05475355 -1194.05417317
0, 1, 15, 26, 27, 16, 28, 29, 4, 5, 6, 7, 9, 8, 32, 11, 3, 31, 14, 30, 13, 17, 25, 24, 23, 22, 20, 21, 19, 18, 10, 12, 2, 
V0 0 (7950.00 246.86 1038.10): 0 1 15 26 27 16 28 29 0
V1 0 (7820.00 170.09 1350.00): 0 4 5 6 7 9 8 32 11 3 0
V2 1 (5800.00 156.43 256.48): 0 31 14 30 0
V3 1 (7800.00 267.67 2143.87): 0 13 17 25 24 23 22 20 21 19 18 10 12 2 0
V4 -1 (0.00 0.00 -0.00): 0 0
837.92530325 -1109.21860935
0, 13, 17, 25, 24, 23, 22, 20, 21, 19, 18, 10, 9, 6, 5, 30, 14, 31, 4, 7, 8, 32, 11, 12, 2, 3, 1, 15, 26, 27, 16, 28, 29, 
V0 0 (7970.00 267.53 2316.67): 0 13 17 25 24 23 22 20 21 19 18 10 9 6 5 0
V1 0 (5800.00 156.43 256.48): 0 30 14 31 0
V2 1 (7650.00 167.10 1180.33): 0 4 7 8 32 11 12 2 3 0
V3 1 (7950.00 246.86 1038.10): 0 1 15 26 27 16 28 29 0
V4 -1 (0.00 0.00 -0.00): 0 0
837.67155197 -1096.44036807
0, 1, 15, 26, 27, 16, 28, 29, 4, 7, 9, 8, 32, 11, 12, 2, 31, 14, 30, 13, 17, 25, 24, 23, 22, 20, 21, 19, 18, 10, 6, 5, 3, 
V0 0 (7950.00 246.86 1038.10): 0 1 15 26 27 16 28 29 0
V1 0 (7850.00 167.72 1154.78): 0 4 7 9 8 32 11 12 2 0
V2 1 (5800.00 156.43 256.48): 0 31 14 30 0
V3 1 (7770.00 266.66 2342.48): 0 13 17 25 24 23 22 20 21 19 18 10 6 5 3 0
V4 -1 (0.00 0.00 -0.00): 0 0
838.98606222 -1175.81835683
0, 3, 5, 10, 18, 19, 21, 20, 22, 23, 24, 25, 17, 13, 30, 14, 31, 4, 6, 7, 9, 8, 32, 11, 12, 2, 1, 15, 26, 27, 16, 28, 29, 
V0 0 (7690.00 266.62 2182.41): 0 3 5 10 18 19 21 20 22 23 24 25 17 13 0
V1 0 (5800.00 156.43 256.48): 0 30 14 31 0
V2 1 (7930.00 169.08 1313.53): 0 4 6 7 9 8 32 11 12 2 0
V3 1 (7950.00 246.86 1038.10): 0 1 15 26 27 16 28 29 0
V4 -1 (0.00 0.00 -0.00): 0 0
839.24936815 -1188.60032442
0, 1, 15, 26, 27, 16, 28, 29, 4, 7, 6, 8, 32, 11, 12, 2, 3, 31, 14, 30, 13, 17, 25, 24, 23, 22, 20, 21, 19, 18, 10, 9, 5, 
V0 0 (7950.00 246.86 1038.10): 0 1 15 26 27 16 28 29 0
V1 0 (7730.00 168.45 1339.10): 0 4 7 6 8 32 11 12 2 3 0
V2 1 (5800.00 156.43 256.48): 0 31 14 30 0
V3 1 (7890.00 267.51 2156.58): 0 13 17 25 24 23 22 20 21 19 18 10 9 5 0
V4 -1 (0.00 0.00 -0.00): 0 0
839.65224812 -1189.01491623
0, 13, 17, 25, 24, 23, 22, 20, 21, 19, 18, 10, 9, 6, 31, 14, 30, 4, 5, 7, 8, 32, 11, 12, 2, 3, 1, 15, 26, 27, 16, 28, 29, 
V0 0 (7930.00 267.53 2155.35): 0 13 17 25 24 23 22 20 21 19 18 10 9 6 0
V1 0 (5800.00 156.43 256.48): 0 31 14 30 0
V2 1 (7690.00 168.83 1339.93): 0 4 5 7 8 32 11 12 2 3 0
V3 1 (7950.00 246.86 1038.10): 0 1 15 26 27 16 28 29 0
V4 -1 (0.00 0.00 -0.00): 0 0
---------------------

837.67155197 -1096.44036807
0, 1, 15, 26, 27, 16, 28, 29, 4, 7, 9, 8, 32, 11, 12, 2, 31, 14, 30, 13, 17, 25, 24, 23, 22, 20, 21, 19, 18, 10, 6, 5, 3, 
V0 0 (7950.00 246.86 1038.10): 0 1 15 26 27 16 28 29 0
V1 0 (7850.00 167.72 1154.78): 0 4 7 9 8 32 11 12 2 0
V2 1 (5800.00 156.43 256.48): 0 31 14 30 0
V3 1 (7770.00 266.66 2342.48): 0 13 17 25 24 23 22 20 21 19 18 10 6 5 3 0
V4 -1 (0.00 0.00 -0.00): 0 0
837.67155197 -705.62975124
0, 13, 17, 25, 24, 23, 22, 20, 21, 19, 18, 10, 6, 5, 3, 1, 15, 26, 27, 16, 28, 29, 4, 7, 9, 8, 32, 11, 12, 2, 30, 14, 31, 
V0 0 (7770.00 266.66 2342.48): 0 13 17 25 24 23 22 20 21 19 18 10 6 5 3 0
V1 0 (7950.00 246.86 1038.10): 0 1 15 26 27 16 28 29 0
V2 1 (7850.00 167.72 1154.78): 0 4 7 9 8 32 11 12 2 0
V3 1 (5800.00 156.43 256.48): 0 30 14 31 0
V4 -1 (0.00 0.00 -0.00): 0 0
837.67155197 -647.29353882
0, 30, 14, 31, 1, 15, 26, 27, 16, 28, 29, 13, 17, 25, 24, 23, 22, 20, 21, 19, 18, 10, 6, 5, 3, 2, 12, 11, 32, 8, 9, 7, 4, 
V0 0 (5800.00 156.43 256.48): 0 30 14 31 0
V1 0 (7950.00 246.86 1038.10): 0 1 15 26 27 16 28 29 0
V2 1 (7770.00 266.66 2342.48): 0 13 17 25 24 23 22 20 21 19 18 10 6 5 3 0
V3 1 (7850.00 167.72 1154.78): 0 2 12 11 32 8 9 7 4 0
V4 -1 (0.00 0.00 -0.00): 0 0
837.92530325 -1109.21860935
0, 13, 17, 25, 24, 23, 22, 20, 21, 19, 18, 10, 9, 6, 5, 30, 14, 31, 4, 7, 8, 32, 11, 12, 2, 3, 1, 15, 26, 27, 16, 28, 29, 
V0 0 (7970.00 267.53 2316.67): 0 13 17 25 24 23 22 20 21 19 18 10 9 6 5 0
V1 0 (5800.00 156.43 256.48): 0 30 14 31 0
V2 1 (7650.00 167.10 1180.33): 0 4 7 8 32 11 12 2 3 0
V3 1 (7950.00 246.86 1038.10): 0 1 15 26 27 16 28 29 0
V4 -1 (0.00 0.00 -0.00): 0 0
837.92530325 -718.40799252
0, 31, 14, 30, 4, 7, 8, 32, 11, 12, 2, 3, 29, 28, 16, 27, 26, 15, 1, 5, 6, 9, 10, 18, 19, 21, 20, 22, 23, 24, 25, 17, 13, 
V0 0 (5800.00 156.43 256.48): 0 31 14 30 0
V1 0 (7650.00 167.10 1180.33): 0 4 7 8 32 11 12 2 3 0
V2 1 (7950.00 246.86 1038.10): 0 29 28 16 27 26 15 1 0
V3 1 (7970.00 267.53 2316.67): 0 5 6 9 10 18 19 21 20 22 23 24 25 17 13 0
V4 -1 (0.00 0.00 -0.00): 0 0
837.92530325 -647.29353882
0, 13, 17, 25, 24, 23, 22, 20, 21, 19, 18, 10, 9, 6, 5, 3, 2, 12, 11, 32, 8, 7, 4, 29, 28, 16, 27, 26, 15, 1, 30, 14, 31, 
V0 0 (7970.00 267.53 2316.67): 0 13 17 25 24 23 22 20 21 19 18 10 9 6 5 0
V1 0 (7650.00 167.10 1180.33): 0 3 2 12 11 32 8 7 4 0
V2 1 (7950.00 246.86 1038.10): 0 29 28 16 27 26 15 1 0
V3 1 (5800.00 156.43 256.48): 0 30 14 31 0
V4 -1 (0.00 0.00 -0.00): 0 0
838.12556928 -647.19340581
0, 13, 17, 25, 24, 23, 22, 20, 21, 19, 18, 10, 9, 6, 5, 3, 2, 12, 11, 32, 8, 7, 4, 1, 15, 26, 27, 28, 16, 29, 31, 14, 30, 
V0 0 (7970.00 267.53 2316.67): 0 13 17 25 24 23 22 20 21 19 18 10 9 6 5 0
V1 0 (7650.00 167.10 1180.33): 0 3 2 12 11 32 8 7 4 0
V2 1 (7950.00 247.06 1037.90): 0 1 15 26 27 28 16 29 0
V3 1 (5800.00 156.43 256.48): 0 31 14 30 0
V4 -1 (0.00 0.00 -0.00): 0 0
838.12556928 -1109.11847633
0, 13, 17, 25, 24, 23, 22, 20, 21, 19, 18, 10, 9, 6, 5, 30, 14, 31, 4, 7, 8, 32, 11, 12, 2, 3, 1, 15, 26, 27, 28, 16, 29, 
V0 0 (7970.00 267.53 2316.67): 0 13 17 25 24 23 22 20 21 19 18 10 9 6 5 0
V1 0 (5800.00 156.43 256.48): 0 30 14 31 0
V2 1 (7650.00 167.10 1180.33): 0 4 7 8 32 11 12 2 3 0
V3 1 (7950.00 247.06 1037.90): 0 1 15 26 27 28 16 29 0
V4 -1 (0.00 0.00 -0.00): 0 0
838.22067898 -718.40799252
0, 31, 14, 30, 4, 7, 8, 32, 11, 12, 2, 3, 29, 28, 16, 27, 26, 15, 1, 5, 6, 9, 10, 18, 19, 21, 22, 20, 23, 24, 25, 17, 13, 
V0 0 (5800.00 156.43 256.48): 0 31 14 30 0
V1 0 (7650.00 167.10 1180.33): 0 4 7 8 32 11 12 2 3 0
V2 1 (7950.00 246.86 1038.10): 0 29 28 16 27 26 15 1 0
V3 1 (7970.00 267.83 2316.38): 0 5 6 9 10 18 19 21 22 20 23 24 25 17 13 0
V4 -1 (0.00 0.00 -0.00): 0 0
838.98606222 -647.29353882
0, 29, 28, 16, 27, 26, 15, 1, 31, 14, 30, 3, 5, 10, 18, 19, 21, 20, 22, 23, 24, 25, 17, 13, 4, 6, 7, 9, 8, 32, 11, 12, 2, 
V0 0 (7950.00 246.86 1038.10): 0 29 28 16 27 26 15 1 0
V1 0 (5800.00 156.43 256.48): 0 31 14 30 0
V2 1 (7690.00 266.62 2182.41): 0 3 5 10 18 19 21 20 22 23 24 25 17 13 0
V3 1 (7930.00 169.08 1313.53): 0 4 6 7 9 8 32 11 12 2 0
V4 -1 (0.00 0.00 -0.00): 0 0
838.98606222 -785.00774000
0, 30, 14, 31, 2, 12, 11, 32, 8, 9, 7, 6, 4, 1, 15, 26, 27, 16, 28, 29, 13, 17, 25, 24, 23, 22, 20, 21, 19, 18, 10, 5, 3, 
V0 0 (5800.00 156.43 256.48): 0 30 14 31 0
V1 0 (7930.00 169.08 1313.53): 0 2 12 11 32 8 9 7 6 4 0
V2 1 (7950.00 246.86 1038.10): 0 1 15 26 27 16 28 29 0
V3 1 (7690.00 266.62 2182.41): 0 13 17 25 24 23 22 20 21 19 18 10 5 3 0
V4 -1 (0.00 0.00 -0.00): 0 0
838.98606222 -1175.81835683
0, 3, 5, 10, 18, 19, 21, 20, 22, 23, 24, 25, 17, 13, 30, 14, 31, 4, 6, 7, 9, 8, 32, 11, 12, 2, 1, 15, 26, 27, 16, 28, 29, 
V0 0 (7690.00 266.62 2182.41): 0 3 5 10 18 19 21 20 22 23 24 25 17 13 0
V1 0 (5800.00 156.43 256.48): 0 30 14 31 0
V2 1 (7930.00 169.08 1313.53): 0 4 6 7 9 8 32 11 12 2 0
V3 1 (7950.00 246.86 1038.10): 0 1 15 26 27 16 28 29 0
V4 -1 (0.00 0.00 -0.00): 0 0
839.15744330 -647.29353882
0, 29, 28, 16, 27, 26, 15, 1, 31, 14, 30, 3, 5, 10, 18, 19, 21, 20, 22, 23, 24, 25, 17, 13, 4, 7, 6, 9, 8, 32, 11, 12, 2, 
V0 0 (7950.00 246.86 1038.10): 0 29 28 16 27 26 15 1 0
V1 0 (5800.00 156.43 256.48): 0 31 14 30 0
V2 1 (7690.00 266.62 2182.41): 0 3 5 10 18 19 21 20 22 23 24 25 17 13 0
V3 1 (7930.00 169.25 1313.36): 0 4 7 6 9 8 32 11 12 2 0
V4 -1 (0.00 0.00 -0.00): 0 0
839.15744330 -1175.73266629
0, 29, 28, 16, 27, 26, 15, 1, 2, 12, 11, 32, 8, 9, 6, 7, 4, 13, 17, 25, 24, 23, 22, 20, 21, 19, 18, 10, 5, 3, 30, 14, 31, 
V0 0 (7950.00 246.86 1038.10): 0 29 28 16 27 26 15 1 0
V1 0 (7930.00 169.25 1313.36): 0 2 12 11 32 8 9 6 7 4 0
V2 1 (7690.00 266.62 2182.41): 0 13 17 25 24 23 22 20 21 19 18 10 5 3 0
V3 1 (5800.00 156.43 256.48): 0 30 14 31 0
V4 -1 (0.00 0.00 -0.00): 0 0
839.15744330 -784.92204946
0, 29, 28, 16, 27, 26, 15, 1, 13, 17, 25, 24, 23, 22, 20, 21, 19, 18, 10, 5, 3, 30, 14, 31, 4, 7, 6, 9, 8, 32, 11, 12, 2, 
V0 0 (7950.00 246.86 1038.10): 0 29 28 16 27 26 15 1 0
V1 0 (7690.00 266.62 2182.41): 0 13 17 25 24 23 22 20 21 19 18 10 5 3 0
V2 1 (5800.00 156.43 256.48): 0 30 14 31 0
V3 1 (7930.00 169.25 1313.36): 0 4 7 6 9 8 32 11 12 2 0
V4 -1 (0.00 0.00 -0.00): 0 0
839.18632825 -1175.71822381
0, 29, 16, 28, 27, 26, 15, 1, 2, 12, 11, 32, 8, 9, 7, 6, 4, 13, 17, 25, 24, 23, 22, 20, 21, 19, 18, 10, 5, 3, 31, 14, 30, 
V0 0 (7950.00 247.06 1037.90): 0 29 16 28 27 26 15 1 0
V1 0 (7930.00 169.08 1313.53): 0 2 12 11 32 8 9 7 6 4 0
V2 1 (7690.00 266.62 2182.41): 0 13 17 25 24 23 22 20 21 19 18 10 5 3 0
V3 1 (5800.00 156.43 256.48): 0 31 14 30 0
V4 -1 (0.00 0.00 -0.00): 0 0
839.18632825 -785.00774000
0, 29, 16, 28, 27, 26, 15, 1, 13, 17, 25, 24, 23, 22, 20, 21, 19, 18, 10, 5, 3, 30, 14, 31, 4, 6, 7, 9, 8, 32, 11, 12, 2, 
V0 0 (7950.00 247.06 1037.90): 0 29 16 28 27 26 15 1 0
V1 0 (7690.00 266.62 2182.41): 0 13 17 25 24 23 22 20 21 19 18 10 5 3 0
V2 1 (5800.00 156.43 256.48): 0 30 14 31 0
V3 1 (7930.00 169.08 1313.53): 0 4 6 7 9 8 32 11 12 2 0
V4 -1 (0.00 0.00 -0.00): 0 0
839.18632825 -647.19340581
0, 29, 16, 28, 27, 26, 15, 1, 31, 14, 30, 3, 5, 10, 18, 19, 21, 20, 22, 23, 24, 25, 17, 13, 4, 6, 7, 9, 8, 32, 11, 12, 2, 
V0 0 (7950.00 247.06 1037.90): 0 29 16 28 27 26 15 1 0
V1 0 (5800.00 156.43 256.48): 0 31 14 30 0
V2 1 (7690.00 266.62 2182.41): 0 3 5 10 18 19 21 20 22 23 24 25 17 13 0
V3 1 (7930.00 169.08 1313.53): 0 4 6 7 9 8 32 11 12 2 0
V4 -1 (0.00 0.00 -0.00): 0 0
839.24936815 -647.29353882
0, 29, 28, 16, 27, 26, 15, 1, 30, 14, 31, 3, 2, 12, 11, 32, 8, 6, 7, 4, 5, 9, 10, 18, 19, 21, 20, 22, 23, 24, 25, 17, 13, 
V0 0 (7950.00 246.86 1038.10): 0 29 28 16 27 26 15 1 0
V1 0 (5800.00 156.43 256.48): 0 30 14 31 0
V2 1 (7730.00 168.45 1339.10): 0 3 2 12 11 32 8 6 7 4 0
V3 1 (7890.00 267.51 2156.58): 0 5 9 10 18 19 21 20 22 23 24 25 17 13 0
V4 -1 (0.00 0.00 -0.00): 0 0
839.24936815 -1188.60032442
0, 1, 15, 26, 27, 16, 28, 29, 4, 7, 6, 8, 32, 11, 12, 2, 3, 31, 14, 30, 13, 17, 25, 24, 23, 22, 20, 21, 19, 18, 10, 9, 5, 
V0 0 (7950.00 246.86 1038.10): 0 1 15 26 27 16 28 29 0
V1 0 (7730.00 168.45 1339.10): 0 4 7 6 8 32 11 12 2 3 0
V2 1 (5800.00 156.43 256.48): 0 31 14 30 0
V3 1 (7890.00 267.51 2156.58): 0 13 17 25 24 23 22 20 21 19 18 10 9 5 0
V4 -1 (0.00 0.00 -0.00): 0 0
839.24936815 -797.78970759
0, 4, 7, 6, 8, 32, 11, 12, 2, 3, 30, 14, 31, 1, 15, 26, 27, 16, 28, 29, 13, 17, 25, 24, 23, 22, 20, 21, 19, 18, 10, 9, 5, 
V0 0 (7730.00 168.45 1339.10): 0 4 7 6 8 32 11 12 2 3 0
V1 0 (5800.00 156.43 256.48): 0 30 14 31 0
V2 1 (7950.00 246.86 1038.10): 0 1 15 26 27 16 28 29 0
V3 1 (7890.00 267.51 2156.58): 0 13 17 25 24 23 22 20 21 19 18 10 9 5 0
V4 -1 (0.00 0.00 -0.00): 0 0
839.25682079 -797.78598127
0, 4, 6, 7, 8, 32, 11, 12, 2, 3, 30, 14, 31, 1, 15, 26, 27, 16, 28, 29, 13, 17, 25, 24, 23, 22, 20, 21, 19, 18, 10, 9, 5, 
V0 0 (7730.00 168.46 1339.09): 0 4 6 7 8 32 11 12 2 3 0
V1 0 (5800.00 156.43 256.48): 0 30 14 31 0
V2 1 (7950.00 246.86 1038.10): 0 1 15 26 27 16 28 29 0
V3 1 (7890.00 267.51 2156.58): 0 13 17 25 24 23 22 20 21 19 18 10 9 5 0
V4 -1 (0.00 0.00 -0.00): 0 0
839.25682079 -1188.59659810
0, 1, 15, 26, 27, 16, 28, 29, 3, 2, 12, 11, 32, 8, 7, 6, 4, 5, 9, 10, 18, 19, 21, 20, 22, 23, 24, 25, 17, 13, 31, 14, 30, 
V0 0 (7950.00 246.86 1038.10): 0 1 15 26 27 16 28 29 0
V1 0 (7730.00 168.46 1339.09): 0 3 2 12 11 32 8 7 6 4 0
V2 1 (7890.00 267.51 2156.58): 0 5 9 10 18 19 21 20 22 23 24 25 17 13 0
V3 1 (5800.00 156.43 256.48): 0 31 14 30 0
V4 -1 (0.00 0.00 -0.00): 0 0
839.28143795 -785.00774000
0, 29, 28, 16, 27, 26, 15, 1, 13, 17, 25, 24, 23, 20, 22, 21, 19, 18, 10, 5, 3, 30, 14, 31, 4, 6, 7, 9, 8, 32, 11, 12, 2, 
V0 0 (7950.00 246.86 1038.10): 0 29 28 16 27 26 15 1 0
V1 0 (7690.00 266.92 2182.12): 0 13 17 25 24 23 20 22 21 19 18 10 5 3 0
V2 1 (5800.00 156.43 256.48): 0 30 14 31 0
V3 1 (7930.00 169.08 1313.53): 0 4 6 7 9 8 32 11 12 2 0
V4 -1 (0.00 0.00 -0.00): 0 0
839.28143795 -647.29353882
0, 29, 28, 16, 27, 26, 15, 1, 31, 14, 30, 3, 5, 10, 18, 19, 21, 22, 20, 23, 24, 25, 17, 13, 4, 6, 7, 9, 8, 32, 11, 12, 2, 
V0 0 (7950.00 246.86 1038.10): 0 29 28 16 27 26 15 1 0
V1 0 (5800.00 156.43 256.48): 0 31 14 30 0
V2 1 (7690.00 266.92 2182.12): 0 3 5 10 18 19 21 22 20 23 24 25 17 13 0
V3 1 (7930.00 169.08 1313.53): 0 4 6 7 9 8 32 11 12 2 0
V4 -1 (0.00 0.00 -0.00): 0 0
839.28143795 -1175.81835683
0, 29, 28, 16, 27, 26, 15, 1, 2, 12, 11, 32, 8, 9, 7, 6, 4, 13, 17, 25, 24, 23, 20, 22, 21, 19, 18, 10, 5, 3, 31, 14, 30, 
V0 0 (7950.00 246.86 1038.10): 0 29 28 16 27 26 15 1 0
V1 0 (7930.00 169.08 1313.53): 0 2 12 11 32 8 9 7 6 4 0
V2 1 (7690.00 266.92 2182.12): 0 13 17 25 24 23 20 22 21 19 18 10 5 3 0
V3 1 (5800.00 156.43 256.48): 0 31 14 30 0
V4 -1 (0.00 0.00 -0.00): 0 0
839.35770932 -1175.63253327
0, 29, 16, 28, 27, 26, 15, 1, 2, 12, 11, 32, 8, 9, 6, 7, 4, 13, 17, 25, 24, 23, 22, 20, 21, 19, 18, 10, 5, 3, 31, 14, 30, 
V0 0 (7950.00 247.06 1037.90): 0 29 16 28 27 26 15 1 0
V1 0 (7930.00 169.25 1313.36): 0 2 12 11 32 8 9 6 7 4 0
V2 1 (7690.00 266.62 2182.41): 0 13 17 25 24 23 22 20 21 19 18 10 5 3 0
V3 1 (5800.00 156.43 256.48): 0 31 14 30 0
V4 -1 (0.00 0.00 -0.00): 0 0
839.35770932 -647.19340581
0, 29, 16, 28, 27, 26, 15, 1, 31, 14, 30, 3, 5, 10, 18, 19, 21, 20, 22, 23, 24, 25, 17, 13, 4, 7, 6, 9, 8, 32, 11, 12, 2, 
V0 0 (7950.00 247.06 1037.90): 0 29 16 28 27 26 15 1 0
V1 0 (5800.00 156.43 256.48): 0 31 14 30 0
V2 1 (7690.00 266.62 2182.41): 0 3 5 10 18 19 21 20 22 23 24 25 17 13 0
V3 1 (7930.00 169.25 1313.36): 0 4 7 6 9 8 32 11 12 2 0
V4 -1 (0.00 0.00 -0.00): 0 0
839.35770932 -784.92204946
0, 29, 16, 28, 27, 26, 15, 1, 13, 17, 25, 24, 23, 22, 20, 21, 19, 18, 10, 5, 3, 30, 14, 31, 4, 7, 6, 9, 8, 32, 11, 12, 2, 
V0 0 (7950.00 247.06 1037.90): 0 29 16 28 27 26 15 1 0
V1 0 (7690.00 266.62 2182.41): 0 13 17 25 24 23 22 20 21 19 18 10 5 3 0
V2 1 (5800.00 156.43 256.48): 0 30 14 31 0
V3 1 (7930.00 169.25 1313.36): 0 4 7 6 9 8 32 11 12 2 0
V4 -1 (0.00 0.00 -0.00): 0 0
839.39823591 -785.42605813
0, 1, 15, 26, 27, 16, 28, 29, 13, 17, 25, 24, 23, 22, 20, 21, 19, 18, 10, 6, 3, 2, 12, 11, 32, 8, 9, 7, 5, 4, 31, 14, 30, 
V0 0 (7950.00 246.86 1038.10): 0 1 15 26 27 16 28 29 0
V1 0 (7730.00 266.66 2181.16): 0 13 17 25 24 23 22 20 21 19 18 10 6 3 0
V2 1 (7890.00 169.45 1314.37): 0 2 12 11 32 8 9 7 5 4 0
V3 1 (5800.00 156.43 256.48): 0 31 14 30 0
V4 -1 (0.00 0.00 -0.00): 0 0
839.39823591 -1176.23667496
0, 29, 28, 16, 27, 26, 15, 1, 2, 12, 11, 32, 8, 9, 7, 5, 4, 31, 14, 30, 13, 17, 25, 24, 23, 22, 20, 21, 19, 18, 10, 6, 3, 
V0 0 (7950.00 246.86 1038.10): 0 29 28 16 27 26 15 1 0
V1 0 (7890.00 169.45 1314.37): 0 2 12 11 32 8 9 7 5 4 0
V2 1 (5800.00 156.43 256.48): 0 31 14 30 0
V3 1 (7730.00 266.66 2181.16): 0 13 17 25 24 23 22 20 21 19 18 10 6 3 0
V4 -1 (0.00 0.00 -0.00): 0 0
839.39823591 -647.29353882
0, 2, 12, 11, 32, 8, 9, 7, 5, 4, 3, 6, 10, 18, 19, 21, 20, 22, 23, 24, 25, 17, 13, 1, 15, 26, 27, 16, 28, 29, 30, 14, 31, 
V0 0 (7890.00 169.45 1314.37): 0 2 12 11 32 8 9 7 5 4 0
V1 0 (7730.00 266.66 2181.16): 0 3 6 10 18 19 21 20 22 23 24 25 17 13 0
V2 1 (7950.00 246.86 1038.10): 0 1 15 26 27 16 28 29 0
V3 1 (5800.00 156.43 256.48): 0 30 14 31 0
V4 -1 (0.00 0.00 -0.00): 0 0
839.44963418 -647.19340581
0, 29, 16, 28, 27, 26, 15, 1, 30, 14, 31, 3, 2, 12, 11, 32, 8, 6, 7, 4, 5, 9, 10, 18, 19, 21, 20, 22, 23, 24, 25, 17, 13, 
V0 0 (7950.00 247.06 1037.90): 0 29 16 28 27 26 15 1 0
V1 0 (5800.00 156.43 256.48): 0 30 14 31 0
V2 1 (7730.00 168.45 1339.10): 0 3 2 12 11 32 8 6 7 4 0
V3 1 (7890.00 267.51 2156.58): 0 5 9 10 18 19 21 20 22 23 24 25 17 13 0
V4 -1 (0.00 0.00 -0.00): 0 0
839.44963418 -1188.50019141
0, 29, 16, 28, 27, 26, 15, 1, 3, 2, 12, 11, 32, 8, 6, 7, 4, 5, 9, 10, 18, 19, 21, 20, 22, 23, 24, 25, 17, 13, 30, 14, 31, 
V0 0 (7950.00 247.06 1037.90): 0 29 16 28 27 26 15 1 0
V1 0 (7730.00 168.45 1339.10): 0 3 2 12 11 32 8 6 7 4 0
V2 1 (7890.00 267.51 2156.58): 0 5 9 10 18 19 21 20 22 23 24 25 17 13 0
V3 1 (5800.00 156.43 256.48): 0 30 14 31 0
V4 -1 (0.00 0.00 -0.00): 0 0
839.44963418 -797.78970759
0, 29, 16, 28, 27, 26, 15, 1, 13, 17, 25, 24, 23, 22, 20, 21, 19, 18, 10, 9, 5, 4, 7, 6, 8, 32, 11, 12, 2, 3, 30, 14, 31, 
V0 0 (7950.00 247.06 1037.90): 0 29 16 28 27 26 15 1 0
V1 0 (7890.00 267.51 2156.58): 0 13 17 25 24 23 22 20 21 19 18 10 9 5 0
V2 1 (7730.00 168.45 1339.10): 0 4 7 6 8 32 11 12 2 3 0
V3 1 (5800.00 156.43 256.48): 0 30 14 31 0
V4 -1 (0.00 0.00 -0.00): 0 0
839.45281903 -1175.73266629
0, 1, 15, 26, 27, 16, 28, 29, 2, 12, 11, 32, 8, 9, 6, 7, 4, 13, 17, 25, 24, 23, 20, 22, 21, 19, 18, 10, 5, 3, 30, 14, 31, 
V0 0 (7950.00 246.86 1038.10): 0 1 15 26 27 16 28 29 0
V1 0 (7930.00 169.25 1313.36): 0 2 12 11 32 8 9 6 7 4 0
V2 1 (7690.00 266.92 2182.12): 0 13 17 25 24 23 20 22 21 19 18 10 5 3 0
V3 1 (5800.00 156.43 256.48): 0 30 14 31 0
V4 -1 (0.00 0.00 -0.00): 0 0
839.45281903 -784.92204946
0, 29, 28, 16, 27, 26, 15, 1, 13, 17, 25, 24, 23, 20, 22, 21, 19, 18, 10, 5, 3, 30, 14, 31, 4, 7, 6, 9, 8, 32, 11, 12, 2, 
V0 0 (7950.00 246.86 1038.10): 0 29 28 16 27 26 15 1 0
V1 0 (7690.00 266.92 2182.12): 0 13 17 25 24 23 20 22 21 19 18 10 5 3 0
V2 1 (5800.00 156.43 256.48): 0 30 14 31 0
V3 1 (7930.00 169.25 1313.36): 0 4 7 6 9 8 32 11 12 2 0
V4 -1 (0.00 0.00 -0.00): 0 0
839.45281903 -647.29353882
0, 29, 28, 16, 27, 26, 15, 1, 31, 14, 30, 3, 5, 10, 18, 19, 21, 22, 20, 23, 24, 25, 17, 13, 4, 7, 6, 9, 8, 32, 11, 12, 2, 
V0 0 (7950.00 246.86 1038.10): 0 29 28 16 27 26 15 1 0
V1 0 (5800.00 156.43 256.48): 0 31 14 30 0
V2 1 (7690.00 266.92 2182.12): 0 3 5 10 18 19 21 22 20 23 24 25 17 13 0
V3 1 (7930.00 169.25 1313.36): 0 4 7 6 9 8 32 11 12 2 0
V4 -1 (0.00 0.00 -0.00): 0 0
839.45708682 -797.78598127
0, 29, 16, 28, 27, 26, 15, 1, 13, 17, 25, 24, 23, 22, 20, 21, 19, 18, 10, 9, 5, 4, 6, 7, 8, 32, 11, 12, 2, 3, 31, 14, 30, 
V0 0 (7950.00 247.06 1037.90): 0 29 16 28 27 26 15 1 0
V1 0 (7890.00 267.51 2156.58): 0 13 17 25 24 23 22 20 21 19 18 10 9 5 0
V2 1 (7730.00 168.46 1339.09): 0 4 6 7 8 32 11 12 2 3 0
V3 1 (5800.00 156.43 256.48): 0 31 14 30 0
V4 -1 (0.00 0.00 -0.00): 0 0
839.45708682 -1188.49646509
0, 29, 16, 28, 27, 26, 15, 1, 3, 2, 12, 11, 32, 8, 7, 6, 4, 5, 9, 10, 18, 19, 21, 20, 22, 23, 24, 25, 17, 13, 31, 14, 30, 
V0 0 (7950.00 247.06 1037.90): 0 29 16 28 27 26 15 1 0
V1 0 (7730.00 168.46 1339.09): 0 3 2 12 11 32 8 7 6 4 0
V2 1 (7890.00 267.51 2156.58): 0 5 9 10 18 19 21 20 22 23 24 25 17 13 0
V3 1 (5800.00 156.43 256.48): 0 31 14 30 0
V4 -1 (0.00 0.00 -0.00): 0 0
839.48170398 -785.00774000
0, 29, 16, 28, 27, 26, 15, 1, 13, 17, 25, 24, 23, 20, 22, 21, 19, 18, 10, 5, 3, 30, 14, 31, 4, 6, 7, 9, 8, 32, 11, 12, 2, 
V0 0 (7950.00 247.06 1037.90): 0 29 16 28 27 26 15 1 0
V1 0 (7690.00 266.92 2182.12): 0 13 17 25 24 23 20 22 21 19 18 10 5 3 0
V2 1 (5800.00 156.43 256.48): 0 30 14 31 0
V3 1 (7930.00 169.08 1313.53): 0 4 6 7 9 8 32 11 12 2 0
V4 -1 (0.00 0.00 -0.00): 0 0
839.48170398 -1175.71822381
0, 29, 16, 28, 27, 26, 15, 1, 2, 12, 11, 32, 8, 9, 7, 6, 4, 13, 17, 25, 24, 23, 20, 22, 21, 19, 18, 10, 5, 3, 30, 14, 31, 
V0 0 (7950.00 247.06 1037.90): 0 29 16 28 27 26 15 1 0
V1 0 (7930.00 169.08 1313.53): 0 2 12 11 32 8 9 7 6 4 0
V2 1 (7690.00 266.92 2182.12): 0 13 17 25 24 23 20 22 21 19 18 10 5 3 0
V3 1 (5800.00 156.43 256.48): 0 30 14 31 0
V4 -1 (0.00 0.00 -0.00): 0 0
839.54474388 -797.78970759
0, 4, 7, 6, 8, 32, 11, 12, 2, 3, 30, 14, 31, 1, 15, 26, 27, 16, 28, 29, 5, 9, 10, 18, 19, 21, 22, 20, 23, 24, 25, 17, 13, 
V0 0 (7730.00 168.45 1339.10): 0 4 7 6 8 32 11 12 2 3 0
V1 0 (5800.00 156.43 256.48): 0 30 14 31 0
V2 1 (7950.00 246.86 1038.10): 0 1 15 26 27 16 28 29 0
V3 1 (7890.00 267.80 2156.29): 0 5 9 10 18 19 21 22 20 23 24 25 17 13 0
V4 -1 (0.00 0.00 -0.00): 0 0
839.54474388 -1188.60032442
0, 1, 15, 26, 27, 16, 28, 29, 3, 2, 12, 11, 32, 8, 6, 7, 4, 5, 9, 10, 18, 19, 21, 22, 20, 23, 24, 25, 17, 13, 30, 14, 31, 
V0 0 (7950.00 246.86 1038.10): 0 1 15 26 27 16 28 29 0
V1 0 (7730.00 168.45 1339.10): 0 3 2 12 11 32 8 6 7 4 0
V2 1 (7890.00 267.80 2156.29): 0 5 9 10 18 19 21 22 20 23 24 25 17 13 0
V3 1 (5800.00 156.43 256.48): 0 30 14 31 0
V4 -1 (0.00 0.00 -0.00): 0 0
839.55219652 -1188.59659810
0, 1, 15, 26, 27, 16, 28, 29, 3, 2, 12, 11, 32, 8, 7, 6, 4, 5, 9, 10, 18, 19, 21, 22, 20, 23, 24, 25, 17, 13, 30, 14, 31, 
V0 0 (7950.00 246.86 1038.10): 0 1 15 26 27 16 28 29 0
V1 0 (7730.00 168.46 1339.09): 0 3 2 12 11 32 8 7 6 4 0
V2 1 (7890.00 267.80 2156.29): 0 5 9 10 18 19 21 22 20 23 24 25 17 13 0
V3 1 (5800.00 156.43 256.48): 0 30 14 31 0
V4 -1 (0.00 0.00 -0.00): 0 0
839.55219652 -797.78598127
0, 1, 15, 26, 27, 16, 28, 29, 13, 17, 25, 24, 23, 20, 22, 21, 19, 18, 10, 9, 5, 4, 6, 7, 8, 32, 11, 12, 2, 3, 31, 14, 30, 
V0 0 (7950.00 246.86 1038.10): 0 1 15 26 27 16 28 29 0
V1 0 (7890.00 267.80 2156.29): 0 13 17 25 24 23 20 22 21 19 18 10 9 5 0
V2 1 (7730.00 168.46 1339.09): 0 4 6 7 8 32 11 12 2 3 0
V3 1 (5800.00 156.43 256.48): 0 31 14 30 0
V4 -1 (0.00 0.00 -0.00): 0 0
839.59850194 -1176.13654194
0, 29, 16, 28, 27, 26, 15, 1, 2, 12, 11, 32, 8, 9, 7, 5, 4, 13, 17, 25, 24, 23, 22, 20, 21, 19, 18, 10, 6, 3, 31, 14, 30, 
V0 0 (7950.00 247.06 1037.90): 0 29 16 28 27 26 15 1 0
V1 0 (7890.00 169.45 1314.37): 0 2 12 11 32 8 9 7 5 4 0
V2 1 (7730.00 266.66 2181.16): 0 13 17 25 24 23 22 20 21 19 18 10 6 3 0
V3 1 (5800.00 156.43 256.48): 0 31 14 30 0
V4 -1 (0.00 0.00 -0.00): 0 0
839.59850194 -785.42605813
0, 29, 16, 28, 27, 26, 15, 1, 13, 17, 25, 24, 23, 22, 20, 21, 19, 18, 10, 6, 3, 2, 12, 11, 32, 8, 9, 7, 5, 4, 31, 14, 30, 
V0 0 (7950.00 247.06 1037.90): 0 29 16 28 27 26 15 1 0
V1 0 (7730.00 266.66 2181.16): 0 13 17 25 24 23 22 20 21 19 18 10 6 3 0
V2 1 (7890.00 169.45 1314.37): 0 2 12 11 32 8 9 7 5 4 0
V3 1 (5800.00 156.43 256.48): 0 31 14 30 0
V4 -1 (0.00 0.00 -0.00): 0 0
839.62957925 -784.68598148
0, 1, 15, 26, 27, 16, 28, 29, 13, 17, 25, 24, 23, 22, 20, 21, 19, 18, 10, 5, 3, 30, 14, 31, 4, 7, 6, 8, 9, 32, 11, 12, 2, 
V0 0 (7950.00 246.86 1038.10): 0 1 15 26 27 16 28 29 0
V1 0 (7690.00 266.62 2182.41): 0 13 17 25 24 23 22 20 21 19 18 10 5 3 0
V2 1 (5800.00 156.43 256.48): 0 30 14 31 0
V3 1 (7930.00 169.72 1312.89): 0 4 7 6 8 9 32 11 12 2 0
V4 -1 (0.00 0.00 -0.00): 0 0
839.62957925 -1175.49659831
0, 1, 15, 26, 27, 16, 28, 29, 2, 12, 11, 32, 9, 8, 6, 7, 4, 13, 17, 25, 24, 23, 22, 20, 21, 19, 18, 10, 5, 3, 30, 14, 31, 
V0 0 (7950.00 246.86 1038.10): 0 1 15 26 27 16 28 29 0
V1 0 (7930.00 169.72 1312.89): 0 2 12 11 32 9 8 6 7 4 0
V2 1 (7690.00 266.62 2182.41): 0 13 17 25 24 23 22 20 21 19 18 10 5 3 0
V3 1 (5800.00 156.43 256.48): 0 30 14 31 0
V4 -1 (0.00 0.00 -0.00): 0 0
839.62961567 -1138.85450755
0, 1, 15, 26, 27, 16, 28, 29, 4, 5, 6, 7, 9, 8, 32, 11, 12, 2, 30, 14, 31, 13, 17, 25, 24, 23, 22, 20, 21, 19, 18, 10, 3, 
V0 0 (7950.00 246.86 1038.10): 0 1 15 26 27 16 28 29 0
V1 0 (7970.00 169.85 1474.07): 0 4 5 6 7 9 8 32 11 12 2 0
V2 1 (5800.00 156.43 256.48): 0 30 14 31 0
V3 1 (7650.00 266.49 2021.23): 0 13 17 25 24 23 22 20 21 19 18 10 3 0
V4 -1 (0.00 0.00 -0.00): 0 0
839.62961567 -865.27846794
0, 1, 15, 26, 27, 16, 28, 29, 3, 10, 18, 19, 21, 20, 22, 23, 24, 25, 17, 13, 2, 12, 11, 32, 8, 9, 7, 6, 5, 4, 31, 14, 30, 
V0 0 (7950.00 246.86 1038.10): 0 1 15 26 27 16 28 29 0
V1 0 (7650.00 266.49 2021.23): 0 3 10 18 19 21 20 22 23 24 25 17 13 0
V2 1 (7970.00 169.85 1474.07): 0 2 12 11 32 8 9 7 6 5 4 0
V3 1 (5800.00 156.43 256.48): 0 31 14 30 0
V4 -1 (0.00 0.00 -0.00): 0 0
839.63703189 -784.68225516
0, 1, 15, 26, 27, 16, 28, 29, 13, 17, 25, 24, 23, 22, 20, 21, 19, 18, 10, 5, 3, 30, 14, 31, 4, 6, 7, 8, 9, 32, 11, 12, 2, 
V0 0 (7950.00 246.86 1038.10): 0 1 15 26 27 16 28 29 0
V1 0 (7690.00 266.62 2182.41): 0 13 17 25 24 23 22 20 21 19 18 10 5 3 0
V2 1 (5800.00 156.43 256.48): 0 30 14 31 0
V3 1 (7930.00 169.73 1312.88): 0 4 6 7 8 9 32 11 12 2 0
V4 -1 (0.00 0.00 -0.00): 0 0
839.63703189 -1175.49287199
0, 1, 15, 26, 27, 16, 28, 29, 2, 12, 11, 32, 9, 8, 7, 6, 4, 13, 17, 25, 24, 23, 22, 20, 21, 19, 18, 10, 5, 3, 30, 14, 31, 
V0 0 (7950.00 246.86 1038.10): 0 1 15 26 27 16 28 29 0
V1 0 (7930.00 169.73 1312.88): 0 2 12 11 32 9 8 7 6 4 0
V2 1 (7690.00 266.62 2182.41): 0 13 17 25 24 23 22 20 21 19 18 10 5 3 0
V3 1 (5800.00 156.43 256.48): 0 30 14 31 0
V4 -1 (0.00 0.00 -0.00): 0 0
839.65224812 -798.20429941
0, 13, 17, 25, 24, 23, 22, 20, 21, 19, 18, 10, 9, 6, 1, 15, 26, 27, 16, 28, 29, 31, 14, 30, 3, 2, 12, 11, 32, 8, 7, 5, 4, 
V0 0 (7930.00 267.53 2155.35): 0 13 17 25 24 23 22 20 21 19 18 10 9 6 0
V1 0 (7950.00 246.86 1038.10): 0 1 15 26 27 16 28 29 0
V2 1 (5800.00 156.43 256.48): 0 31 14 30 0
V3 1 (7690.00 168.83 1339.93): 0 3 2 12 11 32 8 7 5 4 0
V4 -1 (0.00 0.00 -0.00): 0 0
839.65224812 -1189.01491623
0, 13, 17, 25, 24, 23, 22, 20, 21, 19, 18, 10, 9, 6, 31, 14, 30, 4, 5, 7, 8, 32, 11, 12, 2, 3, 1, 15, 26, 27, 16, 28, 29, 
V0 0 (7930.00 267.53 2155.35): 0 13 17 25 24 23 22 20 21 19 18 10 9 6 0
V1 0 (5800.00 156.43 256.48): 0 31 14 30 0
V2 1 (7690.00 168.83 1339.93): 0 4 5 7 8 32 11 12 2 3 0
V3 1 (7950.00 246.86 1038.10): 0 1 15 26 27 16 28 29 0
V4 -1 (0.00 0.00 -0.00): 0 0
839.65308505 -784.92204946
0, 29, 16, 28, 27, 26, 15, 1, 13, 17, 25, 24, 23, 20, 22, 21, 19, 18, 10, 5, 3, 30, 14, 31, 4, 7, 6, 9, 8, 32, 11, 12, 2, 
V0 0 (7950.00 247.06 1037.90): 0 29 16 28 27 26 15 1 0
V1 0 (7690.00 266.92 2182.12): 0 13 17 25 24 23 20 22 21 19 18 10 5 3 0
V2 1 (5800.00 156.43 256.48): 0 30 14 31 0
V3 1 (7930.00 169.25 1313.36): 0 4 7 6 9 8 32 11 12 2 0
V4 -1 (0.00 0.00 -0.00): 0 0
839.65308505 -1175.63253327
0, 29, 16, 28, 27, 26, 15, 1, 2, 12, 11, 32, 8, 9, 6, 7, 4, 13, 17, 25, 24, 23, 20, 22, 21, 19, 18, 10, 5, 3, 30, 14, 31, 
V0 0 (7950.00 247.06 1037.90): 0 29 16 28 27 26 15 1 0
V1 0 (7930.00 169.25 1313.36): 0 2 12 11 32 8 9 6 7 4 0
V2 1 (7690.00 266.92 2182.12): 0 13 17 25 24 23 20 22 21 19 18 10 5 3 0
V3 1 (5800.00 156.43 256.48): 0 30 14 31 0
V4 -1 (0.00 0.00 -0.00): 0 0
839.69361164 -1176.23667496
0, 29, 28, 16, 27, 26, 15, 1, 2, 12, 11, 32, 8, 9, 7, 5, 4, 13, 17, 25, 24, 23, 20, 22, 21, 19, 18, 10, 6, 3, 30, 14, 31, 
V0 0 (7950.00 246.86 1038.10): 0 29 28 16 27 26 15 1 0
V1 0 (7890.00 169.45 1314.37): 0 2 12 11 32 8 9 7 5 4 0
V2 1 (7730.00 266.96 2180.87): 0 13 17 25 24 23 20 22 21 19 18 10 6 3 0
V3 1 (5800.00 156.43 256.48): 0 30 14 31 0
V4 -1 (0.00 0.00 -0.00): 0 0
839.69361164 -785.42605813
0, 1, 15, 26, 27, 16, 28, 29, 13, 17, 25, 24, 23, 20, 22, 21, 19, 18, 10, 6, 3, 2, 12, 11, 32, 8, 9, 7, 5, 4, 31, 14, 30, 
V0 0 (7950.00 246.86 1038.10): 0 1 15 26 27 16 28 29 0
V1 0 (7730.00 266.96 2180.87): 0 13 17 25 24 23 20 22 21 19 18 10 6 3 0
V2 1 (7890.00 169.45 1314.37): 0 2 12 11 32 8 9 7 5 4 0
V3 1 (5800.00 156.43 256.48): 0 31 14 30 0
V4 -1 (0.00 0.00 -0.00): 0 0
839.74500991 -1188.50019141
0, 29, 16, 28, 27, 26, 15, 1, 3, 2, 12, 11, 32, 8, 6, 7, 4, 5, 9, 10, 18, 19, 21, 22, 20, 23, 24, 25, 17, 13, 30, 14, 31, 
V0 0 (7950.00 247.06 1037.90): 0 29 16 28 27 26 15 1 0
V1 0 (7730.00 168.45 1339.10): 0 3 2 12 11 32 8 6 7 4 0
V2 1 (7890.00 267.80 2156.29): 0 5 9 10 18 19 21 22 20 23 24 25 17 13 0
V3 1 (5800.00 156.43 256.48): 0 30 14 31 0
V4 -1 (0.00 0.00 -0.00): 0 0
839.74500991 -797.78970759
0, 29, 16, 28, 27, 26, 15, 1, 13, 17, 25, 24, 23, 20, 22, 21, 19, 18, 10, 9, 5, 4, 7, 6, 8, 32, 11, 12, 2, 3, 30, 14, 31, 
V0 0 (7950.00 247.06 1037.90): 0 29 16 28 27 26 15 1 0
V1 0 (7890.00 267.80 2156.29): 0 13 17 25 24 23 20 22 21 19 18 10 9 5 0
V2 1 (7730.00 168.45 1339.10): 0 4 7 6 8 32 11 12 2 3 0
V3 1 (5800.00 156.43 256.48): 0 30 14 31 0
V4 -1 (0.00 0.00 -0.00): 0 0
839.75246255 -1188.49646509
0, 29, 16, 28, 27, 26, 15, 1, 3, 2, 12, 11, 32, 8, 7, 6, 4, 5, 9, 10, 18, 19, 21, 22, 20, 23, 24, 25, 17, 13, 31, 14, 30, 
V0 0 (7950.00 247.06 1037.90): 0 29 16 28 27 26 15 1 0
V1 0 (7730.00 168.46 1339.09): 0 3 2 12 11 32 8 7 6 4 0
V2 1 (7890.00 267.80 2156.29): 0 5 9 10 18 19 21 22 20 23 24 25 17 13 0
V3 1 (5800.00 156.43 256.48): 0 31 14 30 0
V4 -1 (0.00 0.00 -0.00): 0 0
839.82984528 -1175.39646530
0, 29, 16, 28, 27, 26, 15, 1, 2, 12, 11, 32, 9, 8, 6, 7, 4, 13, 17, 25, 24, 23, 22, 20, 21, 19, 18, 10, 5, 3, 31, 14, 30, 
V0 0 (7950.00 247.06 1037.90): 0 29 16 28 27 26 15 1 0
V1 0 (7930.00 169.72 1312.89): 0 2 12 11 32 9 8 6 7 4 0
V2 1 (7690.00 266.62 2182.41): 0 13 17 25 24 23 22 20 21 19 18 10 5 3 0
V3 1 (5800.00 156.43 256.48): 0 31 14 30 0
V4 -1 (0.00 0.00 -0.00): 0 0
839.82988170 -1138.85450755
0, 29, 16, 28, 27, 26, 15, 1, 4, 5, 6, 7, 9, 8, 32, 11, 12, 2, 30, 14, 31, 13, 17, 25, 24, 23, 22, 20, 21, 19, 18, 10, 3, 
V0 0 (7950.00 247.06 1037.90): 0 29 16 28 27 26 15 1 0
V1 0 (7970.00 169.85 1474.07): 0 4 5 6 7 9 8 32 11 12 2 0
V2 1 (5800.00 156.43 256.48): 0 30 14 31 0
V3 1 (7650.00 266.49 2021.23): 0 13 17 25 24 23 22 20 21 19 18 10 3 0
V4 -1 (0.00 0.00 -0.00): 0 0
839.82988170 -865.27846794
0, 29, 16, 28, 27, 26, 15, 1, 3, 10, 18, 19, 21, 20, 22, 23, 24, 25, 17, 13, 2, 12, 11, 32, 8, 9, 7, 6, 5, 4, 31, 14, 30, 
V0 0 (7950.00 247.06 1037.90): 0 29 16 28 27 26 15 1 0
V1 0 (7650.00 266.49 2021.23): 0 3 10 18 19 21 20 22 23 24 25 17 13 0
V2 1 (7970.00 169.85 1474.07): 0 2 12 11 32 8 9 7 6 5 4 0
V3 1 (5800.00 156.43 256.48): 0 31 14 30 0
V4 -1 (0.00 0.00 -0.00): 0 0
839.83729792 -1175.39273898
0, 29, 16, 28, 27, 26, 15, 1, 2, 12, 11, 32, 9, 8, 7, 6, 4, 13, 17, 25, 24, 23, 22, 20, 21, 19, 18, 10, 5, 3, 30, 14, 31, 
V0 0 (7950.00 247.06 1037.90): 0 29 16 28 27 26 15 1 0
V1 0 (7930.00 169.73 1312.88): 0 2 12 11 32 9 8 7 6 4 0
V2 1 (7690.00 266.62 2182.41): 0 13 17 25 24 23 22 20 21 19 18 10 5 3 0
V3 1 (5800.00 156.43 256.48): 0 30 14 31 0
V4 -1 (0.00 0.00 -0.00): 0 0
839.85251414 -1188.91478322
0, 29, 16, 28, 27, 26, 15, 1, 3, 2, 12, 11, 32, 8, 7, 5, 4, 6, 9, 10, 18, 19, 21, 20, 22, 23, 24, 25, 17, 13, 30, 14, 31, 
V0 0 (7950.00 247.06 1037.90): 0 29 16 28 27 26 15 1 0
V1 0 (7690.00 168.83 1339.93): 0 3 2 12 11 32 8 7 5 4 0
V2 1 (7930.00 267.53 2155.35): 0 6 9 10 18 19 21 20 22 23 24 25 17 13 0
V3 1 (5800.00 156.43 256.48): 0 30 14 31 0
V4 -1 (0.00 0.00 -0.00): 0 0
839.89387766 -1176.13654194
0, 29, 16, 28, 27, 26, 15, 1, 2, 12, 11, 32, 8, 9, 7, 5, 4, 13, 17, 25, 24, 23, 20, 22, 21, 19, 18, 10, 6, 3, 30, 14, 31, 
V0 0 (7950.00 247.06 1037.90): 0 29 16 28 27 26 15 1 0
V1 0 (7890.00 169.45 1314.37): 0 2 12 11 32 8 9 7 5 4 0
V2 1 (7730.00 266.96 2180.87): 0 13 17 25 24 23 20 22 21 19 18 10 6 3 0
V3 1 (5800.00 156.43 256.48): 0 30 14 31 0
V4 -1 (0.00 0.00 -0.00): 0 0
839.92495498 -1175.49659831
0, 1, 15, 26, 27, 16, 28, 29, 2, 12, 11, 32, 9, 8, 6, 7, 4, 13, 17, 25, 24, 23, 20, 22, 21, 19, 18, 10, 5, 3, 30, 14, 31, 
V0 0 (7950.00 246.86 1038.10): 0 1 15 26 27 16 28 29 0
V1 0 (7930.00 169.72 1312.89): 0 2 12 11 32 9 8 6 7 4 0
V2 1 (7690.00 266.92 2182.12): 0 13 17 25 24 23 20 22 21 19 18 10 5 3 0
V3 1 (5800.00 156.43 256.48): 0 30 14 31 0
V4 -1 (0.00 0.00 -0.00): 0 0
839.92499140 -1138.70681969
0, 1, 15, 26, 27, 16, 28, 29, 4, 5, 6, 7, 9, 8, 32, 11, 12, 2, 30, 14, 31, 3, 10, 18, 19, 21, 22, 20, 23, 24, 25, 17, 13, 
V0 0 (7950.00 246.86 1038.10): 0 1 15 26 27 16 28 29 0
V1 0 (7970.00 169.85 1474.07): 0 4 5 6 7 9 8 32 11 12 2 0
V2 1 (5800.00 156.43 256.48): 0 30 14 31 0
V3 1 (7650.00 266.78 2020.93): 0 3 10 18 19 21 22 20 23 24 25 17 13 0
V4 -1 (0.00 0.00 -0.00): 0 0
839.93240762 -1175.49287199
0, 1, 15, 26, 27, 16, 28, 29, 2, 12, 11, 32, 9, 8, 7, 6, 4, 13, 17, 25, 24, 23, 20, 22, 21, 19, 18, 10, 5, 3, 30, 14, 31, 
V0 0 (7950.00 246.86 1038.10): 0 1 15 26 27 16 28 29 0
V1 0 (7930.00 169.73 1312.88): 0 2 12 11 32 9 8 7 6 4 0
V2 1 (7690.00 266.92 2182.12): 0 13 17 25 24 23 20 22 21 19 18 10 5 3 0
V3 1 (5800.00 156.43 256.48): 0 30 14 31 0
V4 -1 (0.00 0.00 -0.00): 0 0
839.94762385 -1189.01491623
0, 1, 15, 26, 27, 16, 28, 29, 3, 2, 12, 11, 32, 8, 7, 5, 4, 13, 17, 25, 24, 23, 20, 22, 21, 19, 18, 10, 9, 6, 30, 14, 31, 
V0 0 (7950.00 246.86 1038.10): 0 1 15 26 27 16 28 29 0
V1 0 (7690.00 168.83 1339.93): 0 3 2 12 11 32 8 7 5 4 0
V2 1 (7930.00 267.83 2155.06): 0 13 17 25 24 23 20 22 21 19 18 10 9 6 0
V3 1 (5800.00 156.43 256.48): 0 30 14 31 0
V4 -1 (0.00 0.00 -0.00): 0 0
840.03551903 -1175.81835683
0, 29, 28, 16, 27, 26, 15, 1, 2, 12, 11, 32, 8, 9, 7, 6, 4, 13, 17, 25, 24, 23, 20, 21, 22, 19, 18, 10, 5, 3, 30, 14, 31, 
V0 0 (7950.00 246.86 1038.10): 0 29 28 16 27 26 15 1 0
V1 0 (7930.00 169.08 1313.53): 0 2 12 11 32 8 9 7 6 4 0
V2 1 (7690.00 267.67 2181.36): 0 13 17 25 24 23 20 21 22 19 18 10 5 3 0
V3 1 (5800.00 156.43 256.48): 0 30 14 31 0
V4 -1 (0.00 0.00 -0.00): 0 0
840.04920558 -1175.91119012
0, 1, 15, 26, 27, 16, 28, 29, 2, 12, 11, 32, 9, 8, 7, 5, 4, 31, 14, 30, 13, 17, 25, 24, 23, 22, 20, 21, 19, 18, 10, 6, 3, 
V0 0 (7950.00 246.86 1038.10): 0 1 15 26 27 16 28 29 0
V1 0 (7890.00 170.10 1313.72): 0 2 12 11 32 9 8 7 5 4 0
V2 1 (5800.00 156.43 256.48): 0 31 14 30 0
V3 1 (7730.00 266.66 2181.16): 0 13 17 25 24 23 22 20 21 19 18 10 6 3 0
V4 -1 (0.00 0.00 -0.00): 0 0
840.12522101 -1175.39646530
0, 29, 16, 28, 27, 26, 15, 1, 2, 12, 11, 32, 9, 8, 6, 7, 4, 13, 17, 25, 24, 23, 20, 22, 21, 19, 18, 10, 5, 3, 31, 14, 30, 
V0 0 (7950.00 247.06 1037.90): 0 29 16 28 27 26 15 1 0
V1 0 (7930.00 169.72 1312.89): 0 2 12 11 32 9 8 6 7 4 0
V2 1 (7690.00 266.92 2182.12): 0 13 17 25 24 23 20 22 21 19 18 10 5 3 0
V3 1 (5800.00 156.43 256.48): 0 31 14 30 0
V4 -1 (0.00 0.00 -0.00): 0 0
840.13267365 -1175.39273898
0, 29, 16, 28, 27, 26, 15, 1, 2, 12, 11, 32, 9, 8, 7, 6, 4, 13, 17, 25, 24, 23, 20, 22, 21, 19, 18, 10, 5, 3, 30, 14, 31, 
V0 0 (7950.00 247.06 1037.90): 0 29 16 28 27 26 15 1 0
V1 0 (7930.00 169.73 1312.88): 0 2 12 11 32 9 8 7 6 4 0
V2 1 (7690.00 266.92 2182.12): 0 13 17 25 24 23 20 22 21 19 18 10 5 3 0
V3 1 (5800.00 156.43 256.48): 0 30 14 31 0
V4 -1 (0.00 0.00 -0.00): 0 0
840.14788987 -1188.91478322
0, 29, 16, 28, 27, 26, 15, 1, 3, 2, 12, 11, 32, 8, 7, 5, 4, 6, 9, 10, 18, 19, 21, 22, 20, 23, 24, 25, 17, 13, 30, 14, 31, 
V0 0 (7950.00 247.06 1037.90): 0 29 16 28 27 26 15 1 0
V1 0 (7690.00 168.83 1339.93): 0 3 2 12 11 32 8 7 5 4 0
V2 1 (7930.00 267.83 2155.06): 0 6 9 10 18 19 21 22 20 23 24 25 17 13 0
V3 1 (5800.00 156.43 256.48): 0 30 14 31 0
V4 -1 (0.00 0.00 -0.00): 0 0
840.20690011 -1175.73266629
0, 29, 28, 16, 27, 26, 15, 1, 2, 12, 11, 32, 8, 9, 6, 7, 4, 13, 17, 25, 24, 23, 20, 21, 22, 19, 18, 10, 5, 3, 30, 14, 31, 
V0 0 (7950.00 246.86 1038.10): 0 29 28 16 27 26 15 1 0
V1 0 (7930.00 169.25 1313.36): 0 2 12 11 32 8 9 6 7 4 0
V2 1 (7690.00 267.67 2181.36): 0 13 17 25 24 23 20 21 22 19 18 10 5 3 0
V3 1 (5800.00 156.43 256.48): 0 30 14 31 0
V4 -1 (0.00 0.00 -0.00): 0 0
840.23578506 -1175.71822381
0, 29, 16, 28, 27, 26, 15, 1, 2, 12, 11, 32, 8, 9, 7, 6, 4, 13, 17, 25, 24, 23, 20, 21, 22, 19, 18, 10, 5, 3, 30, 14, 31, 
V0 0 (7950.00 247.06 1037.90): 0 29 16 28 27 26 15 1 0
V1 0 (7930.00 169.08 1313.53): 0 2 12 11 32 8 9 7 6 4 0
V2 1 (7690.00 267.67 2181.36): 0 13 17 25 24 23 20 21 22 19 18 10 5 3 0
V3 1 (5800.00 156.43 256.48): 0 30 14 31 0
V4 -1 (0.00 0.00 -0.00): 0 0
840.24947161 -1175.81105711
0, 29, 16, 28, 27, 26, 15, 1, 2, 12, 11, 32, 9, 8, 7, 5, 4, 13, 17, 25, 24, 23, 22, 20, 21, 19, 18, 10, 6, 3, 31, 14, 30, 
V0 0 (7950.00 247.06 1037.90): 0 29 16 28 27 26 15 1 0
V1 0 (7890.00 170.10 1313.72): 0 2 12 11 32 9 8 7 5 4 0
V2 1 (7730.00 266.66 2181.16): 0 13 17 25 24 23 22 20 21 19 18 10 6 3 0
V3 1 (5800.00 156.43 256.48): 0 31 14 30 0
V4 -1 (0.00 0.00 -0.00): 0 0
840.29882496 -1188.60032442
0, 1, 15, 26, 27, 16, 28, 29, 3, 2, 12, 11, 32, 8, 6, 7, 4, 13, 17, 25, 24, 23, 20, 21, 22, 19, 18, 10, 9, 5, 31, 14, 30, 
V0 0 (7950.00 246.86 1038.10): 0 1 15 26 27 16 28 29 0
V1 0 (7730.00 168.45 1339.10): 0 3 2 12 11 32 8 6 7 4 0
V2 1 (7890.00 268.56 2155.53): 0 13 17 25 24 23 20 21 22 19 18 10 9 5 0
V3 1 (5800.00 156.43 256.48): 0 31 14 30 0
V4 -1 (0.00 0.00 -0.00): 0 0
840.30627760 -1188.59659810
0, 1, 15, 26, 27, 16, 28, 29, 3, 2, 12, 11, 32, 8, 7, 6, 4, 13, 17, 25, 24, 23, 20, 21, 22, 19, 18, 10, 9, 5, 30, 14, 31, 
V0 0 (7950.00 246.86 1038.10): 0 1 15 26 27 16 28 29 0
V1 0 (7730.00 168.46 1339.09): 0 3 2 12 11 32 8 7 6 4 0
V2 1 (7890.00 268.56 2155.53): 0 13 17 25 24 23 20 21 22 19 18 10 9 5 0
V3 1 (5800.00 156.43 256.48): 0 30 14 31 0
V4 -1 (0.00 0.00 -0.00): 0 0
840.34458131 -1175.91119012
0, 1, 15, 26, 27, 16, 28, 29, 2, 12, 11, 32, 9, 8, 7, 5, 4, 13, 17, 25, 24, 23, 20, 22, 21, 19, 18, 10, 6, 3, 30, 14, 31, 
V0 0 (7950.00 246.86 1038.10): 0 1 15 26 27 16 28 29 0
V1 0 (7890.00 170.10 1313.72): 0 2 12 11 32 9 8 7 5 4 0
V2 1 (7730.00 266.96 2180.87): 0 13 17 25 24 23 20 22 21 19 18 10 6 3 0
V3 1 (5800.00 156.43 256.48): 0 30 14 31 0
V4 -1 (0.00 0.00 -0.00): 0 0
840.40716613 -1175.63253327
0, 29, 16, 28, 27, 26, 15, 1, 2, 12, 11, 32, 8, 9, 6, 7, 4, 13, 17, 25, 24, 23, 20, 21, 22, 19, 18, 10, 5, 3, 30, 14, 31, 
V0 0 (7950.00 247.06 1037.90): 0 29 16 28 27 26 15 1 0
V1 0 (7930.00 169.25 1313.36): 0 2 12 11 32 8 9 6 7 4 0
V2 1 (7690.00 267.67 2181.36): 0 13 17 25 24 23 20 21 22 19 18 10 5 3 0
V3 1 (5800.00 156.43 256.48): 0 30 14 31 0
V4 -1 (0.00 0.00 -0.00): 0 0
840.44769272 -1176.23667496
0, 29, 28, 16, 27, 26, 15, 1, 2, 12, 11, 32, 8, 9, 7, 5, 4, 13, 17, 25, 24, 23, 20, 21, 22, 19, 18, 10, 6, 3, 31, 14, 30, 
V0 0 (7950.00 246.86 1038.10): 0 29 28 16 27 26 15 1 0
V1 0 (7890.00 169.45 1314.37): 0 2 12 11 32 8 9 7 5 4 0
V2 1 (7730.00 267.71 2180.11): 0 13 17 25 24 23 20 21 22 19 18 10 6 3 0
V3 1 (5800.00 156.43 256.48): 0 31 14 30 0
V4 -1 (0.00 0.00 -0.00): 0 0
840.46134848 -1175.81835683
0, 29, 28, 16, 27, 26, 15, 1, 2, 12, 11, 32, 8, 9, 7, 6, 4, 13, 17, 25, 24, 23, 22, 20, 21, 18, 19, 10, 5, 3, 31, 14, 30, 
V0 0 (7950.00 246.86 1038.10): 0 29 28 16 27 26 15 1 0
V1 0 (7930.00 169.08 1313.53): 0 2 12 11 32 8 9 7 6 4 0
V2 1 (7690.00 268.09 2180.94): 0 13 17 25 24 23 22 20 21 18 19 10 5 3 0
V3 1 (5800.00 156.43 256.48): 0 31 14 30 0
V4 -1 (0.00 0.00 -0.00): 0 0
840.49909099 -1188.50019141
0, 29, 16, 28, 27, 26, 15, 1, 3, 2, 12, 11, 32, 8, 6, 7, 4, 13, 17, 25, 24, 23, 20, 21, 22, 19, 18, 10, 9, 5, 30, 14, 31, 
V0 0 (7950.00 247.06 1037.90): 0 29 16 28 27 26 15 1 0
V1 0 (7730.00 168.45 1339.10): 0 3 2 12 11 32 8 6 7 4 0
V2 1 (7890.00 268.56 2155.53): 0 13 17 25 24 23 20 21 22 19 18 10 9 5 0
V3 1 (5800.00 156.43 256.48): 0 30 14 31 0
V4 -1 (0.00 0.00 -0.00): 0 0
840.50654363 -1188.49646509
0, 29, 16, 28, 27, 26, 15, 1, 3, 2, 12, 11, 32, 8, 7, 6, 4, 13, 17, 25, 24, 23, 20, 21, 22, 19, 18, 10, 9, 5, 30, 14, 31, 
V0 0 (7950.00 247.06 1037.90): 0 29 16 28 27 26 15 1 0
V1 0 (7730.00 168.46 1339.09): 0 3 2 12 11 32 8 7 6 4 0
V2 1 (7890.00 268.56 2155.53): 0 13 17 25 24 23 20 21 22 19 18 10 9 5 0
V3 1 (5800.00 156.43 256.48): 0 30 14 31 0
V4 -1 (0.00 0.00 -0.00): 0 0
840.54484733 -1175.81105711
0, 29, 16, 28, 27, 26, 15, 1, 2, 12, 11, 32, 9, 8, 7, 5, 4, 13, 17, 25, 24, 23, 20, 22, 21, 19, 18, 10, 6, 3, 31, 14, 30, 
V0 0 (7950.00 247.06 1037.90): 0 29 16 28 27 26 15 1 0
V1 0 (7890.00 170.10 1313.72): 0 2 12 11 32 9 8 7 5 4 0
V2 1 (7730.00 266.96 2180.87): 0 13 17 25 24 23 20 22 21 19 18 10 6 3 0
V3 1 (5800.00 156.43 256.48): 0 31 14 30 0
V4 -1 (0.00 0.00 -0.00): 0 0
840.64795875 -1176.13654194
0, 29, 16, 28, 27, 26, 15, 1, 2, 12, 11, 32, 8, 9, 7, 5, 4, 13, 17, 25, 24, 23, 20, 21, 22, 19, 18, 10, 6, 3, 30, 14, 31, 
V0 0 (7950.00 247.06 1037.90): 0 29 16 28 27 26 15 1 0
V1 0 (7890.00 169.45 1314.37): 0 2 12 11 32 8 9 7 5 4 0
V2 1 (7730.00 267.71 2180.11): 0 13 17 25 24 23 20 21 22 19 18 10 6 3 0
V3 1 (5800.00 156.43 256.48): 0 30 14 31 0
V4 -1 (0.00 0.00 -0.00): 0 0
840.70170493 -1189.01491623
0, 1, 15, 26, 27, 16, 28, 29, 3, 2, 12, 11, 32, 8, 7, 5, 4, 13, 17, 25, 24, 23, 20, 21, 22, 19, 18, 10, 9, 6, 30, 14, 31, 
V0 0 (7950.00 246.86 1038.10): 0 1 15 26 27 16 28 29 0
V1 0 (7690.00 168.83 1339.93): 0 3 2 12 11 32 8 7 5 4 0
V2 1 (7930.00 268.58 2154.30): 0 13 17 25 24 23 20 21 22 19 18 10 9 6 0
V3 1 (5800.00 156.43 256.48): 0 30 14 31 0
V4 -1 (0.00 0.00 -0.00): 0 0
840.72465441 -1188.60032442
0, 29, 28, 16, 27, 26, 15, 1, 3, 2, 12, 11, 32, 8, 6, 7, 4, 13, 17, 25, 24, 23, 22, 20, 21, 18, 19, 10, 9, 5, 31, 14, 30, 
V0 0 (7950.00 246.86 1038.10): 0 29 28 16 27 26 15 1 0
V1 0 (7730.00 168.45 1339.10): 0 3 2 12 11 32 8 6 7 4 0
V2 1 (7890.00 268.98 2155.11): 0 13 17 25 24 23 22 20 21 18 19 10 9 5 0
V3 1 (5800.00 156.43 256.48): 0 31 14 30 0
V4 -1 (0.00 0.00 -0.00): 0 0
840.73210705 -1188.59659810
0, 29, 28, 16, 27, 26, 15, 1, 3, 2, 12, 11, 32, 8, 7, 6, 4, 13, 17, 25, 24, 23, 22, 20, 21, 18, 19, 10, 9, 5, 31, 14, 30, 
V0 0 (7950.00 246.86 1038.10): 0 29 28 16 27 26 15 1 0
V1 0 (7730.00 168.46 1339.09): 0 3 2 12 11 32 8 7 6 4 0
V2 1 (7890.00 268.98 2155.11): 0 13 17 25 24 23 22 20 21 18 19 10 9 5 0
V3 1 (5800.00 156.43 256.48): 0 31 14 30 0
V4 -1 (0.00 0.00 -0.00): 0 0
840.75672421 -1175.81835683
0, 29, 28, 16, 27, 26, 15, 1, 2, 12, 11, 32, 8, 9, 7, 6, 4, 13, 17, 25, 24, 23, 20, 22, 21, 18, 19, 10, 5, 3, 31, 14, 30, 
V0 0 (7950.00 246.86 1038.10): 0 29 28 16 27 26 15 1 0
V1 0 (7930.00 169.08 1313.53): 0 2 12 11 32 8 9 7 6 4 0
V2 1 (7690.00 268.39 2180.64): 0 13 17 25 24 23 20 22 21 18 19 10 5 3 0
V3 1 (5800.00 156.43 256.48): 0 31 14 30 0
V4 -1 (0.00 0.00 -0.00): 0 0
840.87352217 -1176.23667496
0, 29, 28, 16, 27, 26, 15, 1, 2, 12, 11, 32, 8, 9, 7, 5, 4, 13, 17, 25, 24, 23, 22, 20, 21, 18, 19, 10, 6, 3, 31, 14, 30, 
V0 0 (7950.00 246.86 1038.10): 0 29 28 16 27 26 15 1 0
V1 0 (7890.00 169.45 1314.37): 0 2 12 11 32 8 9 7 5 4 0
V2 1 (7730.00 268.14 2179.69): 0 13 17 25 24 23 22 20 21 18 19 10 6 3 0
V3 1 (5800.00 156.43 256.48): 0 31 14 30 0
V4 -1 (0.00 0.00 -0.00): 0 0
840.90197096 -1188.91478322
0, 29, 16, 28, 27, 26, 15, 1, 3, 2, 12, 11, 32, 8, 7, 5, 4, 13, 17, 25, 24, 23, 20, 21, 22, 19, 18, 10, 9, 6, 30, 14, 31, 
V0 0 (7950.00 247.06 1037.90): 0 29 16 28 27 26 15 1 0
V1 0 (7690.00 168.83 1339.93): 0 3 2 12 11 32 8 7 5 4 0
V2 1 (7930.00 268.58 2154.30): 0 13 17 25 24 23 20 21 22 19 18 10 9 6 0
V3 1 (5800.00 156.43 256.48): 0 30 14 31 0
V4 -1 (0.00 0.00 -0.00): 0 0
840.92492044 -1188.50019141
0, 29, 16, 28, 27, 26, 15, 1, 3, 2, 12, 11, 32, 8, 6, 7, 4, 13, 17, 25, 24, 23, 22, 20, 21, 18, 19, 10, 9, 5, 31, 14, 30, 
V0 0 (7950.00 247.06 1037.90): 0 29 16 28 27 26 15 1 0
V1 0 (7730.00 168.45 1339.10): 0 3 2 12 11 32 8 6 7 4 0
V2 1 (7890.00 268.98 2155.11): 0 13 17 25 24 23 22 20 21 18 19 10 9 5 0
V3 1 (5800.00 156.43 256.48): 0 31 14 30 0
V4 -1 (0.00 0.00 -0.00): 0 0
840.93237308 -1188.49646509
0, 29, 16, 28, 27, 26, 15, 1, 3, 2, 12, 11, 32, 8, 7, 6, 4, 13, 17, 25, 24, 23, 22, 20, 21, 18, 19, 10, 9, 5, 31, 14, 30, 
V0 0 (7950.00 247.06 1037.90): 0 29 16 28 27 26 15 1 0
V1 0 (7730.00 168.46 1339.09): 0 3 2 12 11 32 8 7 6 4 0
V2 1 (7890.00 268.98 2155.11): 0 13 17 25 24 23 22 20 21 18 19 10 9 5 0
V3 1 (5800.00 156.43 256.48): 0 31 14 30 0
V4 -1 (0.00 0.00 -0.00): 0 0
841.02003014 -1188.60032442
0, 29, 28, 16, 27, 26, 15, 1, 3, 2, 12, 11, 32, 8, 6, 7, 4, 13, 17, 25, 24, 23, 20, 22, 21, 18, 19, 10, 9, 5, 31, 14, 30, 
V0 0 (7950.00 246.86 1038.10): 0 29 28 16 27 26 15 1 0
V1 0 (7730.00 168.45 1339.10): 0 3 2 12 11 32 8 6 7 4 0
V2 1 (7890.00 269.28 2154.81): 0 13 17 25 24 23 20 22 21 18 19 10 9 5 0
V3 1 (5800.00 156.43 256.48): 0 31 14 30 0
V4 -1 (0.00 0.00 -0.00): 0 0
841.02748278 -1188.59659810
0, 29, 28, 16, 27, 26, 15, 1, 3, 2, 12, 11, 32, 8, 7, 6, 4, 13, 17, 25, 24, 23, 20, 22, 21, 18, 19, 10, 9, 5, 31, 14, 30, 
V0 0 (7950.00 246.86 1038.10): 0 29 28 16 27 26 15 1 0
V1 0 (7730.00 168.46 1339.09): 0 3 2 12 11 32 8 7 6 4 0
V2 1 (7890.00 269.28 2154.81): 0 13 17 25 24 23 20 22 21 18 19 10 9 5 0
V3 1 (5800.00 156.43 256.48): 0 31 14 30 0
V4 -1 (0.00 0.00 -0.00): 0 0
841.05475355 -1194.05417317
0, 1, 15, 26, 27, 16, 28, 29, 4, 5, 6, 7, 9, 8, 32, 11, 3, 31, 14, 30, 13, 17, 25, 24, 23, 22, 20, 21, 19, 18, 10, 12, 2, 
V0 0 (7950.00 246.86 1038.10): 0 1 15 26 27 16 28 29 0
V1 0 (7820.00 170.09 1350.00): 0 4 5 6 7 9 8 32 11 3 0
V2 1 (5800.00 156.43 256.48): 0 31 14 30 0
V3 1 (7800.00 267.67 2143.87): 0 13 17 25 24 23 22 20 21 19 18 10 12 2 0
V4 -1 (0.00 0.00 -0.00): 0 0
841.07378820 -1176.13654194
0, 29, 16, 28, 27, 26, 15, 1, 2, 12, 11, 32, 8, 9, 7, 5, 4, 13, 17, 25, 24, 23, 22, 20, 21, 18, 19, 10, 6, 3, 31, 14, 30, 
V0 0 (7950.00 247.06 1037.90): 0 29 16 28 27 26 15 1 0
V1 0 (7890.00 169.45 1314.37): 0 2 12 11 32 8 9 7 5 4 0
V2 1 (7730.00 268.14 2179.69): 0 13 17 25 24 23 22 20 21 18 19 10 6 3 0
V3 1 (5800.00 156.43 256.48): 0 31 14 30 0
V4 -1 (0.00 0.00 -0.00): 0 0
841.09866239 -1175.91119012
0, 1, 15, 26, 27, 16, 28, 29, 2, 12, 11, 32, 9, 8, 7, 5, 4, 13, 17, 25, 24, 23, 20, 21, 22, 19, 18, 10, 6, 3, 30, 14, 31, 
V0 0 (7950.00 246.86 1038.10): 0 1 15 26 27 16 28 29 0
V1 0 (7890.00 170.10 1313.72): 0 2 12 11 32 9 8 7 5 4 0
V2 1 (7730.00 267.71 2180.11): 0 13 17 25 24 23 20 21 22 19 18 10 6 3 0
V3 1 (5800.00 156.43 256.48): 0 30 14 31 0
V4 -1 (0.00 0.00 -0.00): 0 0
841.12753438 -1189.01491623
0, 29, 28, 16, 27, 26, 15, 1, 3, 2, 12, 11, 32, 8, 7, 5, 4, 13, 17, 25, 24, 23, 22, 20, 21, 18, 19, 10, 9, 6, 31, 14, 30, 
V0 0 (7950.00 246.86 1038.10): 0 29 28 16 27 26 15 1 0
V1 0 (7690.00 168.83 1339.93): 0 3 2 12 11 32 8 7 5 4 0
V2 1 (7930.00 269.01 2153.88): 0 13 17 25 24 23 22 20 21 18 19 10 9 6 0
V3 1 (5800.00 156.43 256.48): 0 31 14 30 0
V4 -1 (0.00 0.00 -0.00): 0 0
841.15735415 -1179.53281814
0, 1, 15, 26, 27, 16, 28, 29, 4, 5, 6, 7, 9, 8, 32, 11, 2, 13, 17, 25, 24, 23, 22, 20, 21, 19, 18, 10, 12, 3, 30, 14, 31, 
V0 0 (7950.00 246.86 1038.10): 0 1 15 26 27 16 28 29 0
V1 0 (7820.00 169.81 1320.96): 0 4 5 6 7 9 8 32 11 2 0
V2 1 (7800.00 268.05 2172.81): 0 13 17 25 24 23 22 20 21 19 18 10 12 3 0
V3 1 (5800.00 156.43 256.48): 0 30 14 31 0
V4 -1 (0.00 0.00 -0.00): 0 0
841.16889790 -1176.23667496
0, 29, 28, 16, 27, 26, 15, 1, 2, 12, 11, 32, 8, 9, 7, 5, 4, 13, 17, 25, 24, 23, 20, 22, 21, 18, 19, 10, 6, 3, 31, 14, 30, 
V0 0 (7950.00 246.86 1038.10): 0 29 28 16 27 26 15 1 0
V1 0 (7890.00 169.45 1314.37): 0 2 12 11 32 8 9 7 5 4 0
V2 1 (7730.00 268.43 2179.39): 0 13 17 25 24 23 20 22 21 18 19 10 6 3 0
V3 1 (5800.00 156.43 256.48): 0 31 14 30 0
V4 -1 (0.00 0.00 -0.00): 0 0
841.22029617 -1188.50019141
0, 29, 16, 28, 27, 26, 15, 1, 3, 2, 12, 11, 32, 8, 6, 7, 4, 13, 17, 25, 24, 23, 20, 22, 21, 18, 19, 10, 9, 5, 31, 14, 30, 
V0 0 (7950.00 247.06 1037.90): 0 29 16 28 27 26 15 1 0
V1 0 (7730.00 168.45 1339.10): 0 3 2 12 11 32 8 6 7 4 0
V2 1 (7890.00 269.28 2154.81): 0 13 17 25 24 23 20 22 21 18 19 10 9 5 0
V3 1 (5800.00 156.43 256.48): 0 31 14 30 0
V4 -1 (0.00 0.00 -0.00): 0 0
841.22774881 -1188.49646509
0, 29, 16, 28, 27, 26, 15, 1, 3, 2, 12, 11, 32, 8, 7, 6, 4, 13, 17, 25, 24, 23, 20, 22, 21, 18, 19, 10, 9, 5, 30, 14, 31, 
V0 0 (7950.00 247.06 1037.90): 0 29 16 28 27 26 15 1 0
V1 0 (7730.00 168.46 1339.09): 0 3 2 12 11 32 8 7 6 4 0
V2 1 (7890.00 269.28 2154.81): 0 13 17 25 24 23 20 22 21 18 19 10 9 5 0
V3 1 (5800.00 156.43 256.48): 0 30 14 31 0
V4 -1 (0.00 0.00 -0.00): 0 0
841.25501957 -1193.95404015
0, 29, 16, 28, 27, 26, 15, 1, 3, 11, 32, 8, 9, 7, 6, 5, 4, 2, 12, 10, 18, 19, 21, 20, 22, 23, 24, 25, 17, 13, 30, 14, 31, 
V0 0 (7950.00 247.06 1037.90): 0 29 16 28 27 26 15 1 0
V1 0 (7820.00 170.09 1350.00): 0 3 11 32 8 9 7 6 5 4 0
V2 1 (7800.00 267.67 2143.87): 0 2 12 10 18 19 21 20 22 23 24 25 17 13 0
V3 1 (5800.00 156.43 256.48): 0 30 14 31 0
V4 -1 (0.00 0.00 -0.00): 0 0
841.32780041 -1188.91478322
0, 29, 16, 28, 27, 26, 15, 1, 3, 2, 12, 11, 32, 8, 7, 5, 4, 13, 17, 25, 24, 23, 22, 20, 21, 18, 19, 10, 9, 6, 31, 14, 30, 
V0 0 (7950.00 247.06 1037.90): 0 29 16 28 27 26 15 1 0
V1 0 (7690.00 168.83 1339.93): 0 3 2 12 11 32 8 7 5 4 0
V2 1 (7930.00 269.01 2153.88): 0 13 17 25 24 23 22 20 21 18 19 10 9 6 0
V3 1 (5800.00 156.43 256.48): 0 31 14 30 0
V4 -1 (0.00 0.00 -0.00): 0 0
841.35012928 -1194.05417317
0, 1, 15, 26, 27, 16, 28, 29, 4, 5, 6, 7, 9, 8, 32, 11, 3, 2, 12, 10, 18, 19, 21, 22, 20, 23, 24, 25, 17, 13, 30, 14, 31, 
V0 0 (7950.00 246.86 1038.10): 0 1 15 26 27 16 28 29 0
V1 0 (7820.00 170.09 1350.00): 0 4 5 6 7 9 8 32 11 3 0
V2 1 (7800.00 267.97 2143.58): 0 2 12 10 18 19 21 22 20 23 24 25 17 13 0
V3 1 (5800.00 156.43 256.48): 0 30 14 31 0
V4 -1 (0.00 0.00 -0.00): 0 0
841.35762018 -1179.43268513
0, 29, 16, 28, 27, 26, 15, 1, 4, 5, 6, 7, 9, 8, 32, 11, 2, 13, 17, 25, 24, 23, 22, 20, 21, 19, 18, 10, 12, 3, 30, 14, 31, 
V0 0 (7950.00 247.06 1037.90): 0 29 16 28 27 26 15 1 0
V1 0 (7820.00 169.81 1320.96): 0 4 5 6 7 9 8 32 11 2 0
V2 1 (7800.00 268.05 2172.81): 0 13 17 25 24 23 22 20 21 19 18 10 12 3 0
V3 1 (5800.00 156.43 256.48): 0 30 14 31 0
V4 -1 (0.00 0.00 -0.00): 0 0
841.42291011 -1189.01491623
0, 29, 28, 16, 27, 26, 15, 1, 3, 2, 12, 11, 32, 8, 7, 5, 4, 13, 17, 25, 24, 23, 20, 22, 21, 18, 19, 10, 9, 6, 31, 14, 30, 
V0 0 (7950.00 246.86 1038.10): 0 29 28 16 27 26 15 1 0
V1 0 (7690.00 168.83 1339.93): 0 3 2 12 11 32 8 7 5 4 0
V2 1 (7930.00 269.30 2153.58): 0 13 17 25 24 23 20 22 21 18 19 10 9 6 0
V3 1 (5800.00 156.43 256.48): 0 31 14 30 0
V4 -1 (0.00 0.00 -0.00): 0 0
841.45272988 -1179.53281814
0, 1, 15, 26, 27, 16, 28, 29, 4, 5, 6, 7, 9, 8, 32, 11, 2, 13, 17, 25, 24, 23, 20, 22, 21, 19, 18, 10, 12, 3, 30, 14, 31, 
V0 0 (7950.00 246.86 1038.10): 0 1 15 26 27 16 28 29 0
V1 0 (7820.00 169.81 1320.96): 0 4 5 6 7 9 8 32 11 2 0
V2 1 (7800.00 268.35 2172.52): 0 13 17 25 24 23 20 22 21 19 18 10 12 3 0
V3 1 (5800.00 156.43 256.48): 0 30 14 31 0
V4 -1 (0.00 0.00 -0.00): 0 0
841.55039530 -1193.95404015
0, 29, 16, 28, 27, 26, 15, 1, 3, 11, 32, 8, 9, 7, 6, 5, 4, 2, 12, 10, 18, 19, 21, 22, 20, 23, 24, 25, 17, 13, 30, 14, 31, 
V0 0 (7950.00 247.06 1037.90): 0 29 16 28 27 26 15 1 0
V1 0 (7820.00 170.09 1350.00): 0 3 11 32 8 9 7 6 5 4 0
V2 1 (7800.00 267.97 2143.58): 0 2 12 10 18 19 21 22 20 23 24 25 17 13 0
V3 1 (5800.00 156.43 256.48): 0 30 14 31 0
V4 -1 (0.00 0.00 -0.00): 0 0
841.62317614 -1188.91478322
0, 29, 16, 28, 27, 26, 15, 1, 3, 2, 12, 11, 32, 8, 7, 5, 4, 13, 17, 25, 24, 23, 20, 22, 21, 18, 19, 10, 9, 6, 30, 14, 31, 
V0 0 (7950.00 247.06 1037.90): 0 29 16 28 27 26 15 1 0
V1 0 (7690.00 168.83 1339.93): 0 3 2 12 11 32 8 7 5 4 0
V2 1 (7930.00 269.30 2153.58): 0 13 17 25 24 23 20 22 21 18 19 10 9 6 0
V3 1 (5800.00 156.43 256.48): 0 30 14 31 0
V4 -1 (0.00 0.00 -0.00): 0 0
841.64082629 -1186.45024209
0, 29, 28, 16, 27, 26, 15, 13, 3, 2, 12, 11, 32, 8, 9, 7, 4, 1, 17, 25, 24, 23, 22, 20, 21, 19, 18, 10, 6, 5, 30, 14, 31, 
V0 0 (7900.00 252.98 1218.12): 0 29 28 16 27 26 15 13 3 0
V1 0 (7850.00 167.72 1154.78): 0 2 12 11 32 8 9 7 4 0
V2 1 (7820.00 264.51 2158.49): 0 1 17 25 24 23 22 20 21 19 18 10 6 5 0
V3 1 (5800.00 156.43 256.48): 0 30 14 31 0
V4 -1 (0.00 0.00 -0.00): 0 0
841.70572322 -1193.72868833
0, 1, 15, 26, 27, 16, 28, 29, 4, 5, 6, 7, 8, 9, 32, 11, 3, 13, 17, 25, 24, 23, 22, 20, 21, 19, 18, 10, 12, 2, 30, 14, 31, 
V0 0 (7950.00 246.86 1038.10): 0 1 15 26 27 16 28 29 0
V1 0 (7820.00 170.74 1349.35): 0 4 5 6 7 8 9 32 11 3 0
V2 1 (7800.00 267.67 2143.87): 0 13 17 25 24 23 22 20 21 19 18 10 12 2 0
V3 1 (5800.00 156.43 256.48): 0 30 14 31 0
V4 -1 (0.00 0.00 -0.00): 0 0
841.80392417 -1190.28841155
0, 1, 15, 26, 27, 16, 28, 29, 3, 12, 11, 32, 8, 9, 7, 6, 4, 5, 10, 18, 19, 21, 20, 22, 23, 24, 25, 17, 13, 2, 30, 14, 31, 
V0 0 (7950.00 246.86 1038.10): 0 1 15 26 27 16 28 29 0
V1 0 (7930.00 169.46 1342.47): 0 3 12 11 32 8 9 7 6 4 0
V2 1 (7690.00 269.06 2150.65): 0 5 10 18 19 21 20 22 23 24 25 17 13 2 0
V3 1 (5800.00 156.43 256.48): 0 30 14 31 0
V4 -1 (0.00 0.00 -0.00): 0 0
841.90598924 -1193.62855532
0, 29, 16, 28, 27, 26, 15, 1, 4, 5, 6, 7, 8, 9, 32, 11, 3, 2, 12, 10, 18, 19, 21, 20, 22, 23, 24, 25, 17, 13, 31, 14, 30, 
V0 0 (7950.00 247.06 1037.90): 0 29 16 28 27 26 15 1 0
V1 0 (7820.00 170.74 1349.35): 0 4 5 6 7 8 9 32 11 3 0
V2 1 (7800.00 267.67 2143.87): 0 2 12 10 18 19 21 20 22 23 24 25 17 13 0
V3 1 (5800.00 156.43 256.48): 0 31 14 30 0
V4 -1 (0.00 0.00 -0.00): 0 0
841.97530525 -1190.20272101
0, 1, 15, 26, 27, 16, 28, 29, 3, 12, 11, 32, 8, 9, 6, 7, 4, 5, 10, 18, 19, 21, 20, 22, 23, 24, 25, 17, 13, 2, 30, 14, 31, 
V0 0 (7950.00 246.86 1038.10): 0 1 15 26 27 16 28 29 0
V1 0 (7930.00 169.63 1342.30): 0 3 12 11 32 8 9 6 7 4 0
V2 1 (7690.00 269.06 2150.65): 0 5 10 18 19 21 20 22 23 24 25 17 13 2 0
V3 1 (5800.00 156.43 256.48): 0 30 14 31 0
V4 -1 (0.00 0.00 -0.00): 0 0
842.00109895 -1193.72868833
0, 1, 15, 26, 27, 16, 28, 29, 4, 5, 6, 7, 8, 9, 32, 11, 3, 13, 17, 25, 24, 23, 20, 22, 21, 19, 18, 10, 12, 2, 30, 14, 31, 
V0 0 (7950.00 246.86 1038.10): 0 1 15 26 27 16 28 29 0
V1 0 (7820.00 170.74 1349.35): 0 4 5 6 7 8 9 32 11 3 0
V2 1 (7800.00 267.97 2143.58): 0 13 17 25 24 23 20 22 21 19 18 10 12 2 0
V3 1 (5800.00 156.43 256.48): 0 30 14 31 0
V4 -1 (0.00 0.00 -0.00): 0 0
842.00419020 -1190.18827854
0, 29, 16, 28, 27, 26, 15, 1, 3, 12, 11, 32, 8, 9, 7, 6, 4, 5, 10, 18, 19, 21, 20, 22, 23, 24, 25, 17, 13, 2, 30, 14, 31, 
V0 0 (7950.00 247.06 1037.90): 0 29 16 28 27 26 15 1 0
V1 0 (7930.00 169.46 1342.47): 0 3 12 11 32 8 9 7 6 4 0
V2 1 (7690.00 269.06 2150.65): 0 5 10 18 19 21 20 22 23 24 25 17 13 2 0
V3 1 (5800.00 156.43 256.48): 0 30 14 31 0
V4 -1 (0.00 0.00 -0.00): 0 0
842.06854564 -1188.60032442
0, 1, 15, 26, 27, 16, 28, 29, 3, 2, 12, 11, 32, 8, 6, 7, 4, 5, 9, 10, 18, 19, 21, 20, 22, 23, 24, 25, 17, 13, 14, 31, 30, 
V0 0 (7950.00 246.86 1038.10): 0 1 15 26 27 16 28 29 0
V1 0 (7730.00 168.45 1339.10): 0 3 2 12 11 32 8 6 7 4 0
V2 1 (7890.00 267.51 2156.58): 0 5 9 10 18 19 21 20 22 23 24 25 17 13 0
V3 1 (5800.00 159.25 253.66): 0 14 31 30 0
V4 -1 (0.00 0.00 -0.00): 0 0
842.07599828 -1188.59659810
0, 1, 15, 26, 27, 16, 28, 29, 3, 2, 12, 11, 32, 8, 7, 6, 4, 5, 9, 10, 18, 19, 21, 20, 22, 23, 24, 25, 17, 13, 14, 31, 30, 
V0 0 (7950.00 246.86 1038.10): 0 1 15 26 27 16 28 29 0
V1 0 (7730.00 168.46 1339.09): 0 3 2 12 11 32 8 7 6 4 0
V2 1 (7890.00 267.51 2156.58): 0 5 9 10 18 19 21 20 22 23 24 25 17 13 0
V3 1 (5800.00 159.25 253.66): 0 14 31 30 0
V4 -1 (0.00 0.00 -0.00): 0 0
842.09314920 -1190.28841155
0, 13, 17, 25, 24, 23, 22, 20, 21, 19, 18, 10, 5, 2, 30, 14, 31, 4, 6, 7, 9, 8, 32, 11, 12, 3, 1, 15, 26, 27, 16, 28, 29, 
V0 0 (7690.00 269.34 2150.36): 0 13 17 25 24 23 22 20 21 19 18 10 5 2 0
V1 0 (5800.00 156.43 256.48): 0 30 14 31 0
V2 1 (7930.00 169.46 1342.47): 0 4 6 7 9 8 32 11 12 3 0
V3 1 (7950.00 246.86 1038.10): 0 1 15 26 27 16 28 29 0
V4 -1 (0.00 0.00 -0.00): 0 0
842.09929990 -1190.28841155
0, 1, 15, 26, 27, 16, 28, 29, 3, 12, 11, 32, 8, 9, 7, 6, 4, 5, 10, 18, 19, 21, 22, 20, 23, 24, 25, 17, 13, 2, 31, 14, 30, 
V0 0 (7950.00 246.86 1038.10): 0 1 15 26 27 16 28 29 0
V1 0 (7930.00 169.46 1342.47): 0 3 12 11 32 8 9 7 6 4 0
V2 1 (7690.00 269.35 2150.36): 0 5 10 18 19 21 22 20 23 24 25 17 13 2 0
V3 1 (5800.00 156.43 256.48): 0 31 14 30 0
V4 -1 (0.00 0.00 -0.00): 0 0
842.10421036 -1194.05417317
0, 29, 28, 16, 27, 26, 15, 1, 4, 5, 6, 7, 9, 8, 32, 11, 3, 13, 17, 25, 24, 23, 20, 21, 22, 19, 18, 10, 12, 2, 31, 14, 30, 
V0 0 (7950.00 246.86 1038.10): 0 29 28 16 27 26 15 1 0
V1 0 (7820.00 170.09 1350.00): 0 4 5 6 7 9 8 32 11 3 0
V2 1 (7800.00 268.72 2142.82): 0 13 17 25 24 23 20 21 22 19 18 10 12 2 0
V3 1 (5800.00 156.43 256.48): 0 31 14 30 0
V4 -1 (0.00 0.00 -0.00): 0 0
842.16175686 -1190.70672968
0, 1, 15, 26, 27, 16, 28, 29, 3, 12, 11, 32, 8, 9, 7, 5, 4, 13, 17, 25, 24, 23, 22, 20, 21, 19, 18, 10, 6, 2, 30, 14, 31, 
V0 0 (7950.00 246.86 1038.10): 0 1 15 26 27 16 28 29 0
V1 0 (7890.00 169.83 1343.31): 0 3 12 11 32 8 9 7 5 4 0
V2 1 (7730.00 269.04 2149.46): 0 13 17 25 24 23 22 20 21 19 18 10 6 2 0
V3 1 (5800.00 156.43 256.48): 0 30 14 31 0
V4 -1 (0.00 0.00 -0.00): 0 0
842.17497674 -1193.49406157
0, 1, 15, 26, 27, 16, 28, 29, 3, 11, 32, 8, 9, 6, 7, 5, 4, 2, 12, 10, 18, 19, 21, 20, 22, 23, 24, 25, 17, 13, 30, 14, 31, 
V0 0 (7950.00 246.86 1038.10): 0 1 15 26 27 16 28 29 0
V1 0 (7820.00 171.21 1348.88): 0 3 11 32 8 9 6 7 5 4 0
V2 1 (7800.00 267.67 2143.87): 0 2 12 10 18 19 21 20 22 23 24 25 17 13 0
V3 1 (5800.00 156.43 256.48): 0 30 14 31 0
V4 -1 (0.00 0.00 -0.00): 0 0
842.17557127 -1190.10258800
0, 29, 16, 28, 27, 26, 15, 1, 3, 12, 11, 32, 8, 9, 6, 7, 4, 5, 10, 18, 19, 21, 20, 22, 23, 24, 25, 17, 13, 2, 30, 14, 31, 
V0 0 (7950.00 247.06 1037.90): 0 29 16 28 27 26 15 1 0
V1 0 (7930.00 169.63 1342.30): 0 3 12 11 32 8 9 6 7 4 0
V2 1 (7690.00 269.06 2150.65): 0 5 10 18 19 21 20 22 23 24 25 17 13 2 0
V3 1 (5800.00 156.43 256.48): 0 30 14 31 0
V4 -1 (0.00 0.00 -0.00): 0 0
842.20136497 -1193.62855532
0, 29, 16, 28, 27, 26, 15, 1, 4, 5, 6, 7, 8, 9, 32, 11, 3, 13, 17, 25, 24, 23, 20, 22, 21, 19, 18, 10, 12, 2, 30, 14, 31, 
V0 0 (7950.00 247.06 1037.90): 0 29 16 28 27 26 15 1 0
V1 0 (7820.00 170.74 1349.35): 0 4 5 6 7 8 9 32 11 3 0
V2 1 (7800.00 267.97 2143.58): 0 13 17 25 24 23 20 22 21 19 18 10 12 2 0
V3 1 (5800.00 156.43 256.48): 0 30 14 31 0
V4 -1 (0.00 0.00 -0.00): 0 0
842.21635879 -1190.70672968
0, 29, 28, 16, 27, 26, 15, 1, 3, 12, 11, 32, 8, 9, 7, 5, 4, 6, 10, 18, 19, 21, 20, 22, 23, 24, 25, 17, 13, 2, 30, 14, 31, 
V0 0 (7950.00 246.86 1038.10): 0 29 28 16 27 26 15 1 0
V1 0 (7890.00 169.83 1343.31): 0 3 12 11 32 8 9 7 5 4 0
V2 1 (7730.00 269.10 2149.40): 0 6 10 18 19 21 20 22 23 24 25 17 13 2 0
V3 1 (5800.00 156.43 256.48): 0 30 14 31 0
V4 -1 (0.00 0.00 -0.00): 0 0
842.26453028 -1190.20272101
0, 1, 15, 26, 27, 16, 28, 29, 3, 12, 11, 32, 8, 9, 6, 7, 4, 13, 17, 25, 24, 23, 22, 20, 21, 19, 18, 10, 5, 2, 30, 14, 31, 
V0 0 (7950.00 246.86 1038.10): 0 1 15 26 27 16 28 29 0
V1 0 (7930.00 169.63 1342.30): 0 3 12 11 32 8 9 6 7 4 0
V2 1 (7690.00 269.34 2150.36): 0 13 17 25 24 23 22 20 21 19 18 10 5 2 0
V3 1 (5800.00 156.43 256.48): 0 30 14 31 0
V4 -1 (0.00 0.00 -0.00): 0 0
842.26881167 -1188.50019141
0, 29, 16, 28, 27, 26, 15, 1, 3, 2, 12, 11, 32, 8, 6, 7, 4, 5, 9, 10, 18, 19, 21, 20, 22, 23, 24, 25, 17, 13, 14, 31, 30, 
V0 0 (7950.00 247.06 1037.90): 0 29 16 28 27 26 15 1 0
V1 0 (7730.00 168.45 1339.10): 0 3 2 12 11 32 8 6 7 4 0
V2 1 (7890.00 267.51 2156.58): 0 5 9 10 18 19 21 20 22 23 24 25 17 13 0
V3 1 (5800.00 159.25 253.66): 0 14 31 30 0
V4 -1 (0.00 0.00 -0.00): 0 0
842.27068097 -1190.20272101
0, 1, 15, 26, 27, 16, 28, 29, 3, 12, 11, 32, 8, 9, 6, 7, 4, 5, 10, 18, 19, 21, 22, 20, 23, 24, 25, 17, 13, 2, 30, 14, 31, 
V0 0 (7950.00 246.86 1038.10): 0 1 15 26 27 16 28 29 0
V1 0 (7930.00 169.63 1342.30): 0 3 12 11 32 8 9 6 7 4 0
V2 1 (7690.00 269.35 2150.36): 0 5 10 18 19 21 22 20 23 24 25 17 13 2 0
V3 1 (5800.00 156.43 256.48): 0 30 14 31 0
V4 -1 (0.00 0.00 -0.00): 0 0
842.28707447 -1192.31105942
0, 1, 15, 26, 27, 16, 28, 29, 3, 2, 11, 32, 8, 7, 6, 5, 4, 12, 9, 10, 18, 19, 21, 20, 22, 23, 24, 25, 17, 13, 31, 14, 30, 
V0 0 (7950.00 246.86 1038.10): 0 1 15 26 27 16 28 29 0
V1 0 (7620.00 169.20 1346.52): 0 3 2 11 32 8 7 6 5 4 0
V2 1 (8000.00 269.80 2146.12): 0 12 9 10 18 19 21 20 22 23 24 25 17 13 0
V3 1 (5800.00 156.43 256.48): 0 31 14 30 0
V4 -1 (0.00 0.00 -0.00): 0 0
842.29341523 -1190.18827854
0, 13, 17, 25, 24, 23, 22, 20, 21, 19, 18, 10, 5, 2, 30, 14, 31, 4, 6, 7, 9, 8, 32, 11, 12, 3, 1, 15, 26, 27, 28, 16, 29, 
V0 0 (7690.00 269.34 2150.36): 0 13 17 25 24 23 22 20 21 19 18 10 5 2 0
V1 0 (5800.00 156.43 256.48): 0 30 14 31 0
V2 1 (7930.00 169.46 1342.47): 0 4 6 7 9 8 32 11 12 3 0
V3 1 (7950.00 247.06 1037.90): 0 1 15 26 27 28 16 29 0
V4 -1 (0.00 0.00 -0.00): 0 0
842.30447638 -1193.95404015
0, 29, 16, 28, 27, 26, 15, 1, 4, 5, 6, 7, 9, 8, 32, 11, 3, 13, 17, 25, 24, 23, 20, 21, 22, 19, 18, 10, 12, 2, 30, 14, 31, 
V0 0 (7950.00 247.06 1037.90): 0 29 16 28 27 26 15 1 0
V1 0 (7820.00 170.09 1350.00): 0 4 5 6 7 9 8 32 11 3 0
V2 1 (7800.00 268.72 2142.82): 0 13 17 25 24 23 20 21 22 19 18 10 12 2 0
V3 1 (5800.00 156.43 256.48): 0 30 14 31 0
V4 -1 (0.00 0.00 -0.00): 0 0
842.36202289 -1190.60659667
0, 29, 16, 28, 27, 26, 15, 1, 3, 12, 11, 32, 8, 9, 7, 5, 4, 13, 17, 25, 24, 23, 22, 20, 21, 19, 18, 10, 6, 2, 30, 14, 31, 
V0 0 (7950.00 247.06 1037.90): 0 29 16 28 27 26 15 1 0
V1 0 (7890.00 169.83 1343.31): 0 3 12 11 32 8 9 7 5 4 0
V2 1 (7730.00 269.04 2149.46): 0 13 17 25 24 23 22 20 21 19 18 10 6 2 0
V3 1 (5800.00 156.43 256.48): 0 30 14 31 0
V4 -1 (0.00 0.00 -0.00): 0 0
842.37524277 -1193.39392856
0, 29, 16, 28, 27, 26, 15, 1, 3, 11, 32, 8, 9, 6, 7, 5, 4, 2, 12, 10, 18, 19, 21, 20, 22, 23, 24, 25, 17, 13, 30, 14, 31, 
V0 0 (7950.00 247.06 1037.90): 0 29 16 28 27 26 15 1 0
V1 0 (7820.00 171.21 1348.88): 0 3 11 32 8 9 6 7 5 4 0
V2 1 (7800.00 267.67 2143.87): 0 2 12 10 18 19 21 20 22 23 24 25 17 13 0
V3 1 (5800.00 156.43 256.48): 0 30 14 31 0
V4 -1 (0.00 0.00 -0.00): 0 0
842.38852493 -1190.28841155
0, 1, 15, 26, 27, 16, 28, 29, 3, 12, 11, 32, 8, 9, 7, 6, 4, 13, 17, 25, 24, 23, 20, 22, 21, 19, 18, 10, 5, 2, 31, 14, 30, 
V0 0 (7950.00 246.86 1038.10): 0 1 15 26 27 16 28 29 0
V1 0 (7930.00 169.46 1342.47): 0 3 12 11 32 8 9 7 6 4 0
V2 1 (7690.00 269.64 2150.07): 0 13 17 25 24 23 20 22 21 19 18 10 5 2 0
V3 1 (5800.00 156.43 256.48): 0 31 14 30 0
V4 -1 (0.00 0.00 -0.00): 0 0
842.41662482 -1190.60659667
0, 29, 16, 28, 27, 26, 15, 1, 3, 12, 11, 32, 8, 9, 7, 5, 4, 6, 10, 18, 19, 21, 20, 22, 23, 24, 25, 17, 13, 2, 30, 14, 31, 
V0 0 (7950.00 247.06 1037.90): 0 29 16 28 27 26 15 1 0
V1 0 (7890.00 169.83 1343.31): 0 3 12 11 32 8 9 7 5 4 0
V2 1 (7730.00 269.10 2149.40): 0 6 10 18 19 21 20 22 23 24 25 17 13 2 0
V3 1 (5800.00 156.43 256.48): 0 30 14 31 0
V4 -1 (0.00 0.00 -0.00): 0 0
842.45713259 -1190.70672968
0, 1, 15, 26, 27, 16, 28, 29, 3, 12, 11, 32, 8, 9, 7, 5, 4, 13, 17, 25, 24, 23, 20, 22, 21, 19, 18, 10, 6, 2, 30, 14, 31, 
V0 0 (7950.00 246.86 1038.10): 0 1 15 26 27 16 28 29 0
V1 0 (7890.00 169.83 1343.31): 0 3 12 11 32 8 9 7 5 4 0
V2 1 (7730.00 269.34 2149.16): 0 13 17 25 24 23 20 22 21 19 18 10 6 2 0
V3 1 (5800.00 156.43 256.48): 0 30 14 31 0
V4 -1 (0.00 0.00 -0.00): 0 0
842.47035247 -1193.49406157
0, 29, 28, 16, 27, 26, 15, 1, 3, 11, 32, 8, 9, 6, 7, 5, 4, 2, 12, 10, 18, 19, 21, 22, 20, 23, 24, 25, 17, 13, 30, 14, 31, 
V0 0 (7950.00 246.86 1038.10): 0 29 28 16 27 26 15 1 0
V1 0 (7820.00 171.21 1348.88): 0 3 11 32 8 9 6 7 5 4 0
V2 1 (7800.00 267.97 2143.58): 0 2 12 10 18 19 21 22 20 23 24 25 17 13 0
V3 1 (5800.00 156.43 256.48): 0 30 14 31 0
V4 -1 (0.00 0.00 -0.00): 0 0
842.48734050 -1192.21092640
0, 29, 16, 28, 27, 26, 15, 1, 3, 2, 11, 32, 8, 7, 6, 5, 4, 12, 9, 10, 18, 19, 21, 20, 22, 23, 24, 25, 17, 13, 31, 14, 30, 
V0 0 (7950.00 247.06 1037.90): 0 29 16 28 27 26 15 1 0
V1 0 (7620.00 169.20 1346.52): 0 3 2 11 32 8 7 6 5 4 0
V2 1 (8000.00 269.80 2146.12): 0 12 9 10 18 19 21 20 22 23 24 25 17 13 0
V3 1 (5800.00 156.43 256.48): 0 31 14 30 0
V4 -1 (0.00 0.00 -0.00): 0 0
842.51173452 -1190.70672968
0, 29, 28, 16, 27, 26, 15, 1, 3, 12, 11, 32, 8, 9, 7, 5, 4, 6, 10, 18, 19, 21, 22, 20, 23, 24, 25, 17, 13, 2, 30, 14, 31, 
V0 0 (7950.00 246.86 1038.10): 0 29 28 16 27 26 15 1 0
V1 0 (7890.00 169.83 1343.31): 0 3 12 11 32 8 9 7 5 4 0
V2 1 (7730.00 269.39 2149.11): 0 6 10 18 19 21 22 20 23 24 25 17 13 2 0
V3 1 (5800.00 156.43 256.48): 0 30 14 31 0
V4 -1 (0.00 0.00 -0.00): 0 0
842.53003981 -1194.05417317
0, 29, 28, 16, 27, 26, 15, 1, 3, 11, 32, 8, 9, 7, 6, 5, 4, 13, 17, 25, 24, 23, 22, 20, 21, 18, 19, 10, 12, 2, 31, 14, 30, 
V0 0 (7950.00 246.86 1038.10): 0 29 28 16 27 26 15 1 0
V1 0 (7820.00 170.09 1350.00): 0 3 11 32 8 9 7 6 5 4 0
V2 1 (7800.00 269.15 2142.40): 0 13 17 25 24 23 22 20 21 18 19 10 12 2 0
V3 1 (5800.00 156.43 256.48): 0 31 14 30 0
V4 -1 (0.00 0.00 -0.00): 0 0
842.55990601 -1190.20272101
0, 29, 28, 16, 27, 26, 15, 1, 3, 12, 11, 32, 8, 9, 6, 7, 4, 13, 17, 25, 24, 23, 20, 22, 21, 19, 18, 10, 5, 2, 30, 14, 31, 
V0 0 (7950.00 246.86 1038.10): 0 29 28 16 27 26 15 1 0
V1 0 (7930.00 169.63 1342.30): 0 3 12 11 32 8 9 6 7 4 0
V2 1 (7690.00 269.64 2150.07): 0 13 17 25 24 23 20 22 21 19 18 10 5 2 0
V3 1 (5800.00 156.43 256.48): 0 30 14 31 0
V4 -1 (0.00 0.00 -0.00): 0 0
842.58245020 -1192.31105942
0, 1, 15, 26, 27, 16, 28, 29, 3, 2, 11, 32, 8, 7, 6, 5, 4, 12, 9, 10, 18, 19, 21, 22, 20, 23, 24, 25, 17, 13, 31, 14, 30, 
V0 0 (7950.00 246.86 1038.10): 0 1 15 26 27 16 28 29 0
V1 0 (7620.00 169.20 1346.52): 0 3 2 11 32 8 7 6 5 4 0
V2 1 (8000.00 270.10 2145.83): 0 12 9 10 18 19 21 22 20 23 24 25 17 13 0
V3 1 (5800.00 156.43 256.48): 0 31 14 30 0
V4 -1 (0.00 0.00 -0.00): 0 0
842.64711269 -1193.25799359
0, 29, 28, 16, 27, 26, 15, 1, 4, 5, 7, 6, 8, 9, 32, 11, 3, 2, 12, 10, 18, 19, 21, 20, 22, 23, 24, 25, 17, 13, 30, 14, 31, 
V0 0 (7950.00 246.86 1038.10): 0 29 28 16 27 26 15 1 0
V1 0 (7820.00 171.68 1348.41): 0 4 5 7 6 8 9 32 11 3 0
V2 1 (7800.00 267.67 2143.87): 0 2 12 10 18 19 21 20 22 23 24 25 17 13 0
V3 1 (5800.00 156.43 256.48): 0 30 14 31 0
V4 -1 (0.00 0.00 -0.00): 0 0
842.65739861 -1190.60659667
0, 29, 16, 28, 27, 26, 15, 1, 3, 12, 11, 32, 8, 9, 7, 5, 4, 13, 17, 25, 24, 23, 20, 22, 21, 19, 18, 10, 6, 2, 30, 14, 31, 
V0 0 (7950.00 247.06 1037.90): 0 29 16 28 27 26 15 1 0
V1 0 (7890.00 169.83 1343.31): 0 3 12 11 32 8 9 7 5 4 0
V2 1 (7730.00 269.34 2149.16): 0 13 17 25 24 23 20 22 21 19 18 10 6 2 0
V3 1 (5800.00 156.43 256.48): 0 30 14 31 0
V4 -1 (0.00 0.00 -0.00): 0 0
842.67061849 -1193.39392856
0, 29, 16, 28, 27, 26, 15, 1, 3, 11, 32, 8, 9, 6, 7, 5, 4, 2, 12, 10, 18, 19, 21, 22, 20, 23, 24, 25, 17, 13, 30, 14, 31, 
V0 0 (7950.00 247.06 1037.90): 0 29 16 28 27 26 15 1 0
V1 0 (7820.00 171.21 1348.88): 0 3 11 32 8 9 6 7 5 4 0
V2 1 (7800.00 267.97 2143.58): 0 2 12 10 18 19 21 22 20 23 24 25 17 13 0
V3 1 (5800.00 156.43 256.48): 0 30 14 31 0
V4 -1 (0.00 0.00 -0.00): 0 0
842.73030584 -1193.95404015
0, 29, 16, 28, 27, 26, 15, 1, 3, 11, 32, 8, 9, 7, 6, 5, 4, 13, 17, 25, 24, 23, 22, 20, 21, 18, 19, 10, 12, 2, 31, 14, 30, 
V0 0 (7950.00 247.06 1037.90): 0 29 16 28 27 26 15 1 0
V1 0 (7820.00 170.09 1350.00): 0 3 11 32 8 9 7 6 5 4 0
V2 1 (7800.00 269.15 2142.40): 0 13 17 25 24 23 22 20 21 18 19 10 12 2 0
V3 1 (5800.00 156.43 256.48): 0 31 14 30 0
V4 -1 (0.00 0.00 -0.00): 0 0
842.75518003 -1193.72868833
0, 1, 15, 26, 27, 16, 28, 29, 4, 5, 6, 7, 8, 9, 32, 11, 3, 13, 17, 25, 24, 23, 20, 21, 22, 19, 18, 10, 12, 2, 30, 14, 31, 
V0 0 (7950.00 246.86 1038.10): 0 1 15 26 27 16 28 29 0
V1 0 (7820.00 170.74 1349.35): 0 4 5 6 7 8 9 32 11 3 0
V2 1 (7800.00 268.72 2142.82): 0 13 17 25 24 23 20 21 22 19 18 10 12 2 0
V3 1 (5800.00 156.43 256.48): 0 30 14 31 0
V4 -1 (0.00 0.00 -0.00): 0 0
842.78271623 -1192.21092640
0, 29, 16, 28, 27, 26, 15, 1, 3, 2, 11, 32, 8, 7, 6, 5, 4, 12, 9, 10, 18, 19, 21, 22, 20, 23, 24, 25, 17, 13, 31, 14, 30, 
V0 0 (7950.00 247.06 1037.90): 0 29 16 28 27 26 15 1 0
V1 0 (7620.00 169.20 1346.52): 0 3 2 11 32 8 7 6 5 4 0
V2 1 (8000.00 270.10 2145.83): 0 12 9 10 18 19 21 22 20 23 24 25 17 13 0
V3 1 (5800.00 156.43 256.48): 0 31 14 30 0
V4 -1 (0.00 0.00 -0.00): 0 0
842.82541554 -1194.05417317
0, 1, 15, 26, 27, 16, 28, 29, 4, 5, 6, 7, 9, 8, 32, 11, 3, 13, 17, 25, 24, 23, 20, 22, 21, 18, 19, 10, 12, 2, 30, 14, 31, 
V0 0 (7950.00 246.86 1038.10): 0 1 15 26 27 16 28 29 0
V1 0 (7820.00 170.09 1350.00): 0 4 5 6 7 9 8 32 11 3 0
V2 1 (7800.00 269.44 2142.10): 0 13 17 25 24 23 20 22 21 18 19 10 12 2 0
V3 1 (5800.00 156.43 256.48): 0 30 14 31 0
V4 -1 (0.00 0.00 -0.00): 0 0
842.84737872 -1193.15786058
0, 29, 16, 28, 27, 26, 15, 1, 4, 5, 7, 6, 8, 9, 32, 11, 3, 2, 12, 10, 18, 19, 21, 20, 22, 23, 24, 25, 17, 13, 30, 14, 31, 
V0 0 (7950.00 247.06 1037.90): 0 29 16 28 27 26 15 1 0
V1 0 (7820.00 171.68 1348.41): 0 4 5 7 6 8 9 32 11 3 0
V2 1 (7800.00 267.67 2143.87): 0 2 12 10 18 19 21 20 22 23 24 25 17 13 0
V3 1 (5800.00 156.43 256.48): 0 30 14 31 0
V4 -1 (0.00 0.00 -0.00): 0 0
842.94248842 -1193.25799359
0, 29, 28, 16, 27, 26, 15, 1, 4, 5, 7, 6, 8, 9, 32, 11, 3, 13, 17, 25, 24, 23, 20, 22, 21, 19, 18, 10, 12, 2, 30, 14, 31, 
V0 0 (7950.00 246.86 1038.10): 0 29 28 16 27 26 15 1 0
V1 0 (7820.00 171.68 1348.41): 0 4 5 7 6 8 9 32 11 3 0
V2 1 (7800.00 267.97 2143.58): 0 13 17 25 24 23 20 22 21 19 18 10 12 2 0
V3 1 (5800.00 156.43 256.48): 0 30 14 31 0
V4 -1 (0.00 0.00 -0.00): 0 0
842.95544605 -1193.62855532
0, 29, 16, 28, 27, 26, 15, 1, 4, 5, 6, 7, 8, 9, 32, 11, 3, 13, 17, 25, 24, 23, 20, 21, 22, 19, 18, 10, 12, 2, 30, 14, 31, 
V0 0 (7950.00 247.06 1037.90): 0 29 16 28 27 26 15 1 0
V1 0 (7820.00 170.74 1349.35): 0 4 5 6 7 8 9 32 11 3 0
V2 1 (7800.00 268.72 2142.82): 0 13 17 25 24 23 20 21 22 19 18 10 12 2 0
V3 1 (5800.00 156.43 256.48): 0 30 14 31 0
V4 -1 (0.00 0.00 -0.00): 0 0
843.02568156 -1193.95404015
0, 29, 16, 28, 27, 26, 15, 1, 4, 5, 6, 7, 9, 8, 32, 11, 3, 13, 17, 25, 24, 23, 20, 22, 21, 18, 19, 10, 12, 2, 30, 14, 31, 
V0 0 (7950.00 247.06 1037.90): 0 29 16 28 27 26 15 1 0
V1 0 (7820.00 170.09 1350.00): 0 4 5 6 7 9 8 32 11 3 0
V2 1 (7800.00 269.44 2142.10): 0 13 17 25 24 23 20 22 21 18 19 10 12 2 0
V3 1 (5800.00 156.43 256.48): 0 30 14 31 0
V4 -1 (0.00 0.00 -0.00): 0 0
843.14275445 -1193.15786058
0, 29, 16, 28, 27, 26, 15, 1, 4, 5, 7, 6, 8, 9, 32, 11, 3, 13, 17, 25, 24, 23, 20, 22, 21, 19, 18, 10, 12, 2, 30, 14, 31, 
V0 0 (7950.00 247.06 1037.90): 0 29 16 28 27 26 15 1 0
V1 0 (7820.00 171.68 1348.41): 0 4 5 7 6 8 9 32 11 3 0
V2 1 (7800.00 267.97 2143.58): 0 13 17 25 24 23 20 22 21 19 18 10 12 2 0
V3 1 (5800.00 156.43 256.48): 0 30 14 31 0
V4 -1 (0.00 0.00 -0.00): 0 0
843.18100948 -1193.72868833
0, 29, 28, 16, 27, 26, 15, 1, 4, 5, 6, 7, 8, 9, 32, 11, 3, 13, 17, 25, 24, 23, 22, 20, 21, 18, 19, 10, 12, 2, 31, 14, 30, 
V0 0 (7950.00 246.86 1038.10): 0 29 28 16 27 26 15 1 0
V1 0 (7820.00 170.74 1349.35): 0 4 5 6 7 8 9 32 11 3 0
V2 1 (7800.00 269.15 2142.40): 0 13 17 25 24 23 22 20 21 18 19 10 12 2 0
V3 1 (5800.00 156.43 256.48): 0 31 14 30 0
V4 -1 (0.00 0.00 -0.00): 0 0
843.22443355 -1193.49406157
0, 29, 28, 16, 27, 26, 15, 1, 3, 11, 32, 8, 9, 6, 7, 5, 4, 13, 17, 25, 24, 23, 20, 21, 22, 19, 18, 10, 12, 2, 30, 14, 31, 
V0 0 (7950.00 246.86 1038.10): 0 29 28 16 27 26 15 1 0
V1 0 (7820.00 171.21 1348.88): 0 3 11 32 8 9 6 7 5 4 0
V2 1 (7800.00 268.72 2142.82): 0 13 17 25 24 23 20 21 22 19 18 10 12 2 0
V3 1 (5800.00 156.43 256.48): 0 30 14 31 0
V4 -1 (0.00 0.00 -0.00): 0 0
843.38127551 -1193.62855532
0, 29, 16, 28, 27, 26, 15, 1, 4, 5, 6, 7, 8, 9, 32, 11, 3, 13, 17, 25, 24, 23, 22, 20, 21, 18, 19, 10, 12, 2, 31, 14, 30, 
V0 0 (7950.00 247.06 1037.90): 0 29 16 28 27 26 15 1 0
V1 0 (7820.00 170.74 1349.35): 0 4 5 6 7 8 9 32 11 3 0
V2 1 (7800.00 269.15 2142.40): 0 13 17 25 24 23 22 20 21 18 19 10 12 2 0
V3 1 (5800.00 156.43 256.48): 0 31 14 30 0
V4 -1 (0.00 0.00 -0.00): 0 0
843.38279100 -1194.05417317
0, 2, 13, 17, 25, 24, 23, 22, 20, 21, 19, 18, 10, 12, 31, 14, 30, 4, 5, 6, 7, 9, 8, 32, 11, 3, 1, 15, 26, 27, 16, 28, 29, 
V0 0 (7800.00 270.00 2141.54): 0 2 13 17 25 24 23 22 20 21 19 18 10 12 0
V1 0 (5800.00 156.43 256.48): 0 31 14 30 0
V2 1 (7820.00 170.09 1350.00): 0 4 5 6 7 9 8 32 11 3 0
V3 1 (7950.00 246.86 1038.10): 0 1 15 26 27 16 28 29 0
V4 -1 (0.00 0.00 -0.00): 0 0
843.42469958 -1193.39392856
0, 29, 16, 28, 27, 26, 15, 1, 3, 11, 32, 8, 9, 6, 7, 5, 4, 13, 17, 25, 24, 23, 20, 21, 22, 19, 18, 10, 12, 2, 30, 14, 31, 
V0 0 (7950.00 247.06 1037.90): 0 29 16 28 27 26 15 1 0
V1 0 (7820.00 171.21 1348.88): 0 3 11 32 8 9 6 7 5 4 0
V2 1 (7800.00 268.72 2142.82): 0 13 17 25 24 23 20 21 22 19 18 10 12 2 0
V3 1 (5800.00 156.43 256.48): 0 30 14 31 0
V4 -1 (0.00 0.00 -0.00): 0 0
843.47638521 -1193.72868833
0, 1, 15, 26, 27, 16, 28, 29, 4, 5, 6, 7, 8, 9, 32, 11, 3, 13, 17, 25, 24, 23, 20, 22, 21, 18, 19, 10, 12, 2, 31, 14, 30, 
V0 0 (7950.00 246.86 1038.10): 0 1 15 26 27 16 28 29 0
V1 0 (7820.00 170.74 1349.35): 0 4 5 6 7 8 9 32 11 3 0
V2 1 (7800.00 269.44 2142.10): 0 13 17 25 24 23 20 22 21 18 19 10 12 2 0
V3 1 (5800.00 156.43 256.48): 0 31 14 30 0
V4 -1 (0.00 0.00 -0.00): 0 0
843.58305702 -1193.95404015
0, 29, 16, 28, 27, 26, 15, 1, 4, 5, 6, 7, 9, 8, 32, 11, 3, 12, 10, 18, 19, 21, 20, 22, 23, 24, 25, 17, 13, 2, 30, 14, 31, 
V0 0 (7950.00 247.06 1037.90): 0 29 16 28 27 26 15 1 0
V1 0 (7820.00 170.09 1350.00): 0 4 5 6 7 9 8 32 11 3 0
V2 1 (7800.00 270.00 2141.54): 0 12 10 18 19 21 20 22 23 24 25 17 13 2 0
V3 1 (5800.00 156.43 256.48): 0 30 14 31 0
V4 -1 (0.00 0.00 -0.00): 0 0
843.65026300 -1193.49406157
0, 29, 28, 16, 27, 26, 15, 1, 3, 11, 32, 8, 9, 6, 7, 5, 4, 13, 17, 25, 24, 23, 22, 20, 21, 18, 19, 10, 12, 2, 31, 14, 30, 
V0 0 (7950.00 246.86 1038.10): 0 29 28 16 27 26 15 1 0
V1 0 (7820.00 171.21 1348.88): 0 3 11 32 8 9 6 7 5 4 0
V2 1 (7800.00 269.15 2142.40): 0 13 17 25 24 23 22 20 21 18 19 10 12 2 0
V3 1 (5800.00 156.43 256.48): 0 31 14 30 0
V4 -1 (0.00 0.00 -0.00): 0 0
843.67665123 -1193.62855532
0, 29, 16, 28, 27, 26, 15, 1, 4, 5, 6, 7, 8, 9, 32, 11, 3, 13, 17, 25, 24, 23, 20, 22, 21, 18, 19, 10, 12, 2, 31, 14, 30, 
V0 0 (7950.00 247.06 1037.90): 0 29 16 28 27 26 15 1 0
V1 0 (7820.00 170.74 1349.35): 0 4 5 6 7 8 9 32 11 3 0
V2 1 (7800.00 269.44 2142.10): 0 13 17 25 24 23 20 22 21 18 19 10 12 2 0
V3 1 (5800.00 156.43 256.48): 0 31 14 30 0
V4 -1 (0.00 0.00 -0.00): 0 0
843.67816673 -1194.05417317
0, 29, 28, 16, 27, 26, 15, 1, 4, 5, 6, 7, 9, 8, 32, 11, 3, 12, 10, 18, 19, 21, 22, 20, 23, 24, 25, 17, 13, 2, 31, 14, 30, 
V0 0 (7950.00 246.86 1038.10): 0 29 28 16 27 26 15 1 0
V1 0 (7820.00 170.09 1350.00): 0 4 5 6 7 9 8 32 11 3 0
V2 1 (7800.00 270.29 2141.25): 0 12 10 18 19 21 22 20 23 24 25 17 13 2 0
V3 1 (5800.00 156.43 256.48): 0 31 14 30 0
V4 -1 (0.00 0.00 -0.00): 0 0
843.69533026 -1195.62860949
0, 18, 19, 21, 20, 22, 23, 24, 25, 17, 14, 30, 31, 13, 11, 12, 2, 1, 15, 26, 27, 16, 28, 29, 4, 7, 8, 9, 10, 32, 6, 5, 3, 
V0 0 (7850.00 259.39 1700.45): 0 18 19 21 20 22 23 24 25 17 14 0
V1 0 (6500.00 164.39 694.11): 0 30 31 13 11 12 2 0
V2 1 (7950.00 246.86 1038.10): 0 1 15 26 27 16 28 29 0
V3 1 (7070.00 173.06 1353.15): 0 4 7 8 9 10 32 6 5 3 0
V4 -1 (0.00 0.00 -0.00): 0 0
843.69656950 -1193.25799359
0, 29, 28, 16, 27, 26, 15, 1, 4, 5, 7, 6, 8, 9, 32, 11, 3, 13, 17, 25, 24, 23, 20, 21, 22, 19, 18, 10, 12, 2, 30, 14, 31, 
V0 0 (7950.00 246.86 1038.10): 0 29 28 16 27 26 15 1 0
V1 0 (7820.00 171.68 1348.41): 0 4 5 7 6 8 9 32 11 3 0
V2 1 (7800.00 268.72 2142.82): 0 13 17 25 24 23 20 21 22 19 18 10 12 2 0
V3 1 (5800.00 156.43 256.48): 0 30 14 31 0
V4 -1 (0.00 0.00 -0.00): 0 0
843.78294878 -1194.05417317
0, 1, 15, 26, 27, 16, 28, 29, 4, 5, 6, 7, 9, 8, 32, 11, 3, 2, 12, 13, 17, 25, 24, 23, 22, 20, 21, 19, 18, 10, 31, 14, 30, 
V0 0 (7950.00 246.86 1038.10): 0 1 15 26 27 16 28 29 0
V1 0 (7820.00 170.09 1350.00): 0 4 5 6 7 9 8 32 11 3 0
V2 1 (7800.00 270.40 2141.14): 0 2 12 13 17 25 24 23 22 20 21 19 18 10 0
V3 1 (5800.00 156.43 256.48): 0 31 14 30 0
V4 -1 (0.00 0.00 -0.00): 0 0
843.85052903 -1193.39392856
0, 29, 16, 28, 27, 26, 15, 1, 3, 11, 32, 8, 9, 6, 7, 5, 4, 13, 17, 25, 24, 23, 22, 20, 21, 18, 19, 10, 12, 2, 30, 14, 31, 
V0 0 (7950.00 247.06 1037.90): 0 29 16 28 27 26 15 1 0
V1 0 (7820.00 171.21 1348.88): 0 3 11 32 8 9 6 7 5 4 0
V2 1 (7800.00 269.15 2142.40): 0 13 17 25 24 23 22 20 21 18 19 10 12 2 0
V3 1 (5800.00 156.43 256.48): 0 30 14 31 0
V4 -1 (0.00 0.00 -0.00): 0 0
843.87393104 -1194.05417317
0, 1, 15, 26, 27, 16, 28, 29, 4, 5, 6, 7, 9, 8, 32, 11, 3, 2, 12, 10, 18, 19, 21, 20, 22, 23, 24, 25, 17, 13, 30, 31, 14, 
V0 0 (7950.00 246.86 1038.10): 0 1 15 26 27 16 28 29 0
V1 0 (7820.00 170.09 1350.00): 0 4 5 6 7 9 8 32 11 3 0
V2 1 (7800.00 267.67 2143.87): 0 2 12 10 18 19 21 20 22 23 24 25 17 13 0
V3 1 (5800.00 159.25 253.66): 0 30 31 14 0
V4 -1 (0.00 0.00 -0.00): 0 0
843.87843275 -1193.95404015
0, 29, 16, 28, 27, 26, 15, 1, 4, 5, 6, 7, 9, 8, 32, 11, 3, 12, 10, 18, 19, 21, 22, 20, 23, 24, 25, 17, 13, 2, 31, 14, 30, 
V0 0 (7950.00 247.06 1037.90): 0 29 16 28 27 26 15 1 0
V1 0 (7820.00 170.09 1350.00): 0 4 5 6 7 9 8 32 11 3 0
V2 1 (7800.00 270.29 2141.25): 0 12 10 18 19 21 22 20 23 24 25 17 13 2 0
V3 1 (5800.00 156.43 256.48): 0 31 14 30 0
V4 -1 (0.00 0.00 -0.00): 0 0
844.07832451 -1194.05417317
0, 1, 15, 26, 27, 16, 28, 29, 4, 5, 6, 7, 9, 8, 32, 11, 3, 2, 12, 13, 17, 25, 24, 23, 20, 22, 21, 19, 18, 10, 31, 14, 30, 
V0 0 (7950.00 246.86 1038.10): 0 1 15 26 27 16 28 29 0
V1 0 (7820.00 170.09 1350.00): 0 4 5 6 7 9 8 32 11 3 0
V2 1 (7800.00 270.69 2140.85): 0 2 12 13 17 25 24 23 20 22 21 19 18 10 0
V3 1 (5800.00 156.43 256.48): 0 31 14 30 0
V4 -1 (0.00 0.00 -0.00): 0 0
844.18524672 -1195.38365126
0, 30, 31, 13, 11, 12, 2, 14, 17, 25, 24, 23, 22, 20, 21, 19, 18, 1, 15, 26, 27, 16, 28, 29, 3, 32, 10, 9, 8, 7, 6, 5, 4, 
V0 0 (6500.00 164.39 694.11): 0 30 31 13 11 12 2 0
V1 0 (7850.00 259.39 1700.45): 0 14 17 25 24 23 22 20 21 19 18 0
V2 1 (7950.00 246.86 1038.10): 0 1 15 26 27 16 28 29 0
V3 1 (7070.00 173.55 1352.66): 0 3 32 10 9 8 7 6 5 4 0
V4 -1 (0.00 0.00 -0.00): 0 0
848.81262254 -1194.43445582
0, 29, 28, 16, 27, 26, 17, 13, 3, 2, 12, 11, 32, 8, 7, 5, 4, 15, 25, 24, 23, 22, 20, 21, 19, 18, 10, 9, 6, 30, 31, 14, 1, 
V0 0 (7600.00 253.68 1048.94): 0 29 28 16 27 26 17 13 0
V1 0 (7690.00 168.83 1339.93): 0 3 2 12 11 32 8 7 5 4 0
V2 1 (7580.00 264.99 2003.71): 0 15 25 24 23 22 20 21 19 18 10 9 6 0
V3 1 (6500.00 161.32 388.12): 0 30 31 14 1 0
V4 -1 (0.00 0.00 -0.00): 0 0
849.14022130 -1194.12858988
0, 29, 28, 16, 27, 26, 17, 13, 3, 2, 12, 11, 32, 9, 7, 6, 4, 15, 25, 24, 23, 22, 20, 21, 19, 18, 10, 8, 5, 30, 31, 14, 1, 
V0 0 (7600.00 253.68 1048.94): 0 29 28 16 27 26 17 13 0
V1 0 (7430.00 169.81 1339.31): 0 3 2 12 11 32 9 7 6 4 0
V2 1 (7840.00 264.33 2003.99): 0 15 25 24 23 22 20 21 19 18 10 8 5 0
V3 1 (6500.00 161.32 388.12): 0 30 31 14 1 0
V4 -1 (0.00 0.00 -0.00): 0 0
849.15067013 -1194.05547476
0, 29, 28, 16, 27, 26, 17, 13, 3, 2, 11, 32, 8, 9, 7, 5, 4, 1, 15, 25, 24, 23, 22, 20, 21, 19, 18, 10, 6, 12, 30, 14, 31, 
V0 0 (8000.00 256.19 1231.00): 0 29 28 16 27 26 17 13 3 0
V1 0 (7740.00 169.40 1161.26): 0 2 11 32 8 9 7 5 4 0
V2 1 (7830.00 267.13 2131.63): 0 1 15 25 24 23 22 20 21 19 18 10 6 12 0
V3 1 (5800.00 156.43 256.48): 0 30 14 31 0
V4 -1 (0.00 0.00 -0.00): 0 0
849.28079658 -1194.40872967
0, 3, 13, 17, 26, 27, 16, 28, 29, 2, 11, 32, 8, 9, 7, 6, 4, 1, 15, 25, 24, 23, 22, 20, 21, 19, 18, 10, 5, 12, 30, 14, 31, 
V0 0 (8000.00 256.19 1231.00): 0 3 13 17 26 27 16 28 29 0
V1 0 (7780.00 169.03 1160.42): 0 2 11 32 8 9 7 6 4 0
V2 1 (7790.00 267.63 2132.33): 0 1 15 25 24 23 22 20 21 19 18 10 5 12 0
V3 1 (5800.00 156.43 256.48): 0 30 14 31 0
V4 -1 (0.00 0.00 -0.00): 0 0
849.35093615 -1194.05547476
0, 29, 16, 28, 27, 26, 17, 13, 3, 2, 11, 32, 8, 9, 7, 5, 4, 1, 15, 25, 24, 23, 22, 20, 21, 19, 18, 10, 6, 12, 30, 14, 31, 
V0 0 (8000.00 256.39 1230.80): 0 29 16 28 27 26 17 13 3 0
V1 0 (7740.00 169.40 1161.26): 0 2 11 32 8 9 7 5 4 0
V2 1 (7830.00 267.13 2131.63): 0 1 15 25 24 23 22 20 21 19 18 10 6 12 0
V3 1 (5800.00 156.43 256.48): 0 30 14 31 0
V4 -1 (0.00 0.00 -0.00): 0 0
849.36331733 -1194.05547476
0, 2, 13, 17, 26, 27, 16, 28, 29, 3, 11, 32, 8, 9, 7, 5, 4, 1, 15, 25, 24, 23, 22, 20, 21, 19, 18, 10, 6, 12, 30, 14, 31, 
V0 0 (8000.00 256.12 1201.74): 0 2 13 17 26 27 16 28 29 0
V1 0 (7740.00 169.68 1190.30): 0 3 11 32 8 9 7 5 4 0
V2 1 (7830.00 267.13 2131.63): 0 1 15 25 24 23 22 20 21 19 18 10 6 12 0
V3 1 (5800.00 156.43 256.48): 0 30 14 31 0
V4 -1 (0.00 0.00 -0.00): 0 0
849.45217765 -1194.40872967
0, 3, 13, 17, 26, 27, 16, 28, 29, 2, 11, 32, 8, 9, 6, 7, 4, 31, 14, 30, 12, 5, 10, 18, 19, 21, 20, 22, 23, 24, 25, 15, 1, 
V0 0 (8000.00 256.19 1231.00): 0 3 13 17 26 27 16 28 29 0
V1 0 (7780.00 169.21 1160.25): 0 2 11 32 8 9 6 7 4 0
V2 1 (5800.00 156.43 256.48): 0 31 14 30 0
V3 1 (7790.00 267.63 2132.33): 0 12 5 10 18 19 21 20 22 23 24 25 15 1 0
V4 -1 (0.00 0.00 -0.00): 0 0
849.49344378 -1194.40872967
0, 2, 13, 17, 26, 27, 16, 28, 29, 3, 11, 32, 8, 9, 7, 6, 4, 31, 14, 30, 12, 5, 10, 18, 19, 21, 20, 22, 23, 24, 25, 15, 1, 
V0 0 (8000.00 256.12 1201.74): 0 2 13 17 26 27 16 28 29 0
V1 0 (7780.00 169.31 1189.46): 0 3 11 32 8 9 7 6 4 0
V2 1 (5800.00 156.43 256.48): 0 31 14 30 0
V3 1 (7790.00 267.63 2132.33): 0 12 5 10 18 19 21 20 22 23 24 25 15 1 0
V4 -1 (0.00 0.00 -0.00): 0 0
849.51068320 -1194.54690801
0, 3, 2, 12, 11, 32, 9, 7, 5, 4, 29, 28, 16, 27, 26, 17, 13, 15, 25, 24, 23, 22, 20, 21, 19, 18, 10, 8, 6, 1, 14, 31, 30, 
V0 0 (7390.00 170.18 1340.15): 0 3 2 12 11 32 9 7 5 4 0
V1 0 (7600.00 253.68 1048.94): 0 29 28 16 27 26 17 13 0
V2 1 (7880.00 264.33 2002.79): 0 15 25 24 23 22 20 21 19 18 10 8 6 0
V3 1 (6500.00 161.32 388.12): 0 1 14 31 30 0
V4 -1 (0.00 0.00 -0.00): 0 0
849.55299391 -1194.95391166
0, 15, 17, 26, 27, 16, 28, 29, 4, 5, 6, 7, 8, 9, 10, 32, 2, 13, 25, 24, 23, 22, 20, 21, 19, 18, 11, 12, 3, 30, 31, 14, 1, 
V0 0 (7800.00 251.41 1067.32): 0 15 17 26 27 16 28 29 0
V1 0 (7070.00 174.30 1322.59): 0 4 5 6 7 8 9 10 32 2 0
V2 1 (8000.00 262.53 2001.93): 0 13 25 24 23 22 20 21 19 18 11 12 3 0
V3 1 (6500.00 161.32 388.12): 0 30 31 14 1 0
V4 -1 (0.00 0.00 -0.00): 0 0
849.56358335 -1194.05547476
0, 29, 16, 28, 27, 26, 17, 13, 2, 3, 11, 32, 8, 9, 7, 5, 4, 1, 15, 25, 24, 23, 22, 20, 21, 19, 18, 10, 6, 12, 30, 14, 31, 
V0 0 (8000.00 256.32 1201.54): 0 29 16 28 27 26 17 13 2 0
V1 0 (7740.00 169.68 1190.30): 0 3 11 32 8 9 7 5 4 0
V2 1 (7830.00 267.13 2131.63): 0 1 15 25 24 23 22 20 21 19 18 10 6 12 0
V3 1 (5800.00 156.43 256.48): 0 30 14 31 0
V4 -1 (0.00 0.00 -0.00): 0 0
850.00182678 -1194.80357510
0, 3, 12, 11, 13, 1, 31, 30, 14, 25, 24, 23, 22, 20, 21, 19, 18, 15, 17, 26, 27, 16, 28, 29, 4, 5, 6, 7, 8, 9, 10, 32, 2, 
V0 0 (7200.00 165.75 858.60): 0 3 12 11 13 1 31 30 0
V1 0 (7300.00 258.54 1531.01): 0 14 25 24 23 22 20 21 19 18 0
V2 1 (7800.00 251.41 1067.32): 0 15 17 26 27 16 28 29 0
V3 1 (7070.00 174.30 1322.59): 0 4 5 6 7 8 9 10 32 2 0
V4 -1 (0.00 0.00 -0.00): 0 0
850.25648371 -1194.14017706
0, 15, 17, 26, 27, 16, 28, 29, 4, 5, 6, 7, 9, 8, 32, 11, 2, 13, 1, 25, 24, 23, 22, 20, 21, 19, 18, 10, 12, 3, 31, 14, 30, 
V0 0 (7800.00 251.41 1067.32): 0 15 17 26 27 16 28 29 0
V1 0 (7820.00 169.81 1320.96): 0 4 5 6 7 9 8 32 11 2 0
V2 1 (7950.00 272.60 2134.50): 0 13 1 25 24 23 22 20 21 19 18 10 12 3 0
V3 1 (5800.00 156.43 256.48): 0 31 14 30 0
V4 -1 (0.00 0.00 -0.00): 0 0
850.55185944 -1194.14017706
0, 15, 17, 26, 27, 16, 28, 29, 4, 5, 6, 7, 9, 8, 32, 11, 2, 13, 1, 25, 24, 23, 20, 22, 21, 19, 18, 10, 12, 3, 31, 14, 30, 
V0 0 (7800.00 251.41 1067.32): 0 15 17 26 27 16 28 29 0
V1 0 (7820.00 169.81 1320.96): 0 4 5 6 7 9 8 32 11 2 0
V2 1 (7950.00 272.90 2134.20): 0 13 1 25 24 23 20 22 21 19 18 10 12 3 0
V3 1 (5800.00 156.43 256.48): 0 31 14 30 0
V4 -1 (0.00 0.00 -0.00): 0 0
851.03607685 -1194.21237019
0, 15, 17, 26, 27, 16, 28, 29, 4, 7, 8, 9, 10, 32, 6, 5, 2, 13, 25, 24, 23, 22, 20, 21, 19, 18, 11, 12, 3, 1, 14, 31, 30, 
V0 0 (7800.00 251.41 1067.32): 0 15 17 26 27 16 28 29 0
V1 0 (7070.00 175.78 1321.11): 0 4 7 8 9 10 32 6 5 2 0
V2 1 (8000.00 262.53 2001.93): 0 13 25 24 23 22 20 21 19 18 11 12 3 0
V3 1 (6500.00 161.32 388.12): 0 1 14 31 30 0
V4 -1 (0.00 0.00 -0.00): 0 0
851.48490972 -1194.21237019
0, 3, 12, 11, 13, 1, 31, 30, 14, 25, 24, 23, 22, 20, 21, 19, 18, 15, 17, 26, 27, 16, 28, 29, 4, 7, 8, 9, 10, 32, 6, 5, 2, 
V0 0 (7200.00 165.75 858.60): 0 3 12 11 13 1 31 30 0
V1 0 (7300.00 258.54 1531.01): 0 14 25 24 23 22 20 21 19 18 0
V2 1 (7800.00 251.41 1067.32): 0 15 17 26 27 16 28 29 0
V3 1 (7070.00 175.78 1321.11): 0 4 7 8 9 10 32 6 5 2 0
V4 -1 (0.00 0.00 -0.00): 0 0
851.73176998 -1194.14017706
0, 15, 17, 26, 27, 16, 28, 29, 4, 5, 6, 7, 9, 8, 32, 11, 2, 13, 1, 25, 24, 23, 22, 20, 21, 18, 19, 10, 12, 3, 31, 14, 30, 
V0 0 (7800.00 251.41 1067.32): 0 15 17 26 27 16 28 29 0
V1 0 (7820.00 169.81 1320.96): 0 4 5 6 7 9 8 32 11 2 0
V2 1 (7950.00 274.08 2133.02): 0 13 1 25 24 23 22 20 21 18 19 10 12 3 0
V3 1 (5800.00 156.43 256.48): 0 31 14 30 0
V4 -1 (0.00 0.00 -0.00): 0 0
852.16719168 -1194.12858988
0, 29, 28, 16, 27, 26, 17, 13, 3, 2, 12, 11, 32, 9, 7, 6, 4, 15, 25, 24, 23, 22, 20, 21, 19, 18, 10, 8, 5, 30, 1, 14, 31, 
V0 0 (7600.00 253.68 1048.94): 0 29 28 16 27 26 17 13 0
V1 0 (7430.00 169.81 1339.31): 0 3 2 12 11 32 9 7 6 4 0
V2 1 (7840.00 264.33 2003.99): 0 15 25 24 23 22 20 21 19 18 10 8 5 0
V3 1 (6500.00 164.35 385.10): 0 30 1 14 31 0
V4 -1 (0.00 0.00 -0.00): 0 0
852.23981497 -1194.11691994
0, 29, 28, 16, 27, 26, 17, 13, 3, 11, 32, 10, 8, 7, 6, 5, 4, 1, 15, 25, 24, 23, 22, 20, 21, 19, 18, 9, 12, 2, 31, 14, 30, 
V0 0 (7600.00 253.68 1048.94): 0 29 28 16 27 26 17 13 0
V1 0 (7970.00 174.40 1339.29): 0 3 11 32 10 8 7 6 5 4 0
V2 1 (8000.00 267.73 2132.56): 0 1 15 25 24 23 22 20 21 19 18 9 12 2 0
V3 1 (5800.00 156.43 256.48): 0 31 14 30 0
V4 -1 (0.00 0.00 -0.00): 0 0
